{"/workspace/src/app.js": {"path":"/workspace/src/app.js","statementMap":{"0":{"start":{"line":1,"column":0},"end":{"line":1,"column":27}},"1":{"start":{"line":3,"column":16},"end":{"line":3,"column":34}},"2":{"start":{"line":4,"column":13},"end":{"line":4,"column":28}},"3":{"start":{"line":5,"column":15},"end":{"line":5,"column":34}},"4":{"start":{"line":6,"column":25},"end":{"line":6,"column":62}},"5":{"start":{"line":7,"column":26},"end":{"line":7,"column":64}},"6":{"start":{"line":9,"column":12},"end":{"line":9,"column":21}},"7":{"start":{"line":12,"column":0},"end":{"line":12,"column":24}},"8":{"start":{"line":13,"column":0},"end":{"line":13,"column":59}},"9":{"start":{"line":14,"column":0},"end":{"line":14,"column":23}},"10":{"start":{"line":17,"column":0},"end":{"line":20,"column":3}},"11":{"start":{"line":18,"column":4},"end":{"line":18,"column":62}},"12":{"start":{"line":19,"column":4},"end":{"line":19,"column":11}},"13":{"start":{"line":23,"column":0},"end":{"line":23,"column":24}},"14":{"start":{"line":26,"column":0},"end":{"line":28,"column":3}},"15":{"start":{"line":27,"column":4},"end":{"line":27,"column":66}},"16":{"start":{"line":31,"column":0},"end":{"line":34,"column":3}},"17":{"start":{"line":32,"column":4},"end":{"line":32,"column":67}},"18":{"start":{"line":33,"column":4},"end":{"line":33,"column":55}},"19":{"start":{"line":37,"column":0},"end":{"line":37,"column":22}},"20":{"start":{"line":39,"column":0},"end":{"line":39,"column":21}}},"fnMap":{"0":{"name":"(anonymous_0)","decl":{"start":{"line":17,"column":8},"end":{"line":17,"column":9}},"loc":{"start":{"line":17,"column":28},"end":{"line":20,"column":1}},"line":17},"1":{"name":"(anonymous_1)","decl":{"start":{"line":26,"column":13},"end":{"line":26,"column":14}},"loc":{"start":{"line":26,"column":27},"end":{"line":28,"column":1}},"line":26},"2":{"name":"(anonymous_2)","decl":{"start":{"line":31,"column":8},"end":{"line":31,"column":9}},"loc":{"start":{"line":31,"column":22},"end":{"line":34,"column":1}},"line":31}},"branchMap":{},"s":{"0":0,"1":0,"2":0,"3":0,"4":0,"5":0,"6":0,"7":0,"8":0,"9":0,"10":0,"11":0,"12":0,"13":0,"14":0,"15":0,"16":0,"17":0,"18":0,"19":0,"20":0},"f":{"0":0,"1":0,"2":0},"b":{}}
,"/workspace/src/server.js": {"path":"/workspace/src/server.js","statementMap":{"0":{"start":{"line":1,"column":13},"end":{"line":1,"column":28}},"1":{"start":{"line":2,"column":19},"end":{"line":2,"column":39}},"2":{"start":{"line":3,"column":12},"end":{"line":3,"column":28}},"3":{"start":{"line":4,"column":22},"end":{"line":4,"column":56}},"4":{"start":{"line":5,"column":15},"end":{"line":5,"column":41}},"5":{"start":{"line":6,"column":22},"end":{"line":6,"column":50}},"6":{"start":{"line":7,"column":25},"end":{"line":7,"column":50}},"7":{"start":{"line":10,"column":4},"end":{"line":39,"column":5}},"8":{"start":{"line":12,"column":23},"end":{"line":12,"column":45}},"9":{"start":{"line":15,"column":19},"end":{"line":15,"column":37}},"10":{"start":{"line":18,"column":8},"end":{"line":18,"column":26}},"11":{"start":{"line":19,"column":8},"end":{"line":19,"column":29}},"12":{"start":{"line":22,"column":8},"end":{"line":22,"column":26}},"13":{"start":{"line":25,"column":21},"end":{"line":25,"column":45}},"14":{"start":{"line":26,"column":8},"end":{"line":28,"column":11}},"15":{"start":{"line":27,"column":12},"end":{"line":27,"column":61}},"16":{"start":{"line":31,"column":8},"end":{"line":35,"column":11}},"17":{"start":{"line":32,"column":12},"end":{"line":32,"column":73}},"18":{"start":{"line":33,"column":12},"end":{"line":33,"column":57}},"19":{"start":{"line":34,"column":12},"end":{"line":34,"column":28}},"20":{"start":{"line":37,"column":8},"end":{"line":37,"column":55}},"21":{"start":{"line":38,"column":8},"end":{"line":38,"column":24}},"22":{"start":{"line":43,"column":0},"end":{"line":46,"column":3}},"23":{"start":{"line":44,"column":4},"end":{"line":44,"column":47}},"24":{"start":{"line":45,"column":4},"end":{"line":45,"column":20}},"25":{"start":{"line":48,"column":0},"end":{"line":51,"column":3}},"26":{"start":{"line":49,"column":4},"end":{"line":49,"column":48}},"27":{"start":{"line":50,"column":4},"end":{"line":50,"column":20}},"28":{"start":{"line":53,"column":0},"end":{"line":53,"column":14}}},"fnMap":{"0":{"name":"startServer","decl":{"start":{"line":9,"column":15},"end":{"line":9,"column":26}},"loc":{"start":{"line":9,"column":29},"end":{"line":40,"column":1}},"line":9},"1":{"name":"(anonymous_1)","decl":{"start":{"line":26,"column":28},"end":{"line":26,"column":29}},"loc":{"start":{"line":26,"column":34},"end":{"line":28,"column":9}},"line":26},"2":{"name":"(anonymous_2)","decl":{"start":{"line":31,"column":30},"end":{"line":31,"column":31}},"loc":{"start":{"line":31,"column":42},"end":{"line":35,"column":9}},"line":31},"3":{"name":"(anonymous_3)","decl":{"start":{"line":43,"column":32},"end":{"line":43,"column":33}},"loc":{"start":{"line":43,"column":43},"end":{"line":46,"column":1}},"line":43},"4":{"name":"(anonymous_4)","decl":{"start":{"line":48,"column":33},"end":{"line":48,"column":34}},"loc":{"start":{"line":48,"column":44},"end":{"line":51,"column":1}},"line":48}},"branchMap":{"0":{"loc":{"start":{"line":25,"column":21},"end":{"line":25,"column":45}},"type":"binary-expr","locations":[{"start":{"line":25,"column":21},"end":{"line":25,"column":37}},{"start":{"line":25,"column":41},"end":{"line":25,"column":45}}],"line":25}},"s":{"0":0,"1":0,"2":0,"3":0,"4":0,"5":0,"6":0,"7":0,"8":0,"9":0,"10":0,"11":0,"12":0,"13":0,"14":0,"15":0,"16":0,"17":0,"18":0,"19":0,"20":0,"21":0,"22":0,"23":0,"24":0,"25":0,"26":0,"27":0,"28":0},"f":{"0":0,"1":0,"2":0,"3":0,"4":0},"b":{"0":[0,0]}}
,"/workspace/src/config/database.js": {"path":"/workspace/src/config/database.js","statementMap":{"0":{"start":{"line":1,"column":17},"end":{"line":1,"column":36}},"1":{"start":{"line":2,"column":15},"end":{"line":2,"column":34}},"2":{"start":{"line":5,"column":4},"end":{"line":14,"column":5}},"3":{"start":{"line":6,"column":8},"end":{"line":9,"column":11}},"4":{"start":{"line":10,"column":8},"end":{"line":10,"column":44}},"5":{"start":{"line":12,"column":8},"end":{"line":12,"column":55}},"6":{"start":{"line":13,"column":8},"end":{"line":13,"column":18}},"7":{"start":{"line":17,"column":0},"end":{"line":19,"column":2}}},"fnMap":{"0":{"name":"connectDB","decl":{"start":{"line":4,"column":15},"end":{"line":4,"column":24}},"loc":{"start":{"line":4,"column":27},"end":{"line":15,"column":1}},"line":4}},"branchMap":{},"s":{"0":0,"1":0,"2":0,"3":0,"4":0,"5":0,"6":0,"7":0},"f":{"0":0},"b":{}}
,"/workspace/src/config/logger.js": {"path":"/workspace/src/config/logger.js","statementMap":{"0":{"start":{"line":1,"column":16},"end":{"line":1,"column":34}},"1":{"start":{"line":3,"column":15},"end":{"line":13,"column":2}},"2":{"start":{"line":16,"column":0},"end":{"line":23,"column":1}},"3":{"start":{"line":17,"column":4},"end":{"line":22,"column":8}},"4":{"start":{"line":25,"column":0},"end":{"line":25,"column":24}}},"fnMap":{},"branchMap":{"0":{"loc":{"start":{"line":16,"column":0},"end":{"line":23,"column":1}},"type":"if","locations":[{"start":{"line":16,"column":0},"end":{"line":23,"column":1}},{"start":{},"end":{}}],"line":16}},"s":{"0":1,"1":1,"2":1,"3":1,"4":1},"f":{},"b":{"0":[1,0]},"_coverageSchema":"1a1c01bbd47fc00a2c39e90264f33305004495a9","hash":"98ae534aee966bc6e6fa39a96ee6bd7311a66f87"}
,"/workspace/src/config/redis.js": {"path":"/workspace/src/config/redis.js","statementMap":{"0":{"start":{"line":1,"column":25},"end":{"line":1,"column":41}},"1":{"start":{"line":2,"column":15},"end":{"line":2,"column":34}},"2":{"start":{"line":8,"column":4},"end":{"line":10,"column":7}},"3":{"start":{"line":12,"column":4},"end":{"line":12,"column":46}},"4":{"start":{"line":15,"column":4},"end":{"line":15,"column":74}},"5":{"start":{"line":16,"column":4},"end":{"line":16,"column":38}},"6":{"start":{"line":19,"column":4},"end":{"line":21,"column":7}},"7":{"start":{"line":20,"column":8},"end":{"line":20,"column":42}},"8":{"start":{"line":23,"column":4},"end":{"line":25,"column":7}},"9":{"start":{"line":24,"column":8},"end":{"line":24,"column":53}},"10":{"start":{"line":29,"column":4},"end":{"line":29,"column":30}},"11":{"start":{"line":30,"column":4},"end":{"line":30,"column":34}},"12":{"start":{"line":33,"column":0},"end":{"line":38,"column":2}},"13":{"start":{"line":36,"column":21},"end":{"line":36,"column":32}},"14":{"start":{"line":37,"column":25},"end":{"line":37,"column":40}}},"fnMap":{"0":{"name":"connectRedis","decl":{"start":{"line":7,"column":15},"end":{"line":7,"column":27}},"loc":{"start":{"line":7,"column":30},"end":{"line":26,"column":1}},"line":7},"1":{"name":"(anonymous_1)","decl":{"start":{"line":19,"column":28},"end":{"line":19,"column":29}},"loc":{"start":{"line":19,"column":37},"end":{"line":21,"column":5}},"line":19},"2":{"name":"(anonymous_2)","decl":{"start":{"line":23,"column":32},"end":{"line":23,"column":33}},"loc":{"start":{"line":23,"column":41},"end":{"line":25,"column":5}},"line":23},"3":{"name":"disconnect","decl":{"start":{"line":28,"column":15},"end":{"line":28,"column":25}},"loc":{"start":{"line":28,"column":28},"end":{"line":31,"column":1}},"line":28},"4":{"name":"(anonymous_4)","decl":{"start":{"line":36,"column":15},"end":{"line":36,"column":16}},"loc":{"start":{"line":36,"column":21},"end":{"line":36,"column":32}},"line":36},"5":{"name":"(anonymous_5)","decl":{"start":{"line":37,"column":19},"end":{"line":37,"column":20}},"loc":{"start":{"line":37,"column":25},"end":{"line":37,"column":40}},"line":37}},"branchMap":{"0":{"loc":{"start":{"line":9,"column":13},"end":{"line":9,"column":58}},"type":"binary-expr","locations":[{"start":{"line":9,"column":13},"end":{"line":9,"column":34}},{"start":{"line":9,"column":38},"end":{"line":9,"column":58}}],"line":9}},"s":{"0":1,"1":1,"2":0,"3":0,"4":0,"5":0,"6":0,"7":0,"8":0,"9":0,"10":0,"11":0,"12":1,"13":0,"14":0},"f":{"0":0,"1":0,"2":0,"3":0,"4":0,"5":0},"b":{"0":[0,0]},"_coverageSchema":"1a1c01bbd47fc00a2c39e90264f33305004495a9","hash":"3d29ff9aedb181dbd6de0cad01ae43ec5ee10972"}
,"/workspace/src/controllers/actorController.js": {"path":"/workspace/src/controllers/actorController.js","statementMap":{"0":{"start":{"line":1,"column":14},"end":{"line":1,"column":40}},"1":{"start":{"line":2,"column":15},"end":{"line":2,"column":42}},"2":{"start":{"line":5,"column":4},"end":{"line":13,"column":5}},"3":{"start":{"line":6,"column":23},"end":{"line":8,"column":30}},"4":{"start":{"line":9,"column":8},"end":{"line":9,"column":25}},"5":{"start":{"line":11,"column":8},"end":{"line":11,"column":54}},"6":{"start":{"line":12,"column":8},"end":{"line":12,"column":65}},"7":{"start":{"line":17,"column":4},"end":{"line":25,"column":5}},"8":{"start":{"line":18,"column":23},"end":{"line":20,"column":30}},"9":{"start":{"line":21,"column":8},"end":{"line":21,"column":25}},"10":{"start":{"line":23,"column":8},"end":{"line":23,"column":54}},"11":{"start":{"line":24,"column":8},"end":{"line":24,"column":65}},"12":{"start":{"line":29,"column":4},"end":{"line":65,"column":5}},"13":{"start":{"line":30,"column":74},"end":{"line":30,"column":82}},"14":{"start":{"line":32,"column":8},"end":{"line":34,"column":9}},"15":{"start":{"line":33,"column":12},"end":{"line":33,"column":78}},"16":{"start":{"line":36,"column":26},"end":{"line":42,"column":9}},"17":{"start":{"line":45,"column":8},"end":{"line":59,"column":9}},"18":{"start":{"line":47,"column":12},"end":{"line":51,"column":14}},"19":{"start":{"line":52,"column":12},"end":{"line":54,"column":13}},"20":{"start":{"line":53,"column":16},"end":{"line":53,"column":74}},"21":{"start":{"line":57,"column":12},"end":{"line":57,"column":41}},"22":{"start":{"line":58,"column":12},"end":{"line":58,"column":31}},"23":{"start":{"line":61,"column":8},"end":{"line":61,"column":24}},"24":{"start":{"line":63,"column":8},"end":{"line":63,"column":51}},"25":{"start":{"line":64,"column":8},"end":{"line":64,"column":62}},"26":{"start":{"line":69,"column":4},"end":{"line":78,"column":5}},"27":{"start":{"line":70,"column":22},"end":{"line":70,"column":66}},"28":{"start":{"line":71,"column":8},"end":{"line":73,"column":9}},"29":{"start":{"line":72,"column":12},"end":{"line":72,"column":70}},"30":{"start":{"line":74,"column":8},"end":{"line":74,"column":60}},"31":{"start":{"line":76,"column":8},"end":{"line":76,"column":53}},"32":{"start":{"line":77,"column":8},"end":{"line":77,"column":64}},"33":{"start":{"line":81,"column":0},"end":{"line":86,"column":2}}},"fnMap":{"0":{"name":"getActors","decl":{"start":{"line":4,"column":15},"end":{"line":4,"column":24}},"loc":{"start":{"line":4,"column":35},"end":{"line":14,"column":1}},"line":4},"1":{"name":"getPublicActors","decl":{"start":{"line":16,"column":15},"end":{"line":16,"column":30}},"loc":{"start":{"line":16,"column":41},"end":{"line":26,"column":1}},"line":16},"2":{"name":"createOrUpdateActor","decl":{"start":{"line":28,"column":15},"end":{"line":28,"column":34}},"loc":{"start":{"line":28,"column":45},"end":{"line":66,"column":1}},"line":28},"3":{"name":"deleteActor","decl":{"start":{"line":68,"column":15},"end":{"line":68,"column":26}},"loc":{"start":{"line":68,"column":37},"end":{"line":79,"column":1}},"line":68}},"branchMap":{"0":{"loc":{"start":{"line":32,"column":8},"end":{"line":34,"column":9}},"type":"if","locations":[{"start":{"line":32,"column":8},"end":{"line":34,"column":9}},{"start":{},"end":{}}],"line":32},"1":{"loc":{"start":{"line":32,"column":12},"end":{"line":32,"column":33}},"type":"binary-expr","locations":[{"start":{"line":32,"column":12},"end":{"line":32,"column":17}},{"start":{"line":32,"column":21},"end":{"line":32,"column":33}}],"line":32},"2":{"loc":{"start":{"line":45,"column":8},"end":{"line":59,"column":9}},"type":"if","locations":[{"start":{"line":45,"column":8},"end":{"line":59,"column":9}},{"start":{"line":55,"column":15},"end":{"line":59,"column":9}}],"line":45},"3":{"loc":{"start":{"line":52,"column":12},"end":{"line":54,"column":13}},"type":"if","locations":[{"start":{"line":52,"column":12},"end":{"line":54,"column":13}},{"start":{},"end":{}}],"line":52},"4":{"loc":{"start":{"line":71,"column":8},"end":{"line":73,"column":9}},"type":"if","locations":[{"start":{"line":71,"column":8},"end":{"line":73,"column":9}},{"start":{},"end":{}}],"line":71}},"s":{"0":0,"1":0,"2":0,"3":0,"4":0,"5":0,"6":0,"7":0,"8":0,"9":0,"10":0,"11":0,"12":0,"13":0,"14":0,"15":0,"16":0,"17":0,"18":0,"19":0,"20":0,"21":0,"22":0,"23":0,"24":0,"25":0,"26":0,"27":0,"28":0,"29":0,"30":0,"31":0,"32":0,"33":0},"f":{"0":0,"1":0,"2":0,"3":0},"b":{"0":[0,0],"1":[0,0],"2":[0,0],"3":[0,0],"4":[0,0]}}
,"/workspace/src/controllers/authController.js": {"path":"/workspace/src/controllers/authController.js","statementMap":{"0":{"start":{"line":1,"column":12},"end":{"line":1,"column":35}},"1":{"start":{"line":2,"column":13},"end":{"line":2,"column":38}},"2":{"start":{"line":3,"column":25},"end":{"line":3,"column":60}},"3":{"start":{"line":4,"column":23},"end":{"line":4,"column":53}},"4":{"start":{"line":5,"column":15},"end":{"line":5,"column":42}},"5":{"start":{"line":8,"column":25},"end":{"line":8,"column":83}},"6":{"start":{"line":8,"column":31},"end":{"line":8,"column":83}},"7":{"start":{"line":11,"column":4},"end":{"line":45,"column":5}},"8":{"start":{"line":12,"column":26},"end":{"line":12,"column":34}},"9":{"start":{"line":13,"column":8},"end":{"line":13,"column":60}},"10":{"start":{"line":16,"column":25},"end":{"line":16,"column":43}},"11":{"start":{"line":17,"column":26},"end":{"line":17,"column":63}},"12":{"start":{"line":20,"column":8},"end":{"line":20,"column":54}},"13":{"start":{"line":23,"column":8},"end":{"line":30,"column":10}},"14":{"start":{"line":33,"column":8},"end":{"line":39,"column":9}},"15":{"start":{"line":34,"column":12},"end":{"line":34,"column":48}},"16":{"start":{"line":35,"column":12},"end":{"line":35,"column":61}},"17":{"start":{"line":37,"column":12},"end":{"line":37,"column":62}},"18":{"start":{"line":38,"column":12},"end":{"line":38,"column":72}},"19":{"start":{"line":41,"column":8},"end":{"line":41,"column":58}},"20":{"start":{"line":43,"column":8},"end":{"line":43,"column":44}},"21":{"start":{"line":44,"column":8},"end":{"line":44,"column":67}},"22":{"start":{"line":49,"column":4},"end":{"line":99,"column":5}},"23":{"start":{"line":50,"column":32},"end":{"line":50,"column":40}},"24":{"start":{"line":51,"column":8},"end":{"line":51,"column":59}},"25":{"start":{"line":53,"column":21},"end":{"line":53,"column":50}},"26":{"start":{"line":55,"column":8},"end":{"line":57,"column":9}},"27":{"start":{"line":56,"column":12},"end":{"line":56,"column":70}},"28":{"start":{"line":59,"column":8},"end":{"line":61,"column":9}},"29":{"start":{"line":60,"column":12},"end":{"line":60,"column":67}},"30":{"start":{"line":63,"column":8},"end":{"line":65,"column":9}},"31":{"start":{"line":64,"column":12},"end":{"line":64,"column":67}},"32":{"start":{"line":68,"column":8},"end":{"line":68,"column":34}},"33":{"start":{"line":71,"column":8},"end":{"line":73,"column":9}},"34":{"start":{"line":72,"column":12},"end":{"line":72,"column":47}},"35":{"start":{"line":75,"column":8},"end":{"line":75,"column":26}},"36":{"start":{"line":78,"column":22},"end":{"line":86,"column":9}},"37":{"start":{"line":88,"column":8},"end":{"line":95,"column":11}},"38":{"start":{"line":97,"column":8},"end":{"line":97,"column":53}},"39":{"start":{"line":98,"column":8},"end":{"line":98,"column":66}},"40":{"start":{"line":102,"column":0},"end":{"line":105,"column":2}}},"fnMap":{"0":{"name":"(anonymous_0)","decl":{"start":{"line":8,"column":25},"end":{"line":8,"column":26}},"loc":{"start":{"line":8,"column":31},"end":{"line":8,"column":83}},"line":8},"1":{"name":"login","decl":{"start":{"line":10,"column":15},"end":{"line":10,"column":20}},"loc":{"start":{"line":10,"column":31},"end":{"line":46,"column":1}},"line":10},"2":{"name":"authenticate","decl":{"start":{"line":48,"column":15},"end":{"line":48,"column":27}},"loc":{"start":{"line":48,"column":38},"end":{"line":100,"column":1}},"line":48}},"branchMap":{"0":{"loc":{"start":{"line":55,"column":8},"end":{"line":57,"column":9}},"type":"if","locations":[{"start":{"line":55,"column":8},"end":{"line":57,"column":9}},{"start":{},"end":{}}],"line":55},"1":{"loc":{"start":{"line":55,"column":12},"end":{"line":55,"column":58}},"type":"binary-expr","locations":[{"start":{"line":55,"column":12},"end":{"line":55,"column":17}},{"start":{"line":55,"column":21},"end":{"line":55,"column":35}},{"start":{"line":55,"column":39},"end":{"line":55,"column":58}}],"line":55},"2":{"loc":{"start":{"line":59,"column":8},"end":{"line":61,"column":9}},"type":"if","locations":[{"start":{"line":59,"column":8},"end":{"line":61,"column":9}},{"start":{},"end":{}}],"line":59},"3":{"loc":{"start":{"line":63,"column":8},"end":{"line":65,"column":9}},"type":"if","locations":[{"start":{"line":63,"column":8},"end":{"line":65,"column":9}},{"start":{},"end":{}}],"line":63},"4":{"loc":{"start":{"line":71,"column":8},"end":{"line":73,"column":9}},"type":"if","locations":[{"start":{"line":71,"column":8},"end":{"line":73,"column":9}},{"start":{},"end":{}}],"line":71}},"s":{"0":0,"1":0,"2":0,"3":0,"4":0,"5":0,"6":0,"7":0,"8":0,"9":0,"10":0,"11":0,"12":0,"13":0,"14":0,"15":0,"16":0,"17":0,"18":0,"19":0,"20":0,"21":0,"22":0,"23":0,"24":0,"25":0,"26":0,"27":0,"28":0,"29":0,"30":0,"31":0,"32":0,"33":0,"34":0,"35":0,"36":0,"37":0,"38":0,"39":0,"40":0},"f":{"0":0,"1":0,"2":0},"b":{"0":[0,0],"1":[0,0,0],"2":[0,0],"3":[0,0],"4":[0,0]}}
,"/workspace/src/controllers/characterController.js": {"path":"/workspace/src/controllers/characterController.js","statementMap":{"0":{"start":{"line":1,"column":13},"end":{"line":1,"column":38}},"1":{"start":{"line":2,"column":15},"end":{"line":2,"column":42}},"2":{"start":{"line":5,"column":24},"end":{"line":17,"column":1}},"3":{"start":{"line":20,"column":4},"end":{"line":22,"column":5}},"4":{"start":{"line":21,"column":8},"end":{"line":21,"column":60}},"5":{"start":{"line":24,"column":28},"end":{"line":24,"column":59}},"6":{"start":{"line":25,"column":25},"end":{"line":25,"column":94}},"7":{"start":{"line":26,"column":22},"end":{"line":26,"column":52}},"8":{"start":{"line":27,"column":28},"end":{"line":27,"column":56}},"9":{"start":{"line":28,"column":23},"end":{"line":28,"column":85}},"10":{"start":{"line":30,"column":4},"end":{"line":34,"column":6}},"11":{"start":{"line":38,"column":4},"end":{"line":64,"column":5}},"12":{"start":{"line":39,"column":31},"end":{"line":39,"column":39}},"13":{"start":{"line":40,"column":22},"end":{"line":40,"column":36}},"14":{"start":{"line":41,"column":8},"end":{"line":41,"column":83}},"15":{"start":{"line":44,"column":31},"end":{"line":44,"column":65}},"16":{"start":{"line":45,"column":8},"end":{"line":47,"column":9}},"17":{"start":{"line":46,"column":12},"end":{"line":46,"column":80}},"18":{"start":{"line":50,"column":21},"end":{"line":54,"column":9}},"19":{"start":{"line":56,"column":8},"end":{"line":58,"column":9}},"20":{"start":{"line":57,"column":12},"end":{"line":57,"column":69}},"21":{"start":{"line":60,"column":8},"end":{"line":60,"column":64}},"22":{"start":{"line":62,"column":8},"end":{"line":62,"column":58}},"23":{"start":{"line":63,"column":8},"end":{"line":63,"column":69}},"24":{"start":{"line":68,"column":4},"end":{"line":88,"column":5}},"25":{"start":{"line":69,"column":21},"end":{"line":69,"column":93}},"26":{"start":{"line":70,"column":8},"end":{"line":72,"column":9}},"27":{"start":{"line":71,"column":12},"end":{"line":71,"column":69}},"28":{"start":{"line":74,"column":28},"end":{"line":74,"column":89}},"29":{"start":{"line":76,"column":8},"end":{"line":84,"column":11}},"30":{"start":{"line":86,"column":8},"end":{"line":86,"column":62}},"31":{"start":{"line":87,"column":8},"end":{"line":87,"column":73}},"32":{"start":{"line":92,"column":4},"end":{"line":112,"column":5}},"33":{"start":{"line":93,"column":26},"end":{"line":93,"column":117}},"34":{"start":{"line":94,"column":8},"end":{"line":96,"column":9}},"35":{"start":{"line":95,"column":12},"end":{"line":95,"column":74}},"36":{"start":{"line":98,"column":28},"end":{"line":98,"column":99}},"37":{"start":{"line":100,"column":8},"end":{"line":108,"column":11}},"38":{"start":{"line":110,"column":8},"end":{"line":110,"column":62}},"39":{"start":{"line":111,"column":8},"end":{"line":111,"column":73}},"40":{"start":{"line":116,"column":4},"end":{"line":137,"column":5}},"41":{"start":{"line":117,"column":39},"end":{"line":117,"column":47}},"42":{"start":{"line":119,"column":21},"end":{"line":123,"column":9}},"43":{"start":{"line":125,"column":8},"end":{"line":127,"column":9}},"44":{"start":{"line":126,"column":12},"end":{"line":126,"column":69}},"45":{"start":{"line":129,"column":8},"end":{"line":133,"column":11}},"46":{"start":{"line":135,"column":8},"end":{"line":135,"column":57}},"47":{"start":{"line":136,"column":8},"end":{"line":136,"column":68}},"48":{"start":{"line":140,"column":0},"end":{"line":145,"column":2}}},"fnMap":{"0":{"name":"calculateExpProgress","decl":{"start":{"line":19,"column":9},"end":{"line":19,"column":29}},"loc":{"start":{"line":19,"column":49},"end":{"line":35,"column":1}},"line":19},"1":{"name":"registerAvatar","decl":{"start":{"line":37,"column":15},"end":{"line":37,"column":29}},"loc":{"start":{"line":37,"column":40},"end":{"line":65,"column":1}},"line":37},"2":{"name":"getCharacterData","decl":{"start":{"line":67,"column":15},"end":{"line":67,"column":31}},"loc":{"start":{"line":67,"column":42},"end":{"line":89,"column":1}},"line":67},"3":{"name":"getCharacterByUsername","decl":{"start":{"line":91,"column":15},"end":{"line":91,"column":37}},"loc":{"start":{"line":91,"column":48},"end":{"line":113,"column":1}},"line":91},"4":{"name":"updateCharacter","decl":{"start":{"line":115,"column":15},"end":{"line":115,"column":30}},"loc":{"start":{"line":115,"column":41},"end":{"line":138,"column":1}},"line":115}},"branchMap":{"0":{"loc":{"start":{"line":20,"column":4},"end":{"line":22,"column":5}},"type":"if","locations":[{"start":{"line":20,"column":4},"end":{"line":22,"column":5}},{"start":{},"end":{}}],"line":20},"1":{"loc":{"start":{"line":24,"column":28},"end":{"line":24,"column":59}},"type":"binary-expr","locations":[{"start":{"line":24,"column":28},"end":{"line":24,"column":54}},{"start":{"line":24,"column":58},"end":{"line":24,"column":59}}],"line":24},"2":{"loc":{"start":{"line":25,"column":25},"end":{"line":25,"column":94}},"type":"binary-expr","locations":[{"start":{"line":25,"column":25},"end":{"line":25,"column":47}},{"start":{"line":25,"column":51},"end":{"line":25,"column":94}}],"line":25},"3":{"loc":{"start":{"line":45,"column":8},"end":{"line":47,"column":9}},"type":"if","locations":[{"start":{"line":45,"column":8},"end":{"line":47,"column":9}},{"start":{},"end":{}}],"line":45},"4":{"loc":{"start":{"line":56,"column":8},"end":{"line":58,"column":9}},"type":"if","locations":[{"start":{"line":56,"column":8},"end":{"line":58,"column":9}},{"start":{},"end":{}}],"line":56},"5":{"loc":{"start":{"line":70,"column":8},"end":{"line":72,"column":9}},"type":"if","locations":[{"start":{"line":70,"column":8},"end":{"line":72,"column":9}},{"start":{},"end":{}}],"line":70},"6":{"loc":{"start":{"line":81,"column":19},"end":{"line":81,"column":54}},"type":"cond-expr","locations":[{"start":{"line":81,"column":32},"end":{"line":81,"column":47}},{"start":{"line":81,"column":50},"end":{"line":81,"column":54}}],"line":81},"7":{"loc":{"start":{"line":94,"column":8},"end":{"line":96,"column":9}},"type":"if","locations":[{"start":{"line":94,"column":8},"end":{"line":96,"column":9}},{"start":{},"end":{}}],"line":94},"8":{"loc":{"start":{"line":105,"column":19},"end":{"line":105,"column":64}},"type":"cond-expr","locations":[{"start":{"line":105,"column":37},"end":{"line":105,"column":57}},{"start":{"line":105,"column":60},"end":{"line":105,"column":64}}],"line":105},"9":{"loc":{"start":{"line":125,"column":8},"end":{"line":127,"column":9}},"type":"if","locations":[{"start":{"line":125,"column":8},"end":{"line":127,"column":9}},{"start":{},"end":{}}],"line":125}},"s":{"0":0,"1":0,"2":0,"3":0,"4":0,"5":0,"6":0,"7":0,"8":0,"9":0,"10":0,"11":0,"12":0,"13":0,"14":0,"15":0,"16":0,"17":0,"18":0,"19":0,"20":0,"21":0,"22":0,"23":0,"24":0,"25":0,"26":0,"27":0,"28":0,"29":0,"30":0,"31":0,"32":0,"33":0,"34":0,"35":0,"36":0,"37":0,"38":0,"39":0,"40":0,"41":0,"42":0,"43":0,"44":0,"45":0,"46":0,"47":0,"48":0},"f":{"0":0,"1":0,"2":0,"3":0,"4":0},"b":{"0":[0,0],"1":[0,0],"2":[0,0],"3":[0,0],"4":[0,0],"5":[0,0],"6":[0,0],"7":[0,0],"8":[0,0],"9":[0,0]}}
,"/workspace/src/controllers/classController.js": {"path":"/workspace/src/controllers/classController.js","statementMap":{"0":{"start":{"line":1,"column":14},"end":{"line":1,"column":40}},"1":{"start":{"line":2,"column":15},"end":{"line":2,"column":42}},"2":{"start":{"line":5,"column":4},"end":{"line":13,"column":5}},"3":{"start":{"line":6,"column":24},"end":{"line":8,"column":30}},"4":{"start":{"line":9,"column":8},"end":{"line":9,"column":26}},"5":{"start":{"line":11,"column":8},"end":{"line":11,"column":55}},"6":{"start":{"line":12,"column":8},"end":{"line":12,"column":66}},"7":{"start":{"line":17,"column":4},"end":{"line":24,"column":5}},"8":{"start":{"line":18,"column":24},"end":{"line":19,"column":30}},"9":{"start":{"line":20,"column":8},"end":{"line":20,"column":26}},"10":{"start":{"line":22,"column":8},"end":{"line":22,"column":55}},"11":{"start":{"line":23,"column":8},"end":{"line":23,"column":66}},"12":{"start":{"line":28,"column":4},"end":{"line":74,"column":5}},"13":{"start":{"line":39,"column":12},"end":{"line":39,"column":20}},"14":{"start":{"line":41,"column":8},"end":{"line":43,"column":9}},"15":{"start":{"line":42,"column":12},"end":{"line":42,"column":78}},"16":{"start":{"line":45,"column":26},"end":{"line":54,"column":9}},"17":{"start":{"line":56,"column":8},"end":{"line":65,"column":9}},"18":{"start":{"line":57,"column":34},"end":{"line":57,"column":59}},"19":{"start":{"line":58,"column":12},"end":{"line":60,"column":13}},"20":{"start":{"line":59,"column":16},"end":{"line":59,"column":74}},"21":{"start":{"line":62,"column":12},"end":{"line":62,"column":52}},"22":{"start":{"line":63,"column":31},"end":{"line":63,"column":57}},"23":{"start":{"line":64,"column":12},"end":{"line":64,"column":74}},"24":{"start":{"line":67,"column":25},"end":{"line":67,"column":45}},"25":{"start":{"line":68,"column":27},"end":{"line":68,"column":48}},"26":{"start":{"line":69,"column":8},"end":{"line":69,"column":75}},"27":{"start":{"line":72,"column":8},"end":{"line":72,"column":51}},"28":{"start":{"line":73,"column":8},"end":{"line":73,"column":62}},"29":{"start":{"line":78,"column":4},"end":{"line":87,"column":5}},"30":{"start":{"line":79,"column":25},"end":{"line":79,"column":69}},"31":{"start":{"line":80,"column":8},"end":{"line":82,"column":9}},"32":{"start":{"line":81,"column":12},"end":{"line":81,"column":70}},"33":{"start":{"line":83,"column":8},"end":{"line":83,"column":60}},"34":{"start":{"line":85,"column":8},"end":{"line":85,"column":53}},"35":{"start":{"line":86,"column":8},"end":{"line":86,"column":64}},"36":{"start":{"line":90,"column":0},"end":{"line":95,"column":2}}},"fnMap":{"0":{"name":"getClasses","decl":{"start":{"line":4,"column":15},"end":{"line":4,"column":25}},"loc":{"start":{"line":4,"column":36},"end":{"line":14,"column":1}},"line":4},"1":{"name":"getPublicClasses","decl":{"start":{"line":16,"column":15},"end":{"line":16,"column":31}},"loc":{"start":{"line":16,"column":42},"end":{"line":25,"column":1}},"line":16},"2":{"name":"createOrUpdateClass","decl":{"start":{"line":27,"column":15},"end":{"line":27,"column":34}},"loc":{"start":{"line":27,"column":45},"end":{"line":75,"column":1}},"line":27},"3":{"name":"deleteClass","decl":{"start":{"line":77,"column":15},"end":{"line":77,"column":26}},"loc":{"start":{"line":77,"column":37},"end":{"line":88,"column":1}},"line":77}},"branchMap":{"0":{"loc":{"start":{"line":41,"column":8},"end":{"line":43,"column":9}},"type":"if","locations":[{"start":{"line":41,"column":8},"end":{"line":43,"column":9}},{"start":{},"end":{}}],"line":41},"1":{"loc":{"start":{"line":41,"column":12},"end":{"line":41,"column":95}},"type":"binary-expr","locations":[{"start":{"line":41,"column":12},"end":{"line":41,"column":17}},{"start":{"line":41,"column":21},"end":{"line":41,"column":33}},{"start":{"line":41,"column":37},"end":{"line":41,"column":49}},{"start":{"line":41,"column":53},"end":{"line":41,"column":67}},{"start":{"line":41,"column":71},"end":{"line":41,"column":82}},{"start":{"line":41,"column":86},"end":{"line":41,"column":95}}],"line":41},"2":{"loc":{"start":{"line":56,"column":8},"end":{"line":65,"column":9}},"type":"if","locations":[{"start":{"line":56,"column":8},"end":{"line":65,"column":9}},{"start":{},"end":{}}],"line":56},"3":{"loc":{"start":{"line":58,"column":12},"end":{"line":60,"column":13}},"type":"if","locations":[{"start":{"line":58,"column":12},"end":{"line":60,"column":13}},{"start":{},"end":{}}],"line":58},"4":{"loc":{"start":{"line":80,"column":8},"end":{"line":82,"column":9}},"type":"if","locations":[{"start":{"line":80,"column":8},"end":{"line":82,"column":9}},{"start":{},"end":{}}],"line":80}},"s":{"0":0,"1":0,"2":0,"3":0,"4":0,"5":0,"6":0,"7":0,"8":0,"9":0,"10":0,"11":0,"12":0,"13":0,"14":0,"15":0,"16":0,"17":0,"18":0,"19":0,"20":0,"21":0,"22":0,"23":0,"24":0,"25":0,"26":0,"27":0,"28":0,"29":0,"30":0,"31":0,"32":0,"33":0,"34":0,"35":0,"36":0},"f":{"0":0,"1":0,"2":0,"3":0},"b":{"0":[0,0],"1":[0,0,0,0,0,0],"2":[0,0],"3":[0,0],"4":[0,0]}}
,"/workspace/src/controllers/eventController.js": {"path":"/workspace/src/controllers/eventController.js","statementMap":{"0":{"start":{"line":1,"column":14},"end":{"line":1,"column":40}},"1":{"start":{"line":2,"column":15},"end":{"line":2,"column":42}},"2":{"start":{"line":3,"column":17},"end":{"line":3,"column":36}},"3":{"start":{"line":6,"column":4},"end":{"line":66,"column":5}},"4":{"start":{"line":7,"column":23},"end":{"line":11,"column":49}},"5":{"start":{"line":15,"column":31},"end":{"line":55,"column":9}},"6":{"start":{"line":16,"column":12},"end":{"line":16,"column":47}},"7":{"start":{"line":16,"column":40},"end":{"line":16,"column":47}},"8":{"start":{"line":18,"column":12},"end":{"line":54,"column":13}},"9":{"start":{"line":19,"column":16},"end":{"line":26,"column":17}},"10":{"start":{"line":20,"column":20},"end":{"line":25,"column":21}},"11":{"start":{"line":21,"column":36},"end":{"line":21,"column":57}},"12":{"start":{"line":22,"column":24},"end":{"line":22,"column":72}},"13":{"start":{"line":24,"column":24},"end":{"line":24,"column":77}},"14":{"start":{"line":29,"column":16},"end":{"line":43,"column":17}},"15":{"start":{"line":30,"column":20},"end":{"line":42,"column":21}},"16":{"start":{"line":31,"column":37},"end":{"line":31,"column":59}},"17":{"start":{"line":32,"column":37},"end":{"line":32,"column":91}},"18":{"start":{"line":33,"column":24},"end":{"line":39,"column":25}},"19":{"start":{"line":34,"column":28},"end":{"line":38,"column":30}},"20":{"start":{"line":41,"column":24},"end":{"line":41,"column":87}},"21":{"start":{"line":46,"column":16},"end":{"line":48,"column":17}},"22":{"start":{"line":47,"column":20},"end":{"line":47,"column":61}},"23":{"start":{"line":51,"column":16},"end":{"line":53,"column":17}},"24":{"start":{"line":52,"column":20},"end":{"line":52,"column":58}},"25":{"start":{"line":58,"column":8},"end":{"line":60,"column":9}},"26":{"start":{"line":59,"column":12},"end":{"line":59,"column":49}},"27":{"start":{"line":62,"column":8},"end":{"line":62,"column":25}},"28":{"start":{"line":64,"column":8},"end":{"line":64,"column":54}},"29":{"start":{"line":65,"column":8},"end":{"line":65,"column":65}},"30":{"start":{"line":70,"column":4},"end":{"line":72,"column":5}},"31":{"start":{"line":71,"column":8},"end":{"line":71,"column":61}},"32":{"start":{"line":74,"column":4},"end":{"line":76,"column":5}},"33":{"start":{"line":75,"column":8},"end":{"line":75,"column":68}},"34":{"start":{"line":78,"column":4},"end":{"line":80,"column":5}},"35":{"start":{"line":79,"column":8},"end":{"line":79,"column":79}},"36":{"start":{"line":82,"column":4},"end":{"line":136,"column":5}},"37":{"start":{"line":83,"column":8},"end":{"line":85,"column":9}},"38":{"start":{"line":84,"column":12},"end":{"line":84,"column":72}},"39":{"start":{"line":88,"column":8},"end":{"line":90,"column":9}},"40":{"start":{"line":89,"column":12},"end":{"line":89,"column":133}},"41":{"start":{"line":95,"column":8},"end":{"line":135,"column":9}},"42":{"start":{"line":97,"column":31},"end":{"line":97,"column":90}},"43":{"start":{"line":98,"column":12},"end":{"line":100,"column":13}},"44":{"start":{"line":99,"column":16},"end":{"line":99,"column":110}},"45":{"start":{"line":103,"column":12},"end":{"line":105,"column":13}},"46":{"start":{"line":104,"column":16},"end":{"line":104,"column":108}},"47":{"start":{"line":108,"column":12},"end":{"line":110,"column":13}},"48":{"start":{"line":109,"column":16},"end":{"line":109,"column":106}},"49":{"start":{"line":113,"column":12},"end":{"line":115,"column":13}},"50":{"start":{"line":114,"column":16},"end":{"line":114,"column":89}},"51":{"start":{"line":118,"column":39},"end":{"line":118,"column":74}},"52":{"start":{"line":119,"column":12},"end":{"line":121,"column":13}},"53":{"start":{"line":120,"column":16},"end":{"line":120,"column":99}},"54":{"start":{"line":124,"column":42},"end":{"line":124,"column":80}},"55":{"start":{"line":125,"column":12},"end":{"line":127,"column":13}},"56":{"start":{"line":126,"column":16},"end":{"line":126,"column":102}},"57":{"start":{"line":130,"column":13},"end":{"line":135,"column":9}},"58":{"start":{"line":131,"column":39},"end":{"line":131,"column":74}},"59":{"start":{"line":132,"column":12},"end":{"line":134,"column":13}},"60":{"start":{"line":133,"column":16},"end":{"line":133,"column":93}},"61":{"start":{"line":138,"column":4},"end":{"line":138,"column":27}},"62":{"start":{"line":144,"column":4},"end":{"line":146,"column":5}},"63":{"start":{"line":145,"column":8},"end":{"line":145,"column":31}},"64":{"start":{"line":149,"column":24},"end":{"line":149,"column":83}},"65":{"start":{"line":149,"column":54},"end":{"line":149,"column":79}},"66":{"start":{"line":152,"column":4},"end":{"line":159,"column":5}},"67":{"start":{"line":153,"column":8},"end":{"line":153,"column":31}},"68":{"start":{"line":155,"column":8},"end":{"line":158,"column":10}},"69":{"start":{"line":163,"column":70},"end":{"line":163,"column":78}},"70":{"start":{"line":165,"column":4},"end":{"line":270,"column":5}},"71":{"start":{"line":167,"column":8},"end":{"line":169,"column":9}},"72":{"start":{"line":168,"column":12},"end":{"line":168,"column":78}},"73":{"start":{"line":172,"column":8},"end":{"line":179,"column":9}},"74":{"start":{"line":173,"column":12},"end":{"line":173,"column":41}},"75":{"start":{"line":175,"column":12},"end":{"line":178,"column":15}},"76":{"start":{"line":182,"column":33},"end":{"line":182,"column":61}},"77":{"start":{"line":183,"column":8},"end":{"line":188,"column":9}},"78":{"start":{"line":184,"column":12},"end":{"line":187,"column":15}},"79":{"start":{"line":191,"column":8},"end":{"line":214,"column":9}},"80":{"start":{"line":193,"column":12},"end":{"line":193,"column":46}},"81":{"start":{"line":194,"column":12},"end":{"line":196,"column":13}},"82":{"start":{"line":195,"column":16},"end":{"line":195,"column":74}},"83":{"start":{"line":198,"column":12},"end":{"line":198,"column":32}},"84":{"start":{"line":199,"column":12},"end":{"line":199,"column":36}},"85":{"start":{"line":200,"column":12},"end":{"line":200,"column":38}},"86":{"start":{"line":201,"column":12},"end":{"line":201,"column":50}},"87":{"start":{"line":202,"column":12},"end":{"line":202,"column":34}},"88":{"start":{"line":203,"column":12},"end":{"line":203,"column":31}},"89":{"start":{"line":206,"column":12},"end":{"line":212,"column":15}},"90":{"start":{"line":213,"column":12},"end":{"line":213,"column":31}},"91":{"start":{"line":217,"column":8},"end":{"line":217,"column":40}},"92":{"start":{"line":218,"column":8},"end":{"line":218,"column":57}},"93":{"start":{"line":219,"column":8},"end":{"line":219,"column":57}},"94":{"start":{"line":222,"column":31},"end":{"line":262,"column":9}},"95":{"start":{"line":223,"column":12},"end":{"line":223,"column":47}},"96":{"start":{"line":223,"column":40},"end":{"line":223,"column":47}},"97":{"start":{"line":225,"column":12},"end":{"line":261,"column":13}},"98":{"start":{"line":226,"column":16},"end":{"line":233,"column":17}},"99":{"start":{"line":227,"column":20},"end":{"line":232,"column":21}},"100":{"start":{"line":228,"column":36},"end":{"line":228,"column":57}},"101":{"start":{"line":229,"column":24},"end":{"line":229,"column":72}},"102":{"start":{"line":231,"column":24},"end":{"line":231,"column":77}},"103":{"start":{"line":236,"column":16},"end":{"line":250,"column":17}},"104":{"start":{"line":237,"column":20},"end":{"line":249,"column":21}},"105":{"start":{"line":238,"column":37},"end":{"line":238,"column":59}},"106":{"start":{"line":239,"column":37},"end":{"line":239,"column":91}},"107":{"start":{"line":240,"column":24},"end":{"line":246,"column":25}},"108":{"start":{"line":241,"column":28},"end":{"line":245,"column":30}},"109":{"start":{"line":248,"column":24},"end":{"line":248,"column":87}},"110":{"start":{"line":253,"column":16},"end":{"line":255,"column":17}},"111":{"start":{"line":254,"column":20},"end":{"line":254,"column":61}},"112":{"start":{"line":258,"column":16},"end":{"line":260,"column":17}},"113":{"start":{"line":259,"column":20},"end":{"line":259,"column":58}},"114":{"start":{"line":264,"column":8},"end":{"line":264,"column":45}},"115":{"start":{"line":266,"column":8},"end":{"line":266,"column":48}},"116":{"start":{"line":268,"column":8},"end":{"line":268,"column":51}},"117":{"start":{"line":269,"column":8},"end":{"line":269,"column":86}},"118":{"start":{"line":274,"column":4},"end":{"line":333,"column":5}},"119":{"start":{"line":275,"column":22},"end":{"line":278,"column":49}},"120":{"start":{"line":280,"column":8},"end":{"line":282,"column":9}},"121":{"start":{"line":281,"column":12},"end":{"line":281,"column":70}},"122":{"start":{"line":285,"column":31},"end":{"line":325,"column":9}},"123":{"start":{"line":286,"column":12},"end":{"line":286,"column":47}},"124":{"start":{"line":286,"column":40},"end":{"line":286,"column":47}},"125":{"start":{"line":288,"column":12},"end":{"line":324,"column":13}},"126":{"start":{"line":289,"column":16},"end":{"line":296,"column":17}},"127":{"start":{"line":290,"column":20},"end":{"line":295,"column":21}},"128":{"start":{"line":291,"column":36},"end":{"line":291,"column":57}},"129":{"start":{"line":292,"column":24},"end":{"line":292,"column":72}},"130":{"start":{"line":294,"column":24},"end":{"line":294,"column":77}},"131":{"start":{"line":299,"column":16},"end":{"line":313,"column":17}},"132":{"start":{"line":300,"column":20},"end":{"line":312,"column":21}},"133":{"start":{"line":301,"column":37},"end":{"line":301,"column":59}},"134":{"start":{"line":302,"column":37},"end":{"line":302,"column":91}},"135":{"start":{"line":303,"column":24},"end":{"line":309,"column":25}},"136":{"start":{"line":304,"column":28},"end":{"line":308,"column":30}},"137":{"start":{"line":311,"column":24},"end":{"line":311,"column":87}},"138":{"start":{"line":316,"column":16},"end":{"line":318,"column":17}},"139":{"start":{"line":317,"column":20},"end":{"line":317,"column":61}},"140":{"start":{"line":321,"column":16},"end":{"line":323,"column":17}},"141":{"start":{"line":322,"column":20},"end":{"line":322,"column":58}},"142":{"start":{"line":327,"column":8},"end":{"line":327,"column":45}},"143":{"start":{"line":329,"column":8},"end":{"line":329,"column":24}},"144":{"start":{"line":331,"column":8},"end":{"line":331,"column":53}},"145":{"start":{"line":332,"column":8},"end":{"line":332,"column":64}},"146":{"start":{"line":337,"column":4},"end":{"line":346,"column":5}},"147":{"start":{"line":338,"column":22},"end":{"line":338,"column":66}},"148":{"start":{"line":339,"column":8},"end":{"line":341,"column":9}},"149":{"start":{"line":340,"column":12},"end":{"line":340,"column":70}},"150":{"start":{"line":342,"column":8},"end":{"line":342,"column":60}},"151":{"start":{"line":344,"column":8},"end":{"line":344,"column":53}},"152":{"start":{"line":345,"column":8},"end":{"line":345,"column":64}},"153":{"start":{"line":349,"column":0},"end":{"line":354,"column":2}}},"fnMap":{"0":{"name":"getEvents","decl":{"start":{"line":5,"column":15},"end":{"line":5,"column":24}},"loc":{"start":{"line":5,"column":35},"end":{"line":67,"column":1}},"line":5},"1":{"name":"(anonymous_1)","decl":{"start":{"line":15,"column":31},"end":{"line":15,"column":32}},"loc":{"start":{"line":15,"column":47},"end":{"line":55,"column":9}},"line":15},"2":{"name":"validateNode","decl":{"start":{"line":69,"column":15},"end":{"line":69,"column":27}},"loc":{"start":{"line":69,"column":34},"end":{"line":139,"column":1}},"line":69},"3":{"name":"validateEventChances","decl":{"start":{"line":142,"column":9},"end":{"line":142,"column":29}},"loc":{"start":{"line":142,"column":38},"end":{"line":160,"column":1}},"line":142},"4":{"name":"(anonymous_4)","decl":{"start":{"line":149,"column":38},"end":{"line":149,"column":39}},"loc":{"start":{"line":149,"column":54},"end":{"line":149,"column":79}},"line":149},"5":{"name":"createOrUpdateEvent","decl":{"start":{"line":162,"column":15},"end":{"line":162,"column":34}},"loc":{"start":{"line":162,"column":45},"end":{"line":271,"column":1}},"line":162},"6":{"name":"(anonymous_6)","decl":{"start":{"line":222,"column":31},"end":{"line":222,"column":32}},"loc":{"start":{"line":222,"column":47},"end":{"line":262,"column":9}},"line":222},"7":{"name":"getEventById","decl":{"start":{"line":273,"column":15},"end":{"line":273,"column":27}},"loc":{"start":{"line":273,"column":38},"end":{"line":334,"column":1}},"line":273},"8":{"name":"(anonymous_8)","decl":{"start":{"line":285,"column":31},"end":{"line":285,"column":32}},"loc":{"start":{"line":285,"column":47},"end":{"line":325,"column":9}},"line":285},"9":{"name":"deleteEvent","decl":{"start":{"line":336,"column":15},"end":{"line":336,"column":26}},"loc":{"start":{"line":336,"column":37},"end":{"line":347,"column":1}},"line":336}},"branchMap":{"0":{"loc":{"start":{"line":16,"column":12},"end":{"line":16,"column":47}},"type":"if","locations":[{"start":{"line":16,"column":12},"end":{"line":16,"column":47}},{"start":{},"end":{}}],"line":16},"1":{"loc":{"start":{"line":16,"column":16},"end":{"line":16,"column":38}},"type":"binary-expr","locations":[{"start":{"line":16,"column":16},"end":{"line":16,"column":21}},{"start":{"line":16,"column":25},"end":{"line":16,"column":38}}],"line":16},"2":{"loc":{"start":{"line":19,"column":16},"end":{"line":26,"column":17}},"type":"if","locations":[{"start":{"line":19,"column":16},"end":{"line":26,"column":17}},{"start":{},"end":{}}],"line":19},"3":{"loc":{"start":{"line":29,"column":16},"end":{"line":43,"column":17}},"type":"if","locations":[{"start":{"line":29,"column":16},"end":{"line":43,"column":17}},{"start":{},"end":{}}],"line":29},"4":{"loc":{"start":{"line":33,"column":24},"end":{"line":39,"column":25}},"type":"if","locations":[{"start":{"line":33,"column":24},"end":{"line":39,"column":25}},{"start":{},"end":{}}],"line":33},"5":{"loc":{"start":{"line":46,"column":16},"end":{"line":48,"column":17}},"type":"if","locations":[{"start":{"line":46,"column":16},"end":{"line":48,"column":17}},{"start":{},"end":{}}],"line":46},"6":{"loc":{"start":{"line":46,"column":20},"end":{"line":46,"column":63}},"type":"binary-expr","locations":[{"start":{"line":46,"column":20},"end":{"line":46,"column":41}},{"start":{"line":46,"column":45},"end":{"line":46,"column":63}}],"line":46},"7":{"loc":{"start":{"line":51,"column":16},"end":{"line":53,"column":17}},"type":"if","locations":[{"start":{"line":51,"column":16},"end":{"line":53,"column":17}},{"start":{},"end":{}}],"line":51},"8":{"loc":{"start":{"line":70,"column":4},"end":{"line":72,"column":5}},"type":"if","locations":[{"start":{"line":70,"column":4},"end":{"line":72,"column":5}},{"start":{},"end":{}}],"line":70},"9":{"loc":{"start":{"line":74,"column":4},"end":{"line":76,"column":5}},"type":"if","locations":[{"start":{"line":74,"column":4},"end":{"line":76,"column":5}},{"start":{},"end":{}}],"line":74},"10":{"loc":{"start":{"line":78,"column":4},"end":{"line":80,"column":5}},"type":"if","locations":[{"start":{"line":78,"column":4},"end":{"line":80,"column":5}},{"start":{},"end":{}}],"line":78},"11":{"loc":{"start":{"line":78,"column":8},"end":{"line":78,"column":82}},"type":"binary-expr","locations":[{"start":{"line":78,"column":8},"end":{"line":78,"column":21}},{"start":{"line":78,"column":25},"end":{"line":78,"column":53}},{"start":{"line":78,"column":57},"end":{"line":78,"column":82}}],"line":78},"12":{"loc":{"start":{"line":83,"column":8},"end":{"line":85,"column":9}},"type":"if","locations":[{"start":{"line":83,"column":8},"end":{"line":85,"column":9}},{"start":{},"end":{}}],"line":83},"13":{"loc":{"start":{"line":88,"column":8},"end":{"line":90,"column":9}},"type":"if","locations":[{"start":{"line":88,"column":8},"end":{"line":90,"column":9}},{"start":{},"end":{}}],"line":88},"14":{"loc":{"start":{"line":88,"column":12},"end":{"line":88,"column":97}},"type":"binary-expr","locations":[{"start":{"line":88,"column":12},"end":{"line":88,"column":25}},{"start":{"line":88,"column":29},"end":{"line":88,"column":45}},{"start":{"line":88,"column":49},"end":{"line":88,"column":71}},{"start":{"line":88,"column":75},"end":{"line":88,"column":97}}],"line":88},"15":{"loc":{"start":{"line":95,"column":8},"end":{"line":135,"column":9}},"type":"if","locations":[{"start":{"line":95,"column":8},"end":{"line":135,"column":9}},{"start":{"line":130,"column":13},"end":{"line":135,"column":9}}],"line":95},"16":{"loc":{"start":{"line":98,"column":12},"end":{"line":100,"column":13}},"type":"if","locations":[{"start":{"line":98,"column":12},"end":{"line":100,"column":13}},{"start":{},"end":{}}],"line":98},"17":{"loc":{"start":{"line":103,"column":12},"end":{"line":105,"column":13}},"type":"if","locations":[{"start":{"line":103,"column":12},"end":{"line":105,"column":13}},{"start":{},"end":{}}],"line":103},"18":{"loc":{"start":{"line":103,"column":16},"end":{"line":103,"column":83}},"type":"binary-expr","locations":[{"start":{"line":103,"column":16},"end":{"line":103,"column":46}},{"start":{"line":103,"column":50},"end":{"line":103,"column":83}}],"line":103},"19":{"loc":{"start":{"line":108,"column":12},"end":{"line":110,"column":13}},"type":"if","locations":[{"start":{"line":108,"column":12},"end":{"line":110,"column":13}},{"start":{},"end":{}}],"line":108},"20":{"loc":{"start":{"line":113,"column":12},"end":{"line":115,"column":13}},"type":"if","locations":[{"start":{"line":113,"column":12},"end":{"line":115,"column":13}},{"start":{},"end":{}}],"line":113},"21":{"loc":{"start":{"line":119,"column":12},"end":{"line":121,"column":13}},"type":"if","locations":[{"start":{"line":119,"column":12},"end":{"line":121,"column":13}},{"start":{},"end":{}}],"line":119},"22":{"loc":{"start":{"line":125,"column":12},"end":{"line":127,"column":13}},"type":"if","locations":[{"start":{"line":125,"column":12},"end":{"line":127,"column":13}},{"start":{},"end":{}}],"line":125},"23":{"loc":{"start":{"line":130,"column":13},"end":{"line":135,"column":9}},"type":"if","locations":[{"start":{"line":130,"column":13},"end":{"line":135,"column":9}},{"start":{},"end":{}}],"line":130},"24":{"loc":{"start":{"line":132,"column":12},"end":{"line":134,"column":13}},"type":"if","locations":[{"start":{"line":132,"column":12},"end":{"line":134,"column":13}},{"start":{},"end":{}}],"line":132},"25":{"loc":{"start":{"line":144,"column":4},"end":{"line":146,"column":5}},"type":"if","locations":[{"start":{"line":144,"column":4},"end":{"line":146,"column":5}},{"start":{},"end":{}}],"line":144},"26":{"loc":{"start":{"line":144,"column":8},"end":{"line":144,"column":38}},"type":"binary-expr","locations":[{"start":{"line":144,"column":8},"end":{"line":144,"column":15}},{"start":{"line":144,"column":19},"end":{"line":144,"column":38}}],"line":144},"27":{"loc":{"start":{"line":149,"column":61},"end":{"line":149,"column":78}},"type":"binary-expr","locations":[{"start":{"line":149,"column":61},"end":{"line":149,"column":73}},{"start":{"line":149,"column":77},"end":{"line":149,"column":78}}],"line":149},"28":{"loc":{"start":{"line":152,"column":4},"end":{"line":159,"column":5}},"type":"if","locations":[{"start":{"line":152,"column":4},"end":{"line":159,"column":5}},{"start":{"line":154,"column":11},"end":{"line":159,"column":5}}],"line":152},"29":{"loc":{"start":{"line":167,"column":8},"end":{"line":169,"column":9}},"type":"if","locations":[{"start":{"line":167,"column":8},"end":{"line":169,"column":9}},{"start":{},"end":{}}],"line":167},"30":{"loc":{"start":{"line":167,"column":12},"end":{"line":167,"column":51}},"type":"binary-expr","locations":[{"start":{"line":167,"column":12},"end":{"line":167,"column":18}},{"start":{"line":167,"column":22},"end":{"line":167,"column":31}},{"start":{"line":167,"column":35},"end":{"line":167,"column":51}}],"line":167},"31":{"loc":{"start":{"line":183,"column":8},"end":{"line":188,"column":9}},"type":"if","locations":[{"start":{"line":183,"column":8},"end":{"line":188,"column":9}},{"start":{},"end":{}}],"line":183},"32":{"loc":{"start":{"line":191,"column":8},"end":{"line":214,"column":9}},"type":"if","locations":[{"start":{"line":191,"column":8},"end":{"line":214,"column":9}},{"start":{"line":204,"column":15},"end":{"line":214,"column":9}}],"line":191},"33":{"loc":{"start":{"line":194,"column":12},"end":{"line":196,"column":13}},"type":"if","locations":[{"start":{"line":194,"column":12},"end":{"line":196,"column":13}},{"start":{},"end":{}}],"line":194},"34":{"loc":{"start":{"line":223,"column":12},"end":{"line":223,"column":47}},"type":"if","locations":[{"start":{"line":223,"column":12},"end":{"line":223,"column":47}},{"start":{},"end":{}}],"line":223},"35":{"loc":{"start":{"line":223,"column":16},"end":{"line":223,"column":38}},"type":"binary-expr","locations":[{"start":{"line":223,"column":16},"end":{"line":223,"column":21}},{"start":{"line":223,"column":25},"end":{"line":223,"column":38}}],"line":223},"36":{"loc":{"start":{"line":226,"column":16},"end":{"line":233,"column":17}},"type":"if","locations":[{"start":{"line":226,"column":16},"end":{"line":233,"column":17}},{"start":{},"end":{}}],"line":226},"37":{"loc":{"start":{"line":236,"column":16},"end":{"line":250,"column":17}},"type":"if","locations":[{"start":{"line":236,"column":16},"end":{"line":250,"column":17}},{"start":{},"end":{}}],"line":236},"38":{"loc":{"start":{"line":240,"column":24},"end":{"line":246,"column":25}},"type":"if","locations":[{"start":{"line":240,"column":24},"end":{"line":246,"column":25}},{"start":{},"end":{}}],"line":240},"39":{"loc":{"start":{"line":253,"column":16},"end":{"line":255,"column":17}},"type":"if","locations":[{"start":{"line":253,"column":16},"end":{"line":255,"column":17}},{"start":{},"end":{}}],"line":253},"40":{"loc":{"start":{"line":253,"column":20},"end":{"line":253,"column":63}},"type":"binary-expr","locations":[{"start":{"line":253,"column":20},"end":{"line":253,"column":41}},{"start":{"line":253,"column":45},"end":{"line":253,"column":63}}],"line":253},"41":{"loc":{"start":{"line":258,"column":16},"end":{"line":260,"column":17}},"type":"if","locations":[{"start":{"line":258,"column":16},"end":{"line":260,"column":17}},{"start":{},"end":{}}],"line":258},"42":{"loc":{"start":{"line":266,"column":19},"end":{"line":266,"column":34}},"type":"cond-expr","locations":[{"start":{"line":266,"column":25},"end":{"line":266,"column":28}},{"start":{"line":266,"column":31},"end":{"line":266,"column":34}}],"line":266},"43":{"loc":{"start":{"line":280,"column":8},"end":{"line":282,"column":9}},"type":"if","locations":[{"start":{"line":280,"column":8},"end":{"line":282,"column":9}},{"start":{},"end":{}}],"line":280},"44":{"loc":{"start":{"line":286,"column":12},"end":{"line":286,"column":47}},"type":"if","locations":[{"start":{"line":286,"column":12},"end":{"line":286,"column":47}},{"start":{},"end":{}}],"line":286},"45":{"loc":{"start":{"line":286,"column":16},"end":{"line":286,"column":38}},"type":"binary-expr","locations":[{"start":{"line":286,"column":16},"end":{"line":286,"column":21}},{"start":{"line":286,"column":25},"end":{"line":286,"column":38}}],"line":286},"46":{"loc":{"start":{"line":289,"column":16},"end":{"line":296,"column":17}},"type":"if","locations":[{"start":{"line":289,"column":16},"end":{"line":296,"column":17}},{"start":{},"end":{}}],"line":289},"47":{"loc":{"start":{"line":299,"column":16},"end":{"line":313,"column":17}},"type":"if","locations":[{"start":{"line":299,"column":16},"end":{"line":313,"column":17}},{"start":{},"end":{}}],"line":299},"48":{"loc":{"start":{"line":303,"column":24},"end":{"line":309,"column":25}},"type":"if","locations":[{"start":{"line":303,"column":24},"end":{"line":309,"column":25}},{"start":{},"end":{}}],"line":303},"49":{"loc":{"start":{"line":316,"column":16},"end":{"line":318,"column":17}},"type":"if","locations":[{"start":{"line":316,"column":16},"end":{"line":318,"column":17}},{"start":{},"end":{}}],"line":316},"50":{"loc":{"start":{"line":316,"column":20},"end":{"line":316,"column":63}},"type":"binary-expr","locations":[{"start":{"line":316,"column":20},"end":{"line":316,"column":41}},{"start":{"line":316,"column":45},"end":{"line":316,"column":63}}],"line":316},"51":{"loc":{"start":{"line":321,"column":16},"end":{"line":323,"column":17}},"type":"if","locations":[{"start":{"line":321,"column":16},"end":{"line":323,"column":17}},{"start":{},"end":{}}],"line":321},"52":{"loc":{"start":{"line":339,"column":8},"end":{"line":341,"column":9}},"type":"if","locations":[{"start":{"line":339,"column":8},"end":{"line":341,"column":9}},{"start":{},"end":{}}],"line":339}},"s":{"0":0,"1":0,"2":0,"3":0,"4":0,"5":0,"6":0,"7":0,"8":0,"9":0,"10":0,"11":0,"12":0,"13":0,"14":0,"15":0,"16":0,"17":0,"18":0,"19":0,"20":0,"21":0,"22":0,"23":0,"24":0,"25":0,"26":0,"27":0,"28":0,"29":0,"30":0,"31":0,"32":0,"33":0,"34":0,"35":0,"36":0,"37":0,"38":0,"39":0,"40":0,"41":0,"42":0,"43":0,"44":0,"45":0,"46":0,"47":0,"48":0,"49":0,"50":0,"51":0,"52":0,"53":0,"54":0,"55":0,"56":0,"57":0,"58":0,"59":0,"60":0,"61":0,"62":0,"63":0,"64":0,"65":0,"66":0,"67":0,"68":0,"69":0,"70":0,"71":0,"72":0,"73":0,"74":0,"75":0,"76":0,"77":0,"78":0,"79":0,"80":0,"81":0,"82":0,"83":0,"84":0,"85":0,"86":0,"87":0,"88":0,"89":0,"90":0,"91":0,"92":0,"93":0,"94":0,"95":0,"96":0,"97":0,"98":0,"99":0,"100":0,"101":0,"102":0,"103":0,"104":0,"105":0,"106":0,"107":0,"108":0,"109":0,"110":0,"111":0,"112":0,"113":0,"114":0,"115":0,"116":0,"117":0,"118":0,"119":0,"120":0,"121":0,"122":0,"123":0,"124":0,"125":0,"126":0,"127":0,"128":0,"129":0,"130":0,"131":0,"132":0,"133":0,"134":0,"135":0,"136":0,"137":0,"138":0,"139":0,"140":0,"141":0,"142":0,"143":0,"144":0,"145":0,"146":0,"147":0,"148":0,"149":0,"150":0,"151":0,"152":0,"153":0},"f":{"0":0,"1":0,"2":0,"3":0,"4":0,"5":0,"6":0,"7":0,"8":0,"9":0},"b":{"0":[0,0],"1":[0,0],"2":[0,0],"3":[0,0],"4":[0,0],"5":[0,0],"6":[0,0],"7":[0,0],"8":[0,0],"9":[0,0],"10":[0,0],"11":[0,0,0],"12":[0,0],"13":[0,0],"14":[0,0,0,0],"15":[0,0],"16":[0,0],"17":[0,0],"18":[0,0],"19":[0,0],"20":[0,0],"21":[0,0],"22":[0,0],"23":[0,0],"24":[0,0],"25":[0,0],"26":[0,0],"27":[0,0],"28":[0,0],"29":[0,0],"30":[0,0,0],"31":[0,0],"32":[0,0],"33":[0,0],"34":[0,0],"35":[0,0],"36":[0,0],"37":[0,0],"38":[0,0],"39":[0,0],"40":[0,0],"41":[0,0],"42":[0,0],"43":[0,0],"44":[0,0],"45":[0,0],"46":[0,0],"47":[0,0],"48":[0,0],"49":[0,0],"50":[0,0],"51":[0,0],"52":[0,0]}}
,"/workspace/src/controllers/mobController.js": {"path":"/workspace/src/controllers/mobController.js","statementMap":{"0":{"start":{"line":1,"column":12},"end":{"line":1,"column":36}},"1":{"start":{"line":2,"column":13},"end":{"line":2,"column":38}},"2":{"start":{"line":3,"column":15},"end":{"line":3,"column":42}},"3":{"start":{"line":4,"column":13},"end":{"line":4,"column":38}},"4":{"start":{"line":5,"column":21},"end":{"line":5,"column":56}},"5":{"start":{"line":8,"column":4},"end":{"line":16,"column":5}},"6":{"start":{"line":9,"column":21},"end":{"line":11,"column":30}},"7":{"start":{"line":12,"column":8},"end":{"line":12,"column":23}},"8":{"start":{"line":14,"column":8},"end":{"line":14,"column":52}},"9":{"start":{"line":15,"column":8},"end":{"line":15,"column":63}},"10":{"start":{"line":20,"column":4},"end":{"line":27,"column":5}},"11":{"start":{"line":21,"column":21},"end":{"line":22,"column":30}},"12":{"start":{"line":23,"column":8},"end":{"line":23,"column":23}},"13":{"start":{"line":25,"column":8},"end":{"line":25,"column":52}},"14":{"start":{"line":26,"column":8},"end":{"line":26,"column":63}},"15":{"start":{"line":31,"column":4},"end":{"line":130,"column":5}},"16":{"start":{"line":42,"column":12},"end":{"line":42,"column":20}},"17":{"start":{"line":44,"column":8},"end":{"line":46,"column":9}},"18":{"start":{"line":45,"column":12},"end":{"line":45,"column":78}},"19":{"start":{"line":48,"column":8},"end":{"line":50,"column":9}},"20":{"start":{"line":49,"column":12},"end":{"line":49,"column":79}},"21":{"start":{"line":52,"column":8},"end":{"line":75,"column":9}},"22":{"start":{"line":53,"column":12},"end":{"line":66,"column":13}},"23":{"start":{"line":54,"column":16},"end":{"line":56,"column":17}},"24":{"start":{"line":55,"column":20},"end":{"line":55,"column":80}},"25":{"start":{"line":58,"column":35},"end":{"line":58,"column":68}},"26":{"start":{"line":59,"column":16},"end":{"line":61,"column":17}},"27":{"start":{"line":60,"column":20},"end":{"line":60,"column":101}},"28":{"start":{"line":63,"column":16},"end":{"line":65,"column":17}},"29":{"start":{"line":64,"column":20},"end":{"line":64,"column":101}},"30":{"start":{"line":68,"column":31},"end":{"line":68,"column":85}},"31":{"start":{"line":68,"column":59},"end":{"line":68,"column":81}},"32":{"start":{"line":69,"column":12},"end":{"line":74,"column":13}},"33":{"start":{"line":70,"column":16},"end":{"line":73,"column":19}},"34":{"start":{"line":77,"column":24},"end":{"line":90,"column":9}},"35":{"start":{"line":94,"column":29},"end":{"line":97,"column":10}},"36":{"start":{"line":99,"column":8},"end":{"line":104,"column":9}},"37":{"start":{"line":100,"column":12},"end":{"line":103,"column":15}},"38":{"start":{"line":106,"column":8},"end":{"line":122,"column":9}},"39":{"start":{"line":107,"column":12},"end":{"line":114,"column":14}},"40":{"start":{"line":116,"column":12},"end":{"line":118,"column":13}},"41":{"start":{"line":117,"column":16},"end":{"line":117,"column":72}},"42":{"start":{"line":120,"column":24},"end":{"line":120,"column":40}},"43":{"start":{"line":121,"column":12},"end":{"line":121,"column":40}},"44":{"start":{"line":124,"column":8},"end":{"line":124,"column":46}},"45":{"start":{"line":125,"column":8},"end":{"line":125,"column":27}},"46":{"start":{"line":128,"column":8},"end":{"line":128,"column":49}},"47":{"start":{"line":129,"column":8},"end":{"line":129,"column":60}},"48":{"start":{"line":134,"column":4},"end":{"line":143,"column":5}},"49":{"start":{"line":135,"column":20},"end":{"line":135,"column":62}},"50":{"start":{"line":136,"column":8},"end":{"line":138,"column":9}},"51":{"start":{"line":137,"column":12},"end":{"line":137,"column":68}},"52":{"start":{"line":139,"column":8},"end":{"line":139,"column":58}},"53":{"start":{"line":141,"column":8},"end":{"line":141,"column":51}},"54":{"start":{"line":142,"column":8},"end":{"line":142,"column":62}},"55":{"start":{"line":147,"column":4},"end":{"line":191,"column":5}},"56":{"start":{"line":148,"column":28},"end":{"line":148,"column":38}},"57":{"start":{"line":149,"column":8},"end":{"line":149,"column":76}},"58":{"start":{"line":150,"column":8},"end":{"line":154,"column":11}},"59":{"start":{"line":157,"column":26},"end":{"line":157,"column":68}},"60":{"start":{"line":158,"column":8},"end":{"line":161,"column":11}},"61":{"start":{"line":163,"column":22},"end":{"line":163,"column":24}},"62":{"start":{"line":164,"column":8},"end":{"line":169,"column":9}},"63":{"start":{"line":165,"column":12},"end":{"line":168,"column":15}},"64":{"start":{"line":172,"column":28},"end":{"line":172,"column":63}},"65":{"start":{"line":173,"column":8},"end":{"line":177,"column":11}},"66":{"start":{"line":179,"column":8},"end":{"line":183,"column":11}},"67":{"start":{"line":185,"column":8},"end":{"line":185,"column":60}},"68":{"start":{"line":186,"column":8},"end":{"line":186,"column":50}},"69":{"start":{"line":187,"column":8},"end":{"line":190,"column":11}},"70":{"start":{"line":194,"column":0},"end":{"line":200,"column":2}}},"fnMap":{"0":{"name":"getMobs","decl":{"start":{"line":7,"column":15},"end":{"line":7,"column":22}},"loc":{"start":{"line":7,"column":33},"end":{"line":17,"column":1}},"line":7},"1":{"name":"getPublicMobs","decl":{"start":{"line":19,"column":15},"end":{"line":19,"column":28}},"loc":{"start":{"line":19,"column":39},"end":{"line":28,"column":1}},"line":19},"2":{"name":"createOrUpdateMob","decl":{"start":{"line":30,"column":15},"end":{"line":30,"column":32}},"loc":{"start":{"line":30,"column":43},"end":{"line":131,"column":1}},"line":30},"3":{"name":"(anonymous_3)","decl":{"start":{"line":68,"column":44},"end":{"line":68,"column":45}},"loc":{"start":{"line":68,"column":59},"end":{"line":68,"column":81}},"line":68},"4":{"name":"deleteMob","decl":{"start":{"line":133,"column":15},"end":{"line":133,"column":24}},"loc":{"start":{"line":133,"column":35},"end":{"line":144,"column":1}},"line":133},"5":{"name":"getMobsAtNode","decl":{"start":{"line":146,"column":15},"end":{"line":146,"column":28}},"loc":{"start":{"line":146,"column":39},"end":{"line":192,"column":1}},"line":146}},"branchMap":{"0":{"loc":{"start":{"line":44,"column":8},"end":{"line":46,"column":9}},"type":"if","locations":[{"start":{"line":44,"column":8},"end":{"line":46,"column":9}},{"start":{},"end":{}}],"line":44},"1":{"loc":{"start":{"line":44,"column":12},"end":{"line":44,"column":33}},"type":"binary-expr","locations":[{"start":{"line":44,"column":12},"end":{"line":44,"column":17}},{"start":{"line":44,"column":21},"end":{"line":44,"column":33}}],"line":44},"2":{"loc":{"start":{"line":48,"column":8},"end":{"line":50,"column":9}},"type":"if","locations":[{"start":{"line":48,"column":8},"end":{"line":50,"column":9}},{"start":{},"end":{}}],"line":48},"3":{"loc":{"start":{"line":48,"column":12},"end":{"line":48,"column":38}},"type":"binary-expr","locations":[{"start":{"line":48,"column":12},"end":{"line":48,"column":17}},{"start":{"line":48,"column":22},"end":{"line":48,"column":37}}],"line":48},"4":{"loc":{"start":{"line":52,"column":8},"end":{"line":75,"column":9}},"type":"if","locations":[{"start":{"line":52,"column":8},"end":{"line":75,"column":9}},{"start":{},"end":{}}],"line":52},"5":{"loc":{"start":{"line":54,"column":16},"end":{"line":56,"column":17}},"type":"if","locations":[{"start":{"line":54,"column":16},"end":{"line":56,"column":17}},{"start":{},"end":{}}],"line":54},"6":{"loc":{"start":{"line":54,"column":20},"end":{"line":54,"column":57}},"type":"binary-expr","locations":[{"start":{"line":54,"column":20},"end":{"line":54,"column":33}},{"start":{"line":54,"column":37},"end":{"line":54,"column":57}}],"line":54},"7":{"loc":{"start":{"line":59,"column":16},"end":{"line":61,"column":17}},"type":"if","locations":[{"start":{"line":59,"column":16},"end":{"line":61,"column":17}},{"start":{},"end":{}}],"line":59},"8":{"loc":{"start":{"line":63,"column":16},"end":{"line":65,"column":17}},"type":"if","locations":[{"start":{"line":63,"column":16},"end":{"line":65,"column":17}},{"start":{},"end":{}}],"line":63},"9":{"loc":{"start":{"line":63,"column":20},"end":{"line":63,"column":72}},"type":"binary-expr","locations":[{"start":{"line":63,"column":20},"end":{"line":63,"column":43}},{"start":{"line":63,"column":47},"end":{"line":63,"column":72}}],"line":63},"10":{"loc":{"start":{"line":69,"column":12},"end":{"line":74,"column":13}},"type":"if","locations":[{"start":{"line":69,"column":12},"end":{"line":74,"column":13}},{"start":{},"end":{}}],"line":69},"11":{"loc":{"start":{"line":83,"column":23},"end":{"line":83,"column":39}},"type":"binary-expr","locations":[{"start":{"line":83,"column":23},"end":{"line":83,"column":34}},{"start":{"line":83,"column":38},"end":{"line":83,"column":39}}],"line":83},"12":{"loc":{"start":{"line":84,"column":26},"end":{"line":84,"column":46}},"type":"binary-expr","locations":[{"start":{"line":84,"column":26},"end":{"line":84,"column":40}},{"start":{"line":84,"column":44},"end":{"line":84,"column":46}}],"line":84},"13":{"loc":{"start":{"line":87,"column":19},"end":{"line":87,"column":30}},"type":"binary-expr","locations":[{"start":{"line":87,"column":19},"end":{"line":87,"column":24}},{"start":{"line":87,"column":28},"end":{"line":87,"column":30}}],"line":87},"14":{"loc":{"start":{"line":96,"column":15},"end":{"line":96,"column":47}},"type":"cond-expr","locations":[{"start":{"line":96,"column":21},"end":{"line":96,"column":42}},{"start":{"line":96,"column":45},"end":{"line":96,"column":47}}],"line":96},"15":{"loc":{"start":{"line":99,"column":8},"end":{"line":104,"column":9}},"type":"if","locations":[{"start":{"line":99,"column":8},"end":{"line":104,"column":9}},{"start":{},"end":{}}],"line":99},"16":{"loc":{"start":{"line":106,"column":8},"end":{"line":122,"column":9}},"type":"if","locations":[{"start":{"line":106,"column":8},"end":{"line":122,"column":9}},{"start":{"line":119,"column":15},"end":{"line":122,"column":9}}],"line":106},"17":{"loc":{"start":{"line":116,"column":12},"end":{"line":118,"column":13}},"type":"if","locations":[{"start":{"line":116,"column":12},"end":{"line":118,"column":13}},{"start":{},"end":{}}],"line":116},"18":{"loc":{"start":{"line":136,"column":8},"end":{"line":138,"column":9}},"type":"if","locations":[{"start":{"line":136,"column":8},"end":{"line":138,"column":9}},{"start":{},"end":{}}],"line":136},"19":{"loc":{"start":{"line":164,"column":8},"end":{"line":169,"column":9}},"type":"if","locations":[{"start":{"line":164,"column":8},"end":{"line":169,"column":9}},{"start":{},"end":{}}],"line":164},"20":{"loc":{"start":{"line":167,"column":23},"end":{"line":167,"column":50}},"type":"binary-expr","locations":[{"start":{"line":167,"column":23},"end":{"line":167,"column":45}},{"start":{"line":167,"column":49},"end":{"line":167,"column":50}}],"line":167},"21":{"loc":{"start":{"line":172,"column":28},"end":{"line":172,"column":63}},"type":"binary-expr","locations":[{"start":{"line":172,"column":28},"end":{"line":172,"column":58}},{"start":{"line":172,"column":62},"end":{"line":172,"column":63}}],"line":172}},"s":{"0":0,"1":0,"2":0,"3":0,"4":0,"5":0,"6":0,"7":0,"8":0,"9":0,"10":0,"11":0,"12":0,"13":0,"14":0,"15":0,"16":0,"17":0,"18":0,"19":0,"20":0,"21":0,"22":0,"23":0,"24":0,"25":0,"26":0,"27":0,"28":0,"29":0,"30":0,"31":0,"32":0,"33":0,"34":0,"35":0,"36":0,"37":0,"38":0,"39":0,"40":0,"41":0,"42":0,"43":0,"44":0,"45":0,"46":0,"47":0,"48":0,"49":0,"50":0,"51":0,"52":0,"53":0,"54":0,"55":0,"56":0,"57":0,"58":0,"59":0,"60":0,"61":0,"62":0,"63":0,"64":0,"65":0,"66":0,"67":0,"68":0,"69":0,"70":0},"f":{"0":0,"1":0,"2":0,"3":0,"4":0,"5":0},"b":{"0":[0,0],"1":[0,0],"2":[0,0],"3":[0,0],"4":[0,0],"5":[0,0],"6":[0,0],"7":[0,0],"8":[0,0],"9":[0,0],"10":[0,0],"11":[0,0],"12":[0,0],"13":[0,0],"14":[0,0],"15":[0,0],"16":[0,0],"17":[0,0],"18":[0,0],"19":[0,0],"20":[0,0],"21":[0,0]}}
,"/workspace/src/controllers/moveController.js": {"path":"/workspace/src/controllers/moveController.js","statementMap":{"0":{"start":{"line":1,"column":13},"end":{"line":1,"column":38}},"1":{"start":{"line":2,"column":15},"end":{"line":2,"column":42}},"2":{"start":{"line":5,"column":4},"end":{"line":11,"column":5}},"3":{"start":{"line":6,"column":22},"end":{"line":6,"column":57}},"4":{"start":{"line":7,"column":8},"end":{"line":7,"column":24}},"5":{"start":{"line":9,"column":8},"end":{"line":9,"column":53}},"6":{"start":{"line":10,"column":8},"end":{"line":10,"column":64}},"7":{"start":{"line":15,"column":4},"end":{"line":21,"column":5}},"8":{"start":{"line":16,"column":22},"end":{"line":16,"column":76}},"9":{"start":{"line":17,"column":8},"end":{"line":17,"column":24}},"10":{"start":{"line":19,"column":8},"end":{"line":19,"column":53}},"11":{"start":{"line":20,"column":8},"end":{"line":20,"column":64}},"12":{"start":{"line":25,"column":4},"end":{"line":75,"column":5}},"13":{"start":{"line":37,"column":12},"end":{"line":37,"column":20}},"14":{"start":{"line":39,"column":8},"end":{"line":41,"column":9}},"15":{"start":{"line":40,"column":12},"end":{"line":40,"column":71}},"16":{"start":{"line":43,"column":25},"end":{"line":53,"column":9}},"17":{"start":{"line":56,"column":8},"end":{"line":68,"column":9}},"18":{"start":{"line":57,"column":12},"end":{"line":61,"column":14}},"19":{"start":{"line":62,"column":12},"end":{"line":64,"column":13}},"20":{"start":{"line":63,"column":16},"end":{"line":63,"column":73}},"21":{"start":{"line":66,"column":25},"end":{"line":66,"column":43}},"22":{"start":{"line":67,"column":12},"end":{"line":67,"column":42}},"23":{"start":{"line":70,"column":8},"end":{"line":70,"column":28}},"24":{"start":{"line":73,"column":8},"end":{"line":73,"column":50}},"25":{"start":{"line":74,"column":8},"end":{"line":74,"column":61}},"26":{"start":{"line":79,"column":4},"end":{"line":88,"column":5}},"27":{"start":{"line":80,"column":21},"end":{"line":80,"column":64}},"28":{"start":{"line":81,"column":8},"end":{"line":83,"column":9}},"29":{"start":{"line":82,"column":12},"end":{"line":82,"column":69}},"30":{"start":{"line":84,"column":8},"end":{"line":84,"column":59}},"31":{"start":{"line":86,"column":8},"end":{"line":86,"column":52}},"32":{"start":{"line":87,"column":8},"end":{"line":87,"column":63}},"33":{"start":{"line":91,"column":0},"end":{"line":96,"column":2}}},"fnMap":{"0":{"name":"getMoves","decl":{"start":{"line":4,"column":15},"end":{"line":4,"column":23}},"loc":{"start":{"line":4,"column":34},"end":{"line":12,"column":1}},"line":4},"1":{"name":"getPublicMoves","decl":{"start":{"line":14,"column":15},"end":{"line":14,"column":29}},"loc":{"start":{"line":14,"column":40},"end":{"line":22,"column":1}},"line":14},"2":{"name":"createOrUpdateMove","decl":{"start":{"line":24,"column":15},"end":{"line":24,"column":33}},"loc":{"start":{"line":24,"column":44},"end":{"line":76,"column":1}},"line":24},"3":{"name":"deleteMove","decl":{"start":{"line":78,"column":15},"end":{"line":78,"column":25}},"loc":{"start":{"line":78,"column":36},"end":{"line":89,"column":1}},"line":78}},"branchMap":{"0":{"loc":{"start":{"line":39,"column":8},"end":{"line":41,"column":9}},"type":"if","locations":[{"start":{"line":39,"column":8},"end":{"line":41,"column":9}},{"start":{},"end":{}}],"line":39},"1":{"loc":{"start":{"line":45,"column":29},"end":{"line":45,"column":50}},"type":"binary-expr","locations":[{"start":{"line":45,"column":29},"end":{"line":45,"column":44}},{"start":{"line":45,"column":48},"end":{"line":45,"column":50}}],"line":45},"2":{"loc":{"start":{"line":46,"column":19},"end":{"line":46,"column":29}},"type":"binary-expr","locations":[{"start":{"line":46,"column":19},"end":{"line":46,"column":24}},{"start":{"line":46,"column":28},"end":{"line":46,"column":29}}],"line":46},"3":{"loc":{"start":{"line":51,"column":23},"end":{"line":51,"column":37}},"type":"binary-expr","locations":[{"start":{"line":51,"column":23},"end":{"line":51,"column":32}},{"start":{"line":51,"column":36},"end":{"line":51,"column":37}}],"line":51},"4":{"loc":{"start":{"line":52,"column":27},"end":{"line":52,"column":47}},"type":"binary-expr","locations":[{"start":{"line":52,"column":27},"end":{"line":52,"column":40}},{"start":{"line":52,"column":44},"end":{"line":52,"column":47}}],"line":52},"5":{"loc":{"start":{"line":56,"column":8},"end":{"line":68,"column":9}},"type":"if","locations":[{"start":{"line":56,"column":8},"end":{"line":68,"column":9}},{"start":{"line":65,"column":15},"end":{"line":68,"column":9}}],"line":56},"6":{"loc":{"start":{"line":62,"column":12},"end":{"line":64,"column":13}},"type":"if","locations":[{"start":{"line":62,"column":12},"end":{"line":64,"column":13}},{"start":{},"end":{}}],"line":62},"7":{"loc":{"start":{"line":81,"column":8},"end":{"line":83,"column":9}},"type":"if","locations":[{"start":{"line":81,"column":8},"end":{"line":83,"column":9}},{"start":{},"end":{}}],"line":81}},"s":{"0":0,"1":0,"2":0,"3":0,"4":0,"5":0,"6":0,"7":0,"8":0,"9":0,"10":0,"11":0,"12":0,"13":0,"14":0,"15":0,"16":0,"17":0,"18":0,"19":0,"20":0,"21":0,"22":0,"23":0,"24":0,"25":0,"26":0,"27":0,"28":0,"29":0,"30":0,"31":0,"32":0,"33":0},"f":{"0":0,"1":0,"2":0,"3":0},"b":{"0":[0,0],"1":[0,0],"2":[0,0],"3":[0,0],"4":[0,0],"5":[0,0],"6":[0,0],"7":[0,0]}}
,"/workspace/src/controllers/nodeController.js": {"path":"/workspace/src/controllers/nodeController.js","statementMap":{"0":{"start":{"line":1,"column":13},"end":{"line":1,"column":38}},"1":{"start":{"line":2,"column":13},"end":{"line":2,"column":38}},"2":{"start":{"line":3,"column":15},"end":{"line":3,"column":42}},"3":{"start":{"line":4,"column":20},"end":{"line":4,"column":54}},"4":{"start":{"line":5,"column":21},"end":{"line":5,"column":56}},"5":{"start":{"line":6,"column":22},"end":{"line":6,"column":58}},"6":{"start":{"line":7,"column":33},"end":{"line":7,"column":67}},"7":{"start":{"line":8,"column":17},"end":{"line":8,"column":36}},"8":{"start":{"line":9,"column":21},"end":{"line":9,"column":56}},"9":{"start":{"line":12,"column":4},"end":{"line":18,"column":5}},"10":{"start":{"line":13,"column":22},"end":{"line":13,"column":57}},"11":{"start":{"line":14,"column":8},"end":{"line":14,"column":24}},"12":{"start":{"line":16,"column":8},"end":{"line":16,"column":53}},"13":{"start":{"line":17,"column":8},"end":{"line":17,"column":64}},"14":{"start":{"line":22,"column":4},"end":{"line":91,"column":5}},"15":{"start":{"line":24,"column":22},"end":{"line":24,"column":87}},"16":{"start":{"line":27,"column":26},"end":{"line":27,"column":60}},"17":{"start":{"line":27,"column":44},"end":{"line":27,"column":59}},"18":{"start":{"line":30,"column":8},"end":{"line":85,"column":9}},"19":{"start":{"line":31,"column":25},"end":{"line":31,"column":61}},"20":{"start":{"line":32,"column":12},"end":{"line":84,"column":13}},"21":{"start":{"line":34,"column":38},"end":{"line":34,"column":94}},"22":{"start":{"line":37,"column":16},"end":{"line":83,"column":17}},"23":{"start":{"line":39,"column":20},"end":{"line":82,"column":21}},"24":{"start":{"line":40,"column":24},"end":{"line":81,"column":27}},"25":{"start":{"line":42,"column":28},"end":{"line":44,"column":29}},"26":{"start":{"line":43,"column":32},"end":{"line":43,"column":44}},"27":{"start":{"line":47,"column":28},"end":{"line":62,"column":29}},"28":{"start":{"line":48,"column":57},"end":{"line":49,"column":126}},"29":{"start":{"line":49,"column":76},"end":{"line":49,"column":125}},"30":{"start":{"line":51,"column":58},"end":{"line":52,"column":129}},"31":{"start":{"line":52,"column":79},"end":{"line":52,"column":128}},"32":{"start":{"line":54,"column":32},"end":{"line":61,"column":33}},"33":{"start":{"line":55,"column":36},"end":{"line":59,"column":39}},"34":{"start":{"line":60,"column":36},"end":{"line":60,"column":49}},"35":{"start":{"line":65,"column":28},"end":{"line":77,"column":29}},"36":{"start":{"line":66,"column":62},"end":{"line":67,"column":139}},"37":{"start":{"line":67,"column":84},"end":{"line":67,"column":138}},"38":{"start":{"line":69,"column":32},"end":{"line":76,"column":33}},"39":{"start":{"line":70,"column":36},"end":{"line":74,"column":39}},"40":{"start":{"line":75,"column":36},"end":{"line":75,"column":49}},"41":{"start":{"line":80,"column":28},"end":{"line":80,"column":40}},"42":{"start":{"line":87,"column":8},"end":{"line":87,"column":28}},"43":{"start":{"line":89,"column":8},"end":{"line":89,"column":60}},"44":{"start":{"line":90,"column":8},"end":{"line":90,"column":64}},"45":{"start":{"line":95,"column":82},"end":{"line":95,"column":90}},"46":{"start":{"line":97,"column":4},"end":{"line":221,"column":5}},"47":{"start":{"line":98,"column":8},"end":{"line":100,"column":9}},"48":{"start":{"line":99,"column":12},"end":{"line":99,"column":78}},"49":{"start":{"line":103,"column":8},"end":{"line":127,"column":9}},"50":{"start":{"line":104,"column":12},"end":{"line":126,"column":13}},"51":{"start":{"line":106,"column":16},"end":{"line":114,"column":17}},"52":{"start":{"line":107,"column":40},"end":{"line":107,"column":107}},"53":{"start":{"line":108,"column":20},"end":{"line":113,"column":21}},"54":{"start":{"line":109,"column":24},"end":{"line":112,"column":27}},"55":{"start":{"line":117,"column":16},"end":{"line":125,"column":17}},"56":{"start":{"line":118,"column":45},"end":{"line":118,"column":122}},"57":{"start":{"line":119,"column":20},"end":{"line":124,"column":21}},"58":{"start":{"line":120,"column":24},"end":{"line":123,"column":27}},"59":{"start":{"line":130,"column":8},"end":{"line":159,"column":9}},"60":{"start":{"line":131,"column":12},"end":{"line":158,"column":13}},"61":{"start":{"line":133,"column":16},"end":{"line":138,"column":17}},"62":{"start":{"line":134,"column":20},"end":{"line":137,"column":23}},"63":{"start":{"line":141,"column":16},"end":{"line":146,"column":17}},"64":{"start":{"line":142,"column":20},"end":{"line":145,"column":23}},"65":{"start":{"line":149,"column":16},"end":{"line":157,"column":17}},"66":{"start":{"line":150,"column":40},"end":{"line":150,"column":100}},"67":{"start":{"line":151,"column":20},"end":{"line":156,"column":21}},"68":{"start":{"line":152,"column":24},"end":{"line":155,"column":27}},"69":{"start":{"line":161,"column":8},"end":{"line":2
[...]
":8},"end":{"line":270,"column":9}},"type":"switch","locations":[{"start":{"line":117,"column":12},"end":{"line":177,"column":13}},{"start":{"line":179,"column":12},"end":{"line":181,"column":22}},{"start":{"line":183,"column":12},"end":{"line":185,"column":22}},{"start":{"line":187,"column":12},"end":{"line":189,"column":22}},{"start":{"line":191,"column":12},"end":{"line":204,"column":22}},{"start":{"line":206,"column":12},"end":{"line":208,"column":22}},{"start":{"line":210,"column":12},"end":{"line":212,"column":22}},{"start":{"line":214,"column":12},"end":{"line":216,"column":22}},{"start":{"line":218,"column":12},"end":{"line":220,"column":22}},{"start":{"line":222,"column":12},"end":{"line":269,"column":19}}],"line":116},"12":{"loc":{"start":{"line":125,"column":42},"end":{"line":125,"column":83}},"type":"binary-expr","locations":[{"start":{"line":125,"column":42},"end":{"line":125,"column":78}},{"start":{"line":125,"column":82},"end":{"line":125,"column":83}}],"line":125},"13":{"loc":{"start":{"line":126,"column":50},"end":{"line":126,"column":99}},"type":"binary-expr","locations":[{"start":{"line":126,"column":50},"end":{"line":126,"column":94}},{"start":{"line":126,"column":98},"end":{"line":126,"column":99}}],"line":126},"14":{"loc":{"start":{"line":145,"column":20},"end":{"line":148,"column":21}},"type":"if","locations":[{"start":{"line":145,"column":20},"end":{"line":148,"column":21}},{"start":{},"end":{}}],"line":145},"15":{"loc":{"start":{"line":159,"column":20},"end":{"line":174,"column":21}},"type":"if","locations":[{"start":{"line":159,"column":20},"end":{"line":174,"column":21}},{"start":{"line":164,"column":27},"end":{"line":174,"column":21}}],"line":159},"16":{"loc":{"start":{"line":192,"column":16},"end":{"line":203,"column":17}},"type":"if","locations":[{"start":{"line":192,"column":16},"end":{"line":203,"column":17}},{"start":{"line":198,"column":23},"end":{"line":203,"column":17}}],"line":192},"17":{"loc":{"start":{"line":224,"column":16},"end":{"line":259,"column":17}},"type":"if","locations":[{"start":{"line":224,"column":16},"end":{"line":259,"column":17}},{"start":{},"end":{}}],"line":224},"18":{"loc":{"start":{"line":224,"column":20},"end":{"line":224,"column":92}},"type":"binary-expr","locations":[{"start":{"line":224,"column":20},"end":{"line":224,"column":46}},{"start":{"line":224,"column":50},"end":{"line":224,"column":92}}],"line":224},"19":{"loc":{"start":{"line":231,"column":20},"end":{"line":257,"column":21}},"type":"if","locations":[{"start":{"line":231,"column":20},"end":{"line":257,"column":21}},{"start":{},"end":{}}],"line":231},"20":{"loc":{"start":{"line":232,"column":24},"end":{"line":256,"column":25}},"type":"if","locations":[{"start":{"line":232,"column":24},"end":{"line":256,"column":25}},{"start":{"line":250,"column":31},"end":{"line":256,"column":25}}],"line":232},"21":{"loc":{"start":{"line":239,"column":28},"end":{"line":249,"column":29}},"type":"if","locations":[{"start":{"line":239,"column":28},"end":{"line":249,"column":29}},{"start":{},"end":{}}],"line":239},"22":{"loc":{"start":{"line":239,"column":32},"end":{"line":239,"column":70}},"type":"binary-expr","locations":[{"start":{"line":239,"column":32},"end":{"line":239,"column":43}},{"start":{"line":239,"column":47},"end":{"line":239,"column":70}}],"line":239},"23":{"loc":{"start":{"line":262,"column":16},"end":{"line":265,"column":17}},"type":"if","locations":[{"start":{"line":262,"column":16},"end":{"line":265,"column":17}},{"start":{},"end":{}}],"line":262},"24":{"loc":{"start":{"line":262,"column":20},"end":{"line":262,"column":58}},"type":"binary-expr","locations":[{"start":{"line":262,"column":20},"end":{"line":262,"column":31}},{"start":{"line":262,"column":35},"end":{"line":262,"column":58}}],"line":262},"25":{"loc":{"start":{"line":274,"column":21},"end":{"line":274,"column":64}},"type":"binary-expr","locations":[{"start":{"line":274,"column":21},"end":{"line":274,"column":34}},{"start":{"line":274,"column":38},"end":{"line":274,"column":64}}],"line":274},"26":{"loc":{"start":{"line":302,"column":22},"end":{"line":302,"column":76}},"type":"binary-expr","locations":[{"start":{"line":302,"column":22},"end":{"line":302,"column":70}},{"start":{"line":302,"column":74},"end":{"line":302,"column":76}}],"line":302},"27":{"loc":{"start":{"line":315,"column":4},"end":{"line":403,"column":5}},"type":"if","locations":[{"start":{"line":315,"column":4},"end":{"line":403,"column":5}},{"start":{"line":362,"column":11},"end":{"line":403,"column":5}}],"line":315},"28":{"loc":{"start":{"line":321,"column":8},"end":{"line":328,"column":9}},"type":"if","locations":[{"start":{"line":321,"column":8},"end":{"line":328,"column":9}},{"start":{},"end":{}}],"line":321},"29":{"loc":{"start":{"line":333,"column":8},"end":{"line":343,"column":9}},"type":"if","locations":[{"start":{"line":333,"column":8},"end":{"line":343,"column":9}},{"start":{},"end":{}}],"line":333},"30":{"loc":{"start":{"line":346,"column":8},"end":{"line":356,"column":9}},"type":"if","locations":[{"start":{"line":346,"column":8},"end":{"line":356,"column":9}},{"start":{},"end":{}}],"line":346},"31":{"loc":{"start":{"line":346,"column":12},"end":{"line":346,"column":82}},"type":"binary-expr","locations":[{"start":{"line":346,"column":12},"end":{"line":346,"column":23}},{"start":{"line":346,"column":27},"end":{"line":346,"column":82}}],"line":346},"32":{"loc":{"start":{"line":366,"column":8},"end":{"line":369,"column":9}},"type":"if","locations":[{"start":{"line":366,"column":8},"end":{"line":369,"column":9}},{"start":{},"end":{}}],"line":366},"33":{"loc":{"start":{"line":371,"column":8},"end":{"line":375,"column":9}},"type":"if","locations":[{"start":{"line":371,"column":8},"end":{"line":375,"column":9}},{"start":{},"end":{}}],"line":371},"34":{"loc":{"start":{"line":372,"column":12},"end":{"line":372,"column":45}},"type":"if","locations":[{"start":{"line":372,"column":12},"end":{"line":372,"column":45}},{"start":{},"end":{}}],"line":372},"35":{"loc":{"start":{"line":377,"column":8},"end":{"line":381,"column":9}},"type":"if","locations":[{"start":{"line":377,"column":8},"end":{"line":381,"column":9}},{"start":{},"end":{}}],"line":377},"36":{"loc":{"start":{"line":378,"column":12},"end":{"line":378,"column":45}},"type":"if","locations":[{"start":{"line":378,"column":12},"end":{"line":378,"column":45}},{"start":{},"end":{}}],"line":378},"37":{"loc":{"start":{"line":383,"column":8},"end":{"line":385,"column":9}},"type":"if","locations":[{"start":{"line":383,"column":8},"end":{"line":385,"column":9}},{"start":{},"end":{}}],"line":383},"38":{"loc":{"start":{"line":401,"column":21},"end":{"line":401,"column":92}},"type":"cond-expr","locations":[{"start":{"line":401,"column":35},"end":{"line":401,"column":87}},{"start":{"line":401,"column":90},"end":{"line":401,"column":92}}],"line":401},"39":{"loc":{"start":{"line":407,"column":4},"end":{"line":412,"column":5}},"type":"if","locations":[{"start":{"line":407,"column":4},"end":{"line":412,"column":5}},{"start":{},"end":{}}],"line":407},"40":{"loc":{"start":{"line":415,"column":4},"end":{"line":445,"column":5}},"type":"if","locations":[{"start":{"line":415,"column":4},"end":{"line":445,"column":5}},{"start":{},"end":{}}],"line":415},"41":{"loc":{"start":{"line":421,"column":8},"end":{"line":443,"column":9}},"type":"if","locations":[{"start":{"line":421,"column":8},"end":{"line":443,"column":9}},{"start":{},"end":{}}],"line":421},"42":{"loc":{"start":{"line":422,"column":12},"end":{"line":442,"column":13}},"type":"if","locations":[{"start":{"line":422,"column":12},"end":{"line":442,"column":13}},{"start":{"line":427,"column":19},"end":{"line":442,"column":13}}],"line":422},"43":{"loc":{"start":{"line":439,"column":16},"end":{"line":441,"column":17}},"type":"if","locations":[{"start":{"line":439,"column":16},"end":{"line":441,"column":17}},{"start":{},"end":{}}],"line":439},"44":{"loc":{"start":{"line":450,"column":4},"end":{"line":512,"column":5}},"type":"if","locations":[{"start":{"line":450,"column":4},"end":{"line":512,"column":5}},{"start":{},"end":{}}],"line":450},"45":{"loc":{"start":{"line":468,"column":8},"end":{"line":478,"column":9}},"type":"if","locations":[{"start":{"line":468,"column":8},"end":{"line":478,"column":9}},{"start":{},"end":{}}],"line":468},"46":{"loc":{"start":{"line":482,"column":8},"end":{"line":489,"column":9}},"type":"if","locations":[{"start":{"line":482,"column":8},"end":{"line":489,"column":9}},{"start":{},"end":{}}],"line":482},"47":{"loc":{"start":{"line":493,"column":27},"end":{"line":493,"column":74}},"type":"binary-expr","locations":[{"start":{"line":493,"column":27},"end":{"line":493,"column":69}},{"start":{"line":493,"column":73},"end":{"line":493,"column":74}}],"line":493},"48":{"loc":{"start":{"line":496,"column":8},"end":{"line":502,"column":9}},"type":"if","locations":[{"start":{"line":496,"column":8},"end":{"line":502,"column":9}},{"start":{},"end":{}}],"line":496},"49":{"loc":{"start":{"line":496,"column":12},"end":{"line":496,"column":46}},"type":"binary-expr","locations":[{"start":{"line":496,"column":12},"end":{"line":496,"column":23}},{"start":{"line":496,"column":27},"end":{"line":496,"column":46}}],"line":496},"50":{"loc":{"start":{"line":516,"column":4},"end":{"line":538,"column":5}},"type":"if","locations":[{"start":{"line":516,"column":4},"end":{"line":538,"column":5}},{"start":{},"end":{}}],"line":516},"51":{"loc":{"start":{"line":516,"column":8},"end":{"line":516,"column":78}},"type":"binary-expr","locations":[{"start":{"line":516,"column":8},"end":{"line":516,"column":19}},{"start":{"line":516,"column":23},"end":{"line":516,"column":78}}],"line":516},"52":{"loc":{"start":{"line":518,"column":27},"end":{"line":518,"column":74}},"type":"binary-expr","locations":[{"start":{"line":518,"column":27},"end":{"line":518,"column":69}},{"start":{"line":518,"column":73},"end":{"line":518,"column":74}}],"line":518},"53":{"loc":{"start":{"line":521,"column":8},"end":{"line":527,"column":9}},"type":"if","locations":[{"start":{"line":521,"column":8},"end":{"line":527,"column":9}},{"start":{},"end":{}}],"line":521},"54":{"loc":{"start":{"line":549,"column":8},"end":{"line":555,"column":9}},"type":"if","locations":[{"start":{"line":549,"column":8},"end":{"line":555,"column":9}},{"start":{},"end":{}}],"line":549},"55":{"loc":{"start":{"line":582,"column":8},"end":{"line":588,"column":9}},"type":"if","locations":[{"start":{"line":582,"column":8},"end":{"line":588,"column":9}},{"start":{},"end":{}}],"line":582},"56":{"loc":{"start":{"line":616,"column":4},"end":{"line":619,"column":5}},"type":"if","locations":[{"start":{"line":616,"column":4},"end":{"line":619,"column":5}},{"start":{},"end":{}}],"line":616},"57":{"loc":{"start":{"line":621,"column":4},"end":{"line":624,"column":5}},"type":"if","locations":[{"start":{"line":621,"column":4},"end":{"line":624,"column":5}},{"start":{},"end":{}}],"line":621},"58":{"loc":{"start":{"line":627,"column":4},"end":{"line":630,"column":5}},"type":"if","locations":[{"start":{"line":627,"column":4},"end":{"line":630,"column":5}},{"start":{},"end":{}}],"line":627},"59":{"loc":{"start":{"line":633,"column":4},"end":{"line":636,"column":5}},"type":"if","locations":[{"start":{"line":633,"column":4},"end":{"line":636,"column":5}},{"start":{},"end":{}}],"line":633},"60":{"loc":{"start":{"line":633,"column":8},"end":{"line":633,"column":79}},"type":"binary-expr","locations":[{"start":{"line":633,"column":8},"end":{"line":633,"column":20}},{"start":{"line":633,"column":24},"end":{"line":633,"column":79}}],"line":633}},"s":{"0":0,"1":0,"2":0,"3":0,"4":0,"5":0,"6":0,"7":0,"8":0,"9":0,"10":0,"11":0,"12":0,"13":0,"14":0,"15":0,"16":0,"17":0,"18":0,"19":0,"20":0,"21":0,"22":0,"23":0,"24":0,"25":0,"26":0,"27":0,"28":0,"29":0,"30":0,"31":0,"32":0,"33":0,"34":0,"35":0,"36":0,"37":0,"38":0,"39":0,"40":0,"41":0,"42":0,"43":0,"44":0,"45":0,"46":0,"47":0,"48":0,"49":0,"50":0,"51":0,"52":0,"53":0,"54":0,"55":0,"56":0,"57":0,"58":0,"59":0,"60":0,"61":0,"62":0,"63":0,"64":0,"65":0,"66":0,"67":0,"68":0,"69":0,"70":0,"71":0,"72":0,"73":0,"74":0,"75":0,"76":0,"77":0,"78":0,"79":0,"80":0,"81":0,"82":0,"83":0,"84":0,"85":0,"86":0,"87":0,"88":0,"89":0,"90":0,"91":0,"92":0,"93":0,"94":0,"95":0,"96":0,"97":0,"98":0,"99":0,"100":0,"101":0,"102":0,"103":0,"104":0,"105":0,"106":0,"107":0,"108":0,"109":0,"110":0,"111":0,"112":0,"113":0,"114":0,"115":0,"116":0,"117":0,"118":0,"119":0,"120":0,"121":0,"122":0,"123":0,"124":0,"125":0,"126":0,"127":0,"128":0,"129":0,"130":0,"131":0,"132":0,"133":0,"134":0,"135":0,"136":0,"137":0,"138":0,"139":0,"140":0,"141":0,"142":0,"143":0,"144":0,"145":0,"146":0,"147":0,"148":0,"149":0,"150":0,"151":0,"152":0,"153":0,"154":0,"155":0,"156":0,"157":0,"158":0,"159":0,"160":0,"161":0,"162":0,"163":0,"164":0,"165":0,"166":0,"167":0,"168":0,"169":0,"170":0,"171":0,"172":0,"173":0,"174":0,"175":0,"176":0,"177":0,"178":0,"179":0,"180":0,"181":0,"182":0,"183":0,"184":0,"185":0,"186":0,"187":0,"188":0,"189":0,"190":0,"191":0,"192":0,"193":0,"194":0,"195":0,"196":0,"197":0,"198":0,"199":0,"200":0,"201":0,"202":0,"203":0,"204":0,"205":0,"206":0,"207":0,"208":0,"209":0,"210":0,"211":0,"212":0,"213":0,"214":0,"215":0,"216":0,"217":0,"218":0,"219":0,"220":0,"221":0,"222":0,"223":0,"224":0,"225":0,"226":0,"227":0,"228":0,"229":0,"230":0,"231":0,"232":0,"233":0},"f":{"0":0,"1":0,"2":0,"3":0,"4":0,"5":0,"6":0,"7":0,"8":0,"9":0,"10":0,"11":0,"12":0,"13":0,"14":0},"b":{"0":[0,0],"1":[0,0],"2":[0,0,0],"3":[0,0],"4":[0,0],"5":[0,0],"6":[0,0],"7":[0,0],"8":[0,0],"9":[0,0],"10":[0,0],"11":[0,0,0,0,0,0,0,0,0,0],"12":[0,0],"13":[0,0],"14":[0,0],"15":[0,0],"16":[0,0],"17":[0,0],"18":[0,0],"19":[0,0],"20":[0,0],"21":[0,0],"22":[0,0],"23":[0,0],"24":[0,0],"25":[0,0],"26":[0,0],"27":[0,0],"28":[0,0],"29":[0,0],"30":[0,0],"31":[0,0],"32":[0,0],"33":[0,0],"34":[0,0],"35":[0,0],"36":[0,0],"37":[0,0],"38":[0,0],"39":[0,0],"40":[0,0],"41":[0,0],"42":[0,0],"43":[0,0],"44":[0,0],"45":[0,0],"46":[0,0],"47":[0,0],"48":[0,0],"49":[0,0],"50":[0,0],"51":[0,0],"52":[0,0],"53":[0,0],"54":[0,0],"55":[0,0],"56":[0,0],"57":[0,0],"58":[0,0],"59":[0,0],"60":[0,0]}}
,"/workspace/src/sockets/socketHandler.js": {"path":"/workspace/src/sockets/socketHandler.js","statementMap":{"0":{"start":{"line":1,"column":12},"end":{"line":1,"column":35}},"1":{"start":{"line":2,"column":23},"end":{"line":2,"column":53}},"2":{"start":{"line":3,"column":15},"end":{"line":3,"column":42}},"3":{"start":{"line":4,"column":21},"end":{"line":4,"column":56}},"4":{"start":{"line":5,"column":22},"end":{"line":5,"column":58}},"5":{"start":{"line":6,"column":26},"end":{"line":6,"column":53}},"6":{"start":{"line":7,"column":23},"end":{"line":7,"column":47}},"7":{"start":{"line":8,"column":13},"end":{"line":8,"column":38}},"8":{"start":{"line":9,"column":23},"end":{"line":9,"column":60}},"9":{"start":{"line":10,"column":20},"end":{"line":10,"column":54}},"10":{"start":{"line":11,"column":20},"end":{"line":11,"column":54}},"11":{"start":{"line":14,"column":4},"end":{"line":27,"column":7}},"12":{"start":{"line":15,"column":22},"end":{"line":15,"column":49}},"13":{"start":{"line":16,"column":8},"end":{"line":18,"column":9}},"14":{"start":{"line":17,"column":12},"end":{"line":17,"column":59}},"15":{"start":{"line":20,"column":8},"end":{"line":26,"column":9}},"16":{"start":{"line":21,"column":29},"end":{"line":21,"column":58}},"17":{"start":{"line":22,"column":12},"end":{"line":22,"column":35}},"18":{"start":{"line":23,"column":12},"end":{"line":23,"column":19}},"19":{"start":{"line":25,"column":12},"end":{"line":25,"column":45}},"20":{"start":{"line":29,"column":4},"end":{"line":78,"column":7}},"21":{"start":{"line":30,"column":8},"end":{"line":30,"column":60}},"22":{"start":{"line":33,"column":8},"end":{"line":33,"column":59}},"23":{"start":{"line":36,"column":8},"end":{"line":55,"column":9}},"24":{"start":{"line":37,"column":25},"end":{"line":37,"column":64}},"25":{"start":{"line":38,"column":12},"end":{"line":52,"column":13}},"26":{"start":{"line":39,"column":16},"end":{"line":39,"column":81}},"27":{"start":{"line":41,"column":16},"end":{"line":41,"column":74}},"28":{"start":{"line":44,"column":16},"end":{"line":44,"column":85}},"29":{"start":{"line":47,"column":36},"end":{"line":47,"column":81}},"30":{"start":{"line":48,"column":16},"end":{"line":51,"column":18}},"31":{"start":{"line":54,"column":12},"end":{"line":54,"column":63}},"32":{"start":{"line":58,"column":8},"end":{"line":58,"column":76}},"33":{"start":{"line":58,"column":47},"end":{"line":58,"column":74}},"34":{"start":{"line":61,"column":8},"end":{"line":61,"column":76}},"35":{"start":{"line":61,"column":47},"end":{"line":61,"column":74}},"36":{"start":{"line":64,"column":8},"end":{"line":77,"column":11}},"37":{"start":{"line":65,"column":12},"end":{"line":65,"column":67}},"38":{"start":{"line":67,"column":12},"end":{"line":76,"column":13}},"39":{"start":{"line":68,"column":29},"end":{"line":68,"column":68}},"40":{"start":{"line":69,"column":16},"end":{"line":72,"column":17}},"41":{"start":{"line":70,"column":20},"end":{"line":70,"column":90}},"42":{"start":{"line":71,"column":20},"end":{"line":71,"column":82}},"43":{"start":{"line":73,"column":16},"end":{"line":73,"column":62}},"44":{"start":{"line":75,"column":16},"end":{"line":75,"column":66}},"45":{"start":{"line":81,"column":0},"end":{"line":81,"column":31}}},"fnMap":{"0":{"name":"socketHandler","decl":{"start":{"line":12,"column":9},"end":{"line":12,"column":22}},"loc":{"start":{"line":12,"column":27},"end":{"line":79,"column":1}},"line":12},"1":{"name":"(anonymous_1)","decl":{"start":{"line":14,"column":11},"end":{"line":14,"column":12}},"loc":{"start":{"line":14,"column":29},"end":{"line":27,"column":5}},"line":14},"2":{"name":"(anonymous_2)","decl":{"start":{"line":29,"column":24},"end":{"line":29,"column":25}},"loc":{"start":{"line":29,"column":42},"end":{"line":78,"column":5}},"line":29},"3":{"name":"(anonymous_3)","decl":{"start":{"line":58,"column":34},"end":{"line":58,"column":35}},"loc":{"start":{"line":58,"column":47},"end":{"line":58,"column":74}},"line":58},"4":{"name":"(anonymous_4)","decl":{"start":{"line":61,"column":37},"end":{"line":61,"column":38}},"loc":{"start":{"line":61,"column":47},"end":{"line":61,"column":74}},"line":61},"5":{"name":"(anonymous_5)","decl":{"start":{"line":64,"column":32},"end":{"line":64,"column":33}},"loc":{"start":{"line":64,"column":44},"end":{"line":77,"column":9}},"line":64}},"branchMap":{"0":{"loc":{"start":{"line":16,"column":8},"end":{"line":18,"column":9}},"type":"if","locations":[{"start":{"line":16,"column":8},"end":{"line":18,"column":9}},{"start":{},"end":{}}],"line":16},"1":{"loc":{"start":{"line":38,"column":12},"end":{"line":52,"column":13}},"type":"if","locations":[{"start":{"line":38,"column":12},"end":{"line":52,"column":13}},{"start":{},"end":{}}],"line":38},"2":{"loc":{"start":{"line":38,"column":16},"end":{"line":38,"column":40}},"type":"binary-expr","locations":[{"start":{"line":38,"column":16},"end":{"line":38,"column":20}},{"start":{"line":38,"column":24},"end":{"line":38,"column":40}}],"line":38},"3":{"loc":{"start":{"line":69,"column":16},"end":{"line":72,"column":17}},"type":"if","locations":[{"start":{"line":69,"column":16},"end":{"line":72,"column":17}},{"start":{},"end":{}}],"line":69},"4":{"loc":{"start":{"line":69,"column":20},"end":{"line":69,"column":44}},"type":"binary-expr","locations":[{"start":{"line":69,"column":20},"end":{"line":69,"column":24}},{"start":{"line":69,"column":28},"end":{"line":69,"column":44}}],"line":69}},"s":{"0":0,"1":0,"2":0,"3":0,"4":0,"5":0,"6":0,"7":0,"8":0,"9":0,"10":0,"11":0,"12":0,"13":0,"14":0,"15":0,"16":0,"17":0,"18":0,"19":0,"20":0,"21":0,"22":0,"23":0,"24":0,"25":0,"26":0,"27":0,"28":0,"29":0,"30":0,"31":0,"32":0,"33":0,"34":0,"35":0,"36":0,"37":0,"38":0,"39":0,"40":0,"41":0,"42":0,"43":0,"44":0,"45":0},"f":{"0":0,"1":0,"2":0,"3":0,"4":0,"5":0},"b":{"0":[0,0],"1":[0,0],"2":[0,0],"3":[0,0],"4":[0,0]}}
}
