TN:
SF:src/app.js
FN:17,(anonymous_0)
FN:26,(anonymous_1)
FN:31,(anonymous_2)
FNF:3
FNH:0
FNDA:0,(anonymous_0)
FNDA:0,(anonymous_1)
FNDA:0,(anonymous_2)
DA:1,0
DA:3,0
DA:4,0
DA:5,0
DA:6,0
DA:7,0
DA:9,0
DA:12,0
DA:13,0
DA:14,0
DA:17,0
DA:18,0
DA:19,0
DA:23,0
DA:26,0
DA:27,0
DA:31,0
DA:32,0
DA:33,0
DA:37,0
DA:39,0
LF:21
LH:0
BRF:0
BRH:0
end_of_record
TN:
SF:src/server.js
FN:9,startServer
FN:26,(anonymous_1)
FN:31,(anonymous_2)
FN:43,(anonymous_3)
FN:48,(anonymous_4)
FNF:5
FNH:0
FNDA:0,startServer
FNDA:0,(anonymous_1)
FNDA:0,(anonymous_2)
FNDA:0,(anonymous_3)
FNDA:0,(anonymous_4)
DA:1,0
DA:2,0
DA:3,0
DA:4,0
DA:5,0
DA:6,0
DA:7,0
DA:10,0
DA:12,0
DA:15,0
DA:18,0
DA:19,0
DA:22,0
DA:25,0
DA:26,0
DA:27,0
DA:31,0
DA:32,0
DA:33,0
DA:34,0
DA:37,0
DA:38,0
DA:43,0
DA:44,0
DA:45,0
DA:48,0
DA:49,0
DA:50,0
DA:53,0
LF:29
LH:0
BRDA:25,0,0,0
BRDA:25,0,1,0
BRF:2
BRH:0
end_of_record
TN:
SF:src/config/database.js
FN:4,connectDB
FNF:1
FNH:0
FNDA:0,connectDB
DA:1,0
DA:2,0
DA:5,0
DA:6,0
DA:10,0
DA:12,0
DA:13,0
DA:17,0
LF:8
LH:0
BRF:0
BRH:0
end_of_record
TN:
SF:src/config/logger.js
FNF:0
FNH:0
DA:1,1
DA:3,1
DA:16,1
DA:17,1
DA:25,1
LF:5
LH:5
BRDA:16,0,0,1
BRDA:16,0,1,0
BRF:2
BRH:1
end_of_record
TN:
SF:src/config/redis.js
FN:7,connectRedis
FN:19,(anonymous_1)
FN:23,(anonymous_2)
FN:28,disconnect
FN:36,(anonymous_4)
FN:37,(anonymous_5)
FNF:6
FNH:0
FNDA:0,connectRedis
FNDA:0,(anonymous_1)
FNDA:0,(anonymous_2)
FNDA:0,disconnect
FNDA:0,(anonymous_4)
FNDA:0,(anonymous_5)
DA:1,1
DA:2,1
DA:8,0
DA:12,0
DA:15,0
DA:16,0
DA:19,0
DA:20,0
DA:23,0
DA:24,0
DA:29,0
DA:30,0
DA:33,1
DA:36,0
DA:37,0
LF:15
LH:3
BRDA:9,0,0,0
BRDA:9,0,1,0
BRF:2
BRH:0
end_of_record
TN:
SF:src/controllers/actorController.js
FN:4,getActors
FN:16,getPublicActors
FN:28,createOrUpdateActor
FN:68,deleteActor
FNF:4
FNH:0
FNDA:0,getActors
FNDA:0,getPublicActors
FNDA:0,createOrUpdateActor
FNDA:0,deleteActor
DA:1,0
DA:2,0
DA:5,0
DA:6,0
DA:9,0
DA:11,0
DA:12,0
DA:17,0
DA:18,0
DA:21,0
DA:23,0
DA:24,0
DA:29,0
DA:30,0
DA:32,0
DA:33,0
DA:36,0
DA:45,0
DA:47,0
DA:52,0
DA:53,0
DA:57,0
DA:58,0
DA:61,0
DA:63,0
DA:64,0
DA:69,0
DA:70,0
DA:71,0
DA:72,0
DA:74,0
DA:76,0
DA:77,0
DA:81,0
LF:34
LH:0
BRDA:32,0,0,0
BRDA:32,0,1,0
BRDA:32,1,0,0
BRDA:32,1,1,0
BRDA:45,2,0,0
BRDA:45,2,1,0
BRDA:52,3,0,0
BRDA:52,3,1,0
BRDA:71,4,0,0
BRDA:71,4,1,0
BRF:10
BRH:0
end_of_record
TN:
SF:src/controllers/authController.js
FN:8,(anonymous_0)
FN:10,login
FN:48,authenticate
FNF:3
FNH:0
FNDA:0,(anonymous_0)
FNDA:0,login
FNDA:0,authenticate
DA:1,0
DA:2,0
DA:3,0
DA:4,0
DA:5,0
DA:8,0
DA:11,0
DA:12,0
DA:13,0
DA:16,0
DA:17,0
DA:20,0
DA:23,0
DA:33,0
DA:34,0
DA:35,0
DA:37,0
DA:38,0
DA:41,0
DA:43,0
DA:44,0
DA:49,0
DA:50,0
DA:51,0
DA:53,0
DA:55,0
DA:56,0
DA:59,0
DA:60,0
DA:63,0
DA:64,0
DA:68,0
DA:71,0
DA:72,0
DA:75,0
DA:78,0
DA:88,0
DA:97,0
DA:98,0
DA:102,0
LF:40
LH:0
BRDA:55,0,0,0
BRDA:55,0,1,0
BRDA:55,1,0,0
BRDA:55,1,1,0
BRDA:55,1,2,0
BRDA:59,2,0,0
BRDA:59,2,1,0
BRDA:63,3,0,0
BRDA:63,3,1,0
BRDA:71,4,0,0
BRDA:71,4,1,0
BRF:11
BRH:0
end_of_record
TN:
SF:src/controllers/characterController.js
FN:19,calculateExpProgress
FN:37,registerAvatar
FN:67,getCharacterData
FN:91,getCharacterByUsername
FN:115,updateCharacter
FNF:5
FNH:0
FNDA:0,calculateExpProgress
FNDA:0,registerAvatar
FNDA:0,getCharacterData
FNDA:0,getCharacterByUsername
FNDA:0,updateCharacter
DA:1,0
DA:2,0
DA:5,0
DA:20,0
DA:21,0
DA:24,0
DA:25,0
DA:26,0
DA:27,0
DA:28,0
DA:30,0
DA:38,0
DA:39,0
DA:40,0
DA:41,0
DA:44,0
DA:45,0
DA:46,0
DA:50,0
DA:56,0
DA:57,0
DA:60,0
DA:62,0
DA:63,0
DA:68,0
DA:69,0
DA:70,0
DA:71,0
DA:74,0
DA:76,0
DA:86,0
DA:87,0
DA:92,0
DA:93,0
DA:94,0
DA:95,0
DA:98,0
DA:100,0
DA:110,0
DA:111,0
DA:116,0
DA:117,0
DA:119,0
DA:125,0
DA:126,0
DA:129,0
DA:135,0
DA:136,0
DA:140,0
LF:49
LH:0
BRDA:20,0,0,0
BRDA:20,0,1,0
BRDA:24,1,0,0
BRDA:24,1,1,0
BRDA:25,2,0,0
BRDA:25,2,1,0
BRDA:45,3,0,0
BRDA:45,3,1,0
BRDA:56,4,0,0
BRDA:56,4,1,0
BRDA:70,5,0,0
BRDA:70,5,1,0
BRDA:81,6,0,0
BRDA:81,6,1,0
BRDA:94,7,0,0
BRDA:94,7,1,0
BRDA:105,8,0,0
BRDA:105,8,1,0
BRDA:125,9,0,0
BRDA:125,9,1,0
BRF:20
BRH:0
end_of_record
TN:
SF:src/controllers/classController.js
FN:4,getClasses
FN:16,getPublicClasses
FN:27,createOrUpdateClass
FN:77,deleteClass
FNF:4
FNH:0
FNDA:0,getClasses
FNDA:0,getPublicClasses
FNDA:0,createOrUpdateClass
FNDA:0,deleteClass
DA:1,0
DA:2,0
DA:5,0
DA:6,0
DA:9,0
DA:11,0
DA:12,0
DA:17,0
DA:18,0
DA:20,0
DA:22,0
DA:23,0
DA:28,0
DA:39,0
DA:41,0
DA:42,0
DA:45,0
DA:56,0
DA:57,0
DA:58,0
DA:59,0
DA:62,0
DA:63,0
DA:64,0
DA:67,0
DA:68,0
DA:69,0
DA:72,0
DA:73,0
DA:78,0
DA:79,0
DA:80,0
DA:81,0
DA:83,0
DA:85,0
DA:86,0
DA:90,0
LF:37
LH:0
BRDA:41,0,0,0
BRDA:41,0,1,0
BRDA:41,1,0,0
BRDA:41,1,1,0
BRDA:41,1,2,0
BRDA:41,1,3,0
BRDA:41,1,4,0
BRDA:41,1,5,0
BRDA:56,2,0,0
BRDA:56,2,1,0
BRDA:58,3,0,0
BRDA:58,3,1,0
BRDA:80,4,0,0
BRDA:80,4,1,0
BRF:14
BRH:0
end_of_record
TN:
SF:src/controllers/eventController.js
FN:5,getEvents
FN:15,(anonymous_1)
FN:69,validateNode
FN:142,validateEventChances
FN:149,(anonymous_4)
FN:162,createOrUpdateEvent
FN:222,(anonymous_6)
FN:273,getEventById
FN:285,(anonymous_8)
FN:336,deleteEvent
FNF:10
FNH:0
FNDA:0,getEvents
FNDA:0,(anonymous_1)
FNDA:0,validateNode
FNDA:0,validateEventChances
FNDA:0,(anonymous_4)
FNDA:0,createOrUpdateEvent
FNDA:0,(anonymous_6)
FNDA:0,getEventById
FNDA:0,(anonymous_8)
FNDA:0,deleteEvent
DA:1,0
DA:2,0
DA:3,0
DA:6,0
DA:7,0
DA:15,0
DA:16,0
DA:18,0
DA:19,0
DA:20,0
DA:21,0
DA:22,0
DA:24,0
DA:29,0
DA:30,0
DA:31,0
DA:32,0
DA:33,0
DA:34,0
DA:41,0
DA:46,0
DA:47,0
DA:51,0
DA:52,0
DA:58,0
DA:59,0
DA:62,0
DA:64,0
DA:65,0
DA:70,0
DA:71,0
DA:74,0
DA:75,0
DA:78,0
DA:79,0
DA:82,0
DA:83,0
DA:84,0
DA:88,0
DA:89,0
DA:95,0
DA:97,0
DA:98,0
DA:99,0
DA:103,0
DA:104,0
DA:108,0
DA:109,0
DA:113,0
DA:114,0
DA:118,0
DA:119,0
DA:120,0
DA:124,0
DA:125,0
DA:126,0
DA:130,0
DA:131,0
DA:132,0
DA:133,0
DA:138,0
DA:144,0
DA:145,0
DA:149,0
DA:152,0
DA:153,0
DA:155,0
DA:163,0
DA:165,0
DA:167,0
DA:168,0
DA:172,0
DA:173,0
DA:175,0
DA:182,0
DA:183,0
DA:184,0
DA:191,0
DA:193,0
DA:194,0
DA:195,0
DA:198,0
DA:199,0
DA:200,0
DA:201,0
DA:202,0
DA:203,0
DA:206,0
DA:213,0
DA:217,0
DA:218,0
DA:219,0
DA:222,0
DA:223,0
DA:225,0
DA:226,0
DA:227,0
DA:228,0
DA:229,0
DA:231,0
DA:236,0
DA:237,0
DA:238,0
DA:239,0
DA:240,0
DA:241,0
DA:248,0
DA:253,0
DA:254,0
DA:258,0
DA:259,0
DA:264,0
DA:266,0
DA:268,0
DA:269,0
DA:274,0
DA:275,0
DA:280,0
DA:281,0
DA:285,0
DA:286,0
DA:288,0
DA:289,0
DA:290,0
DA:291,0
DA:292,0
DA:294,0
DA:299,0
DA:300,0
DA:301,0
DA:302,0
DA:303,0
DA:304,0
DA:311,0
DA:316,0
DA:317,0
DA:321,0
DA:322,0
DA:327,0
DA:329,0
DA:331,0
DA:332,0
DA:337,0
DA:338,0
DA:339,0
DA:340,0
DA:342,0
DA:344,0
DA:345,0
DA:349,0
LF:150
LH:0
BRDA:16,0,0,0
BRDA:16,0,1,0
BRDA:16,1,0,0
BRDA:16,1,1,0
BRDA:19,2,0,0
BRDA:19,2,1,0
BRDA:29,3,0,0
BRDA:29,3,1,0
BRDA:33,4,0,0
BRDA:33,4,1,0
BRDA:46,5,0,0
BRDA:46,5,1,0
BRDA:46,6,0,0
BRDA:46,6,1,0
BRDA:51,7,0,0
BRDA:51,7,1,0
BRDA:70,8,0,0
BRDA:70,8,1,0
BRDA:74,9,0,0
BRDA:74,9,1,0
BRDA:78,10,0,0
BRDA:78,10,1,0
BRDA:78,11,0,0
BRDA:78,11,1,0
BRDA:78,11,2,0
BRDA:83,12,0,0
BRDA:83,12,1,0
BRDA:88,13,0,0
BRDA:88,13,1,0
BRDA:88,14,0,0
BRDA:88,14,1,0
BRDA:88,14,2,0
BRDA:88,14,3,0
BRDA:95,15,0,0
BRDA:95,15,1,0
BRDA:98,16,0,0
BRDA:98,16,1,0
BRDA:103,17,0,0
BRDA:103,17,1,0
BRDA:103,18,0,0
BRDA:103,18,1,0
BRDA:108,19,0,0
BRDA:108,19,1,0
BRDA:113,20,0,0
BRDA:113,20,1,0
BRDA:119,21,0,0
BRDA:119,21,1,0
BRDA:125,22,0,0
BRDA:125,22,1,0
BRDA:130,23,0,0
BRDA:130,23,1,0
BRDA:132,24,0,0
BRDA:132,24,1,0
BRDA:144,25,0,0
BRDA:144,25,1,0
BRDA:144,26,0,0
BRDA:144,26,1,0
BRDA:149,27,0,0
BRDA:149,27,1,0
BRDA:152,28,0,0
BRDA:152,28,1,0
BRDA:167,29,0,0
BRDA:167,29,1,0
BRDA:167,30,0,0
BRDA:167,30,1,0
BRDA:167,30,2,0
BRDA:183,31,0,0
BRDA:183,31,1,0
BRDA:191,32,0,0
BRDA:191,32,1,0
BRDA:194,33,0,0
BRDA:194,33,1,0
BRDA:223,34,0,0
BRDA:223,34,1,0
BRDA:223,35,0,0
BRDA:223,35,1,0
BRDA:226,36,0,0
BRDA:226,36,1,0
BRDA:236,37,0,0
BRDA:236,37,1,0
BRDA:240,38,0,0
BRDA:240,38,1,0
BRDA:253,39,0,0
BRDA:253,39,1,0
BRDA:253,40,0,0
BRDA:253,40,1,0
BRDA:258,41,0,0
BRDA:258,41,1,0
BRDA:266,42,0,0
BRDA:266,42,1,0
BRDA:280,43,0,0
BRDA:280,43,1,0
BRDA:286,44,0,0
BRDA:286,44,1,0
BRDA:286,45,0,0
BRDA:286,45,1,0
BRDA:289,46,0,0
BRDA:289,46,1,0
BRDA:299,47,0,0
BRDA:299,47,1,0
BRDA:303,48,0,0
BRDA:303,48,1,0
BRDA:316,49,0,0
BRDA:316,49,1,0
BRDA:316,50,0,0
BRDA:316,50,1,0
BRDA:321,51,0,0
BRDA:321,51,1,0
BRDA:339,52,0,0
BRDA:339,52,1,0
BRF:110
BRH:0
end_of_record
TN:
SF:src/controllers/mobController.js
FN:7,getMobs
FN:19,getPublicMobs
FN:30,createOrUpdateMob
FN:68,(anonymous_3)
FN:133,deleteMob
FN:146,getMobsAtNode
FNF:6
FNH:0
FNDA:0,getMobs
FNDA:0,getPublicMobs
FNDA:0,createOrUpdateMob
FNDA:0,(anonymous_3)
FNDA:0,deleteMob
FNDA:0,getMobsAtNode
DA:1,0
DA:2,0
DA:3,0
DA:4,0
DA:5,0
DA:8,0
DA:9,0
DA:12,0
DA:14,0
DA:15,0
DA:20,0
DA:21,0
DA:23,0
DA:25,0
DA:26,0
DA:31,0
DA:42,0
DA:44,0
DA:45,0
DA:48,0
DA:49,0
DA:52,0
DA:53,0
DA:54,0
DA:55,0
DA:58,0
DA:59,0
DA:60,0
DA:63,0
DA:64,0
DA:68,0
DA:69,0
DA:70,0
DA:77,0
DA:94,0
DA:99,0
DA:100,0
DA:106,0
DA:107,0
DA:116,0
DA:117,0
DA:120,0
DA:121,0
DA:124,0
DA:125,0
DA:128,0
DA:129,0
DA:134,0
DA:135,0
DA:136,0
DA:137,0
DA:139,0
DA:141,0
DA:142,0
DA:147,0
DA:148,0
DA:149,0
DA:150,0
DA:157,0
DA:158,0
DA:163,0
DA:164,0
DA:165,0
DA:172,0
DA:173,0
DA:179,0
DA:185,0
DA:186,0
DA:187,0
DA:194,0
LF:70
LH:0
BRDA:44,0,0,0
BRDA:44,0,1,0
BRDA:44,1,0,0
BRDA:44,1,1,0
BRDA:48,2,0,0
BRDA:48,2,1,0
BRDA:48,3,0,0
BRDA:48,3,1,0
BRDA:52,4,0,0
BRDA:52,4,1,0
BRDA:54,5,0,0
BRDA:54,5,1,0
BRDA:54,6,0,0
BRDA:54,6,1,0
BRDA:59,7,0,0
BRDA:59,7,1,0
BRDA:63,8,0,0
BRDA:63,8,1,0
BRDA:63,9,0,0
BRDA:63,9,1,0
BRDA:69,10,0,0
BRDA:69,10,1,0
BRDA:83,11,0,0
BRDA:83,11,1,0
BRDA:84,12,0,0
BRDA:84,12,1,0
BRDA:87,13,0,0
BRDA:87,13,1,0
BRDA:96,14,0,0
BRDA:96,14,1,0
BRDA:99,15,0,0
BRDA:99,15,1,0
BRDA:106,16,0,0
BRDA:106,16,1,0
BRDA:116,17,0,0
BRDA:116,17,1,0
BRDA:136,18,0,0
BRDA:136,18,1,0
BRDA:164,19,0,0
BRDA:164,19,1,0
BRDA:167,20,0,0
BRDA:167,20,1,0
BRDA:172,21,0,0
BRDA:172,21,1,0
BRF:44
BRH:0
end_of_record
TN:
SF:src/controllers/moveController.js
FN:4,getMoves
FN:14,getPublicMoves
FN:24,createOrUpdateMove
FN:78,deleteMove
FNF:4
FNH:0
FNDA:0,getMoves
FNDA:0,getPublicMoves
FNDA:0,createOrUpdateMove
FNDA:0,deleteMove
DA:1,0
DA:2,0
DA:5,0
DA:6,0
DA:7,0
DA:9,0
DA:10,0
DA:15,0
DA:16,0
DA:17,0
DA:19,0
DA:20,0
DA:25,0
DA:37,0
DA:39,0
DA:40,0
DA:43,0
DA:56,0
DA:57,0
DA:62,0
DA:63,0
DA:66,0
DA:67,0
DA:70,0
DA:73,0
DA:74,0
DA:79,0
DA:80,0
DA:81,0
DA:82,0
DA:84,0
DA:86,0
DA:87,0
DA:91,0
LF:34
LH:0
BRDA:39,0,0,0
BRDA:39,0,1,0
BRDA:45,1,0,0
BRDA:45,1,1,0
BRDA:46,2,0,0
BRDA:46,2,1,0
BRDA:51,3,0,0
BRDA:51,3,1,0
BRDA:52,4,0,0
BRDA:52,4,1,0
BRDA:56,5,0,0
BRDA:56,5,1,0
BRDA:62,6,0,0
BRDA:62,6,1,0
BRDA:81,7,0,0
BRDA:81,7,1,0
BRF:16
BRH:0
end_of_record
TN:
SF:src/controllers/nodeController.js
FN:11,getNodes
FN:21,getPublicNodes
FN:27,(anonymous_2)
FN:40,(anonymous_3)
FN:49,(anonymous_4)
FN:52,(anonymous_5)
FN:67,(anonymous_6)
FN:94,createOrUpdateNode
FN:224,deleteNode
FN:237,getCurrentNode
FN:268,(anonymous_10)
FN:277,(anonymous_11)
FN:280,(anonymous_12)
FN:295,(anonymous_13)
FNF:14
FNH:0
FNDA:0,getNodes
FNDA:0,getPublicNodes
FNDA:0,(anonymous_2)
FNDA:0,(anonymous_3)
FNDA:0,(anonymous_4)
FNDA:0,(anonymous_5)
FNDA:0,(anonymous_6)
FNDA:0,createOrUpdateNode
FNDA:0,deleteNode
FNDA:0,getCurrentNode
FNDA:0,(anonymous_10)
FNDA:0,(anonymous_11)
FNDA:0,(anonymous_12)
FNDA:0,(anonymous_13)
DA:1,0
DA:2,0
DA:3,0
DA:4,0
DA:5,0
DA:6,0
DA:7,0
DA:8,0
DA:9,0
DA:12,0
DA:13,0
DA:14,0
DA:16,0
DA:17,0
DA:22,0
DA:24,0
DA:27,0
DA:30,0
DA:31,0
DA:32,0
DA:34,0
DA:37,0
DA:39,0
DA:40,0
DA:42,0
DA:43,0
DA:47,0
DA:48,0
DA:49,0
DA:51,0
DA:52,0
DA:54,0
DA:55,0
DA:60,0
DA:65,0
DA:66,0
DA:67,0
DA:69,0
DA:70,0
DA:75,0
DA:80,0
DA:87,0
DA:89,0
DA:90,0
DA:95,0
DA:97,0
DA:98,0
DA:99,0
DA:103,0
DA:104,0
DA:106,0
DA:107,0
DA:108,0
DA:109,0
DA:117,0
DA:118,0
DA:119,0
DA:120,0
DA:130,0
DA:131,0
DA:133,0
DA:134,0
DA:141,0
DA:142,0
DA:149,0
DA:150,0
DA:151,0
DA:152,0
DA:161,0
DA:163,0
DA:168,0
DA:169,0
DA:176,0
DA:190,0
DA:191,0
DA:194,0
DA:197,0
DA:198,0
DA:199,0
DA:205,0
DA:215,0
DA:216,0
DA:219,0
DA:220,0
DA:225,0
DA:226,0
DA:227,0
DA:228,0
DA:230,0
DA:232,0
DA:233,0
DA:238,0
DA:239,0
DA:240,0
DA:241,0
DA:244,0
DA:245,0
DA:246,0
DA:250,0
DA:252,0
DA:253,0
DA:256,0
DA:257,0
DA:261,0
DA:264,0
DA:267,0
DA:268,0
DA:270,0
DA:271,0
DA:275,0
DA:276,0
DA:277,0
DA:279,0
DA:280,0
DA:282,0
DA:283,0
DA:288,0
DA:293,0
DA:294,0
DA:295,0
DA:297,0
DA:298,0
DA:303,0
DA:308,0
DA:313,0
DA:316,0
DA:317,0
DA:325,0
DA:328,0
DA:330,0
DA:331,0
DA:335,0
LF:132
LH:0
BRDA:30,0,0,0
BRDA:30,0,1,0
BRDA:30,1,0,0
BRDA:30,1,1,0
BRDA:32,2,0,0
BRDA:32,2,1,0
BRDA:39,3,0,0
BRDA:39,3,1,0
BRDA:39,4,0,0
BRDA:39,4,1,0
BRDA:42,5,0,0
BRDA:42,5,1,0
BRDA:42,6,0,0
BRDA:42,6,1,0
BRDA:47,7,0,0
BRDA:47,7,1,0
BRDA:48,8,0,0
BRDA:48,8,1,0
BRDA:51,9,0,0
BRDA:51,9,1,0
BRDA:54,10,0,0
BRDA:54,10,1,0
BRDA:54,11,0,0
BRDA:54,11,1,0
BRDA:65,12,0,0
BRDA:65,12,1,0
BRDA:66,13,0,0
BRDA:66,13,1,0
BRDA:69,14,0,0
BRDA:69,14,1,0
BRDA:98,15,0,0
BRDA:98,15,1,0
BRDA:98,16,0,0
BRDA:98,16,1,0
BRDA:98,16,2,0
BRDA:103,17,0,0
BRDA:103,17,1,0
BRDA:106,18,0,0
BRDA:106,18,1,0
BRDA:108,19,0,0
BRDA:108,19,1,0
BRDA:117,20,0,0
BRDA:117,20,1,0
BRDA:119,21,0,0
BRDA:119,21,1,0
BRDA:130,22,0,0
BRDA:130,22,1,0
BRDA:133,23,0,0
BRDA:133,23,1,0
BRDA:133,24,0,0
BRDA:133,24,1,0
BRDA:133,24,2,0
BRDA:133,24,3,0
BRDA:141,25,0,0
BRDA:141,25,1,0
BRDA:141,26,0,0
BRDA:141,26,1,0
BRDA:141,26,2,0
BRDA:149,27,0,0
BRDA:149,27,1,0
BRDA:151,28,0,0
BRDA:151,28,1,0
BRDA:161,29,0,0
BRDA:161,29,1,0
BRDA:168,30,0,0
BRDA:168,30,1,0
BRDA:190,31,0,0
BRDA:190,31,1,0
BRDA:198,32,0,0
BRDA:198,32,1,0
BRDA:227,33,0,0
BRDA:227,33,1,0
BRDA:240,34,0,0
BRDA:240,34,1,0
BRDA:245,35,0,0
BRDA:245,35,1,0
BRDA:250,36,0,0
BRDA:250,36,1,0
BRDA:267,37,0,0
BRDA:267,37,1,0
BRDA:267,38,0,0
BRDA:267,38,1,0
BRDA:270,39,0,0
BRDA:270,39,1,0
BRDA:270,40,0,0
BRDA:270,40,1,0
BRDA:275,41,0,0
BRDA:275,41,1,0
BRDA:276,42,0,0
BRDA:276,42,1,0
BRDA:279,43,0,0
BRDA:279,43,1,0
BRDA:282,44,0,0
BRDA:282,44,1,0
BRDA:282,45,0,0
BRDA:282,45,1,0
BRDA:293,46,0,0
BRDA:293,46,1,0
BRDA:294,47,0,0
BRDA:294,47,1,0
BRDA:297,48,0,0
BRDA:297,48,1,0
BRDA:316,49,0,0
BRDA:316,49,1,0
BRDA:316,50,0,0
BRDA:316,50,1,0
BRDA:320,51,0,0
BRDA:320,51,1,0
BRF:108
BRH:0
end_of_record
TN:
SF:src/controllers/questController.js
FN:5,getQuests
FN:20,createOrUpdateQuest
FN:188,(anonymous_2)
FN:205,(anonymous_3)
FN:216,(anonymous_4)
FN:236,getQuestById
FN:253,deleteQuest
FNF:7
FNH:0
FNDA:0,getQuests
FNDA:0,createOrUpdateQuest
FNDA:0,(anonymous_2)
FNDA:0,(anonymous_3)
FNDA:0,(anonymous_4)
FNDA:0,getQuestById
FNDA:0,deleteQuest
DA:1,0
DA:2,0
DA:3,0
DA:6,0
DA:7,0
DA:13,0
DA:15,0
DA:16,0
DA:21,0
DA:23,0
DA:25,0
DA:26,0
DA:30,0
DA:31,0
DA:32,0
DA:39,0
DA:40,0
DA:41,0
DA:46,0
DA:47,0
DA:48,0
DA:53,0
DA:56,0
DA:63,0
DA:64,0
DA:65,0
DA:66,0
DA:73,0
DA:74,0
DA:75,0
DA:81,0
DA:82,0
DA:88,0
DA:89,0
DA:90,0
DA:96,0
DA:97,0
DA:104,0
DA:105,0
DA:106,0
DA:107,0
DA:115,0
DA:116,0
DA:117,0
DA:118,0
DA:125,0
DA:126,0
DA:136,0
DA:137,0
DA:138,0
DA:139,0
DA:145,0
DA:147,0
DA:148,0
DA:149,0
DA:154,0
DA:156,0
DA:157,0
DA:158,0
DA:168,0
DA:169,0
DA:170,0
DA:176,0
DA:177,0
DA:178,0
DA:188,0
DA:189,0
DA:190,0
DA:197,0
DA:199,0
DA:200,0
DA:201,0
DA:205,0
DA:210,0
DA:211,0
DA:212,0
DA:213,0
DA:216,0
DA:221,0
DA:226,0
DA:229,0
DA:231,0
DA:232,0
DA:237,0
DA:238,0
DA:242,0
DA:243,0
DA:246,0
DA:248,0
DA:249,0
DA:254,0
DA:255,0
DA:256,0
DA:257,0
DA:259,0
DA:261,0
DA:262,0
DA:266,0
LF:98
LH:0
BRDA:25,0,0,0
BRDA:25,0,1,0
BRDA:25,1,0,0
BRDA:25,1,1,0
BRDA:25,1,2,0
BRDA:25,1,3,0
BRDA:31,2,0,0
BRDA:31,2,1,0
BRDA:39,3,0,0
BRDA:39,3,1,0
BRDA:40,4,0,0
BRDA:40,4,1,0
BRDA:40,5,0,0
BRDA:40,5,1,0
BRDA:46,6,0,0
BRDA:46,6,1,0
BRDA:47,7,0,0
BRDA:47,7,1,0
BRDA:47,8,0,0
BRDA:47,8,1,0
BRDA:47,8,2,0
BRDA:53,9,0,0
BRDA:53,9,1,0
BRDA:63,10,0,0
BRDA:63,10,1,0
BRDA:63,11,0,0
BRDA:63,11,1,0
BRDA:65,12,0,0
BRDA:65,12,1,0
BRDA:74,13,0,0
BRDA:74,13,1,0
BRDA:81,14,0,0
BRDA:81,14,1,0
BRDA:81,15,0,0
BRDA:81,15,1,0
BRDA:81,15,2,0
BRDA:89,16,0,0
BRDA:89,16,1,0
BRDA:89,17,0,0
BRDA:89,17,1,0
BRDA:96,18,0,0
BRDA:96,18,1,0
BRDA:96,19,0,0
BRDA:96,19,1,0
BRDA:104,20,0,0
BRDA:104,20,1,0
BRDA:106,21,0,0
BRDA:106,21,1,0
BRDA:115,22,0,0
BRDA:115,22,1,0
BRDA:117,23,0,0
BRDA:117,23,1,0
BRDA:125,24,0,0
BRDA:125,24,1,0
BRDA:125,25,0,0
BRDA:125,25,1,0
BRDA:136,26,0,0
BRDA:136,26,1,0
BRDA:136,27,0,0
BRDA:136,27,1,0
BRDA:138,28,0,0
BRDA:138,28,1,0
BRDA:138,29,0,0
BRDA:138,29,1,0
BRDA:145,30,0,0
BRDA:145,30,1,0
BRDA:148,31,0,0
BRDA:148,31,1,0
BRDA:154,32,0,0
BRDA:154,32,1,0
BRDA:157,33,0,0
BRDA:157,33,1,0
BRDA:157,34,0,0
BRDA:157,34,1,0
BRDA:168,35,0,0
BRDA:168,35,1,0
BRDA:169,36,0,0
BRDA:169,36,1,0
BRDA:177,37,0,0
BRDA:177,37,1,0
BRDA:189,38,0,0
BRDA:189,38,1,0
BRDA:197,39,0,0
BRDA:197,39,1,0
BRDA:200,40,0,0
BRDA:200,40,1,0
BRDA:207,41,0,0
BRDA:207,41,1,0
BRDA:229,42,0,0
BRDA:229,42,1,0
BRDA:242,43,0,0
BRDA:242,43,1,0
BRDA:256,44,0,0
BRDA:256,44,1,0
BRF:94
BRH:0
end_of_record
TN:
SF:src/middlewares/auth.js
FN:5,(anonymous_0)
FN:22,(anonymous_1)
FNF:2
FNH:0
FNDA:0,(anonymous_0)
FNDA:0,(anonymous_1)
DA:1,0
DA:3,0
DA:5,0
DA:6,0
DA:7,0
DA:9,0
DA:10,0
DA:13,0
DA:14,0
DA:15,0
DA:16,0
DA:18,0
DA:22,0
DA:23,0
DA:24,0
DA:25,0
DA:26,0
DA:29,0
DA:30,0
DA:32,0
DA:33,0
DA:36,0
DA:37,0
DA:39,0
DA:43,0
LF:25
LH:0
BRDA:3,0,0,0
BRDA:3,0,1,0
BRDA:7,1,0,0
BRDA:7,1,1,0
BRDA:9,2,0,0
BRDA:9,2,1,0
BRDA:25,3,0,0
BRDA:25,3,1,0
BRDA:32,4,0,0
BRDA:32,4,1,0
BRDA:32,5,0,0
BRDA:32,5,1,0
BRF:12
BRH:0
end_of_record
TN:
SF:src/middlewares/errorHandler.js
FN:3,(anonymous_0)
FNF:1
FNH:0
FNDA:0,(anonymous_0)
DA:1,0
DA:3,0
DA:4,0
DA:18,0
DA:19,0
DA:25,0
DA:26,0
DA:32,0
DA:40,0
LF:9
LH:0
BRDA:14,0,0,0
BRDA:14,0,1,0
BRDA:18,1,0,0
BRDA:18,1,1,0
BRDA:25,2,0,0
BRDA:25,2,1,0
BRDA:25,3,0,0
BRDA:25,3,1,0
BRDA:34,4,0,0
BRDA:34,4,1,0
BRF:10
BRH:0
end_of_record
TN:
SF:src/middlewares/requestLogger.js
FN:3,(anonymous_0)
FNF:1
FNH:0
FNDA:0,(anonymous_0)
DA:1,0
DA:3,0
DA:4,0
DA:11,0
DA:14,0
LF:5
LH:0
BRF:0
BRH:0
end_of_record
TN:
SF:src/models/Actor.js
FNF:0
FNH:0
DA:1,0
DA:3,0
DA:24,0
DA:26,0
LF:4
LH:0
BRF:0
BRH:0
end_of_record
TN:
SF:src/models/Class.js
FN:60,(anonymous_0)
FN:61,(anonymous_1)
FN:66,(anonymous_2)
FN:67,(anonymous_3)
FN:72,(anonymous_4)
FN:74,(anonymous_5)
FNF:6
FNH:0
FNDA:0,(anonymous_0)
FNDA:0,(anonymous_1)
FNDA:0,(anonymous_2)
FNDA:0,(anonymous_3)
FNDA:0,(anonymous_4)
FNDA:0,(anonymous_5)
DA:1,1
DA:3,1
DA:16,1
DA:60,1
DA:61,0
DA:62,0
DA:66,1
DA:67,0
DA:68,0
DA:72,1
DA:74,0
DA:75,0
DA:76,0
DA:77,0
DA:78,0
DA:80,0
DA:83,1
LF:17
LH:7
BRDA:76,0,0,0
BRDA:76,0,1,0
BRF:2
BRH:0
end_of_record
TN:
SF:src/models/Event.js
FN:62,(anonymous_0)
FN:71,(anonymous_1)
FN:108,(anonymous_2)
FNF:3
FNH:0
FNDA:0,(anonymous_0)
FNDA:0,(anonymous_1)
FNDA:0,(anonymous_2)
DA:1,1
DA:4,1
DA:63,0
DA:72,0
DA:78,1
DA:108,1
DA:109,0
DA:110,0
DA:113,1
LF:9
LH:5
BRF:0
BRH:0
end_of_record
TN:
SF:src/models/Mob.js
FN:112,(anonymous_0)
FNF:1
FNH:0
FNDA:0,(anonymous_0)
DA:1,1
DA:3,1
DA:16,1
DA:36,1
DA:49,1
DA:108,1
DA:109,1
DA:113,0
DA:114,0
DA:118,1
LF:10
LH:8
BRF:0
BRH:0
end_of_record
TN:
SF:src/models/Move.js
FN:19,(anonymous_0)
FN:28,(anonymous_1)
FN:94,(anonymous_2)
FN:101,(anonymous_3)
FN:110,(anonymous_4)
FN:118,(anonymous_5)
FN:126,(anonymous_6)
FNF:7
FNH:0
FNDA:0,(anonymous_0)
FNDA:0,(anonymous_1)
FNDA:0,(anonymous_2)
FNDA:0,(anonymous_3)
FNDA:0,(anonymous_4)
FNDA:0,(anonymous_5)
FNDA:0,(anonymous_6)
DA:1,0
DA:2,0
DA:4,0
DA:20,0
DA:29,0
DA:42,0
DA:94,0
DA:95,0
DA:98,0
DA:101,0
DA:110,0
DA:111,0
DA:116,0
DA:118,0
DA:126,0
DA:127,0
DA:128,0
DA:129,0
DA:130,0
DA:134,0
DA:140,0
DA:143,0
LF:22
LH:0
BRDA:20,0,0,0
BRDA:20,0,1,0
BRDA:29,1,0,0
BRDA:29,1,1,0
BRDA:111,2,0,0
BRDA:111,2,1,0
BRDA:111,2,2,0
BRDA:127,3,0,0
BRDA:127,3,1,0
BRDA:129,4,0,0
BRDA:129,4,1,0
BRF:11
BRH:0
end_of_record
TN:
SF:src/models/Node.js
FN:38,(anonymous_0)
FN:43,(anonymous_1)
FNF:2
FNH:0
FNDA:0,(anonymous_0)
FNDA:0,(anonymous_1)
DA:1,1
DA:3,1
DA:38,0
DA:43,0
DA:57,1
LF:5
LH:3
BRF:0
BRH:0
end_of_record
TN:
SF:src/models/Quest.js
FN:65,(anonymous_0)
FN:81,(anonymous_1)
FN:86,(anonymous_2)
FN:114,(anonymous_3)
FN:119,(anonymous_4)
FN:124,(anonymous_5)
FN:129,(anonymous_6)
FN:148,(anonymous_7)
FN:154,(anonymous_8)
FNF:9
FNH:0
FNDA:0,(anonymous_0)
FNDA:0,(anonymous_1)
FNDA:0,(anonymous_2)
FNDA:0,(anonymous_3)
FNDA:0,(anonymous_4)
FNDA:0,(anonymous_5)
FNDA:0,(anonymous_6)
FNDA:0,(anonymous_7)
FNDA:0,(anonymous_8)
DA:1,1
DA:3,1
DA:65,0
DA:81,0
DA:86,0
DA:114,0
DA:119,0
DA:124,0
DA:129,0
DA:144,1
DA:145,1
DA:149,0
DA:150,0
DA:154,1
DA:155,0
DA:156,0
DA:159,1
LF:17
LH:6
BRF:0
BRH:0
end_of_record
TN:
SF:src/models/User.js
FNF:0
FNH:0
DA:1,1
DA:3,1
DA:16,1
DA:85,1
LF:4
LH:4
BRF:0
BRH:0
end_of_record
TN:
SF:src/routes/actorRoutes.js
FNF:0
FNH:0
DA:1,0
DA:2,0
DA:3,0
DA:9,0
DA:12,0
DA:15,0
DA:16,0
DA:17,0
DA:19,0
LF:9
LH:0
BRF:0
BRH:0
end_of_record
TN:
SF:src/routes/authRoutes.js
FN:9,(anonymous_0)
FNF:1
FNH:0
FNDA:0,(anonymous_0)
DA:1,0
DA:2,0
DA:3,0
DA:4,0
DA:7,0
DA:8,0
DA:9,0
DA:10,0
DA:18,0
LF:9
LH:0
BRF:0
BRH:0
end_of_record
TN:
SF:src/routes/characterRoutes.js
FNF:0
FNH:0
DA:1,0
DA:2,0
DA:3,0
DA:9,0
DA:12,0
DA:13,0
DA:14,0
DA:15,0
DA:17,0
LF:9
LH:0
BRF:0
BRH:0
end_of_record
TN:
SF:src/routes/classRoutes.js
FNF:0
FNH:0
DA:1,0
DA:2,0
DA:3,0
DA:9,0
DA:12,0
DA:15,0
DA:16,0
DA:17,0
DA:19,0
LF:9
LH:0
BRF:0
BRH:0
end_of_record
TN:
SF:src/routes/combatRoutes.js
FN:8,(anonymous_0)
FNF:1
FNH:0
FNDA:0,(anonymous_0)
DA:1,0
DA:2,0
DA:3,0
DA:4,0
DA:5,0
DA:8,0
DA:9,0
DA:10,0
DA:11,0
DA:13,0
DA:14,0
DA:18,0
LF:12
LH:0
BRF:0
BRH:0
end_of_record
TN:
SF:src/routes/eventRoutes.js
FNF:0
FNH:0
DA:1,0
DA:2,0
DA:3,0
DA:4,0
DA:7,0
DA:8,0
DA:11,0
DA:14,0
DA:17,0
DA:20,0
DA:22,0
LF:11
LH:0
BRF:0
BRH:0
end_of_record
TN:
SF:src/routes/index.js
FNF:0
FNH:0
DA:1,0
DA:2,0
DA:4,0
DA:5,0
DA:6,0
DA:7,0
DA:8,0
DA:9,0
DA:10,0
DA:11,0
DA:12,0
DA:13,0
DA:14,0
DA:16,0
DA:17,0
DA:18,0
DA:19,0
DA:20,0
DA:21,0
DA:22,0
DA:23,0
DA:24,0
DA:25,0
DA:26,0
DA:28,0
LF:25
LH:0
BRF:0
BRH:0
end_of_record
TN:
SF:src/routes/mobRoutes.js
FNF:0
FNH:0
DA:1,0
DA:2,0
DA:3,0
DA:10,0
DA:13,0
DA:14,0
DA:17,0
DA:18,0
DA:19,0
DA:21,0
LF:10
LH:0
BRF:0
BRH:0
end_of_record
TN:
SF:src/routes/moveRoutes.js
FNF:0
FNH:0
DA:1,0
DA:2,0
DA:3,0
DA:9,0
DA:12,0
DA:15,0
DA:16,0
DA:17,0
DA:18,0
DA:20,0
LF:10
LH:0
BRF:0
BRH:0
end_of_record
TN:
SF:src/routes/nodeRoutes.js
FNF:0
FNH:0
DA:1,0
DA:2,0
DA:3,0
DA:10,0
DA:13,0
DA:14,0
DA:15,0
DA:18,0
DA:19,0
DA:20,0
DA:22,0
LF:11
LH:0
BRF:0
BRH:0
end_of_record
TN:
SF:src/routes/questRoutes.js
FNF:0
FNH:0
DA:1,0
DA:2,0
DA:3,0
DA:9,0
DA:12,0
DA:13,0
DA:14,0
DA:15,0
DA:17,0
LF:9
LH:0
BRF:0
BRH:0
end_of_record
TN:
SF:src/routes/uploadRoutes.js
FN:10,(anonymous_0)
FN:17,(anonymous_1)
FN:24,(anonymous_2)
FN:31,(anonymous_3)
FNF:4
FNH:0
FNDA:0,(anonymous_0)
FNDA:0,(anonymous_1)
FNDA:0,(anonymous_2)
FNDA:0,(anonymous_3)
DA:1,0
DA:2,0
DA:3,0
DA:4,0
DA:7,0
DA:10,0
DA:11,0
DA:12,0
DA:14,0
DA:17,0
DA:18,0
DA:19,0
DA:21,0
DA:24,0
DA:25,0
DA:26,0
DA:28,0
DA:31,0
DA:32,0
DA:33,0
DA:35,0
DA:38,0
LF:22
LH:0
BRDA:11,0,0,0
BRDA:11,0,1,0
BRDA:18,1,0,0
BRDA:18,1,1,0
BRDA:25,2,0,0
BRDA:25,2,1,0
BRDA:32,3,0,0
BRDA:32,3,1,0
BRF:8
BRH:0
end_of_record
TN:
SF:src/services/actorService.js
FN:7,(anonymous_0)
FN:10,(anonymous_1)
FN:19,(anonymous_2)
FN:41,(anonymous_3)
FN:55,(anonymous_4)
FN:65,(anonymous_5)
FN:75,(anonymous_6)
FN:78,(anonymous_7)
FN:143,(anonymous_8)
FNF:9
FNH:0
FNDA:0,(anonymous_0)
FNDA:0,(anonymous_1)
FNDA:0,(anonymous_2)
FNDA:0,(anonymous_3)
FNDA:0,(anonymous_4)
FNDA:0,(anonymous_5)
FNDA:0,(anonymous_6)
FNDA:0,(anonymous_7)
FNDA:0,(anonymous_8)
DA:1,0
DA:2,0
DA:3,0
DA:4,0
DA:8,0
DA:9,0
DA:10,0
DA:11,0
DA:14,0
DA:15,0
DA:20,0
DA:22,0
DA:23,0
DA:25,0
DA:32,0
DA:33,0
DA:37,0
DA:41,0
DA:44,0
DA:49,0
DA:51,0
DA:55,0
DA:58,0
DA:60,0
DA:61,0
DA:66,0
DA:67,0
DA:75,0
DA:76,0
DA:78,0
DA:81,0
DA:82,0
DA:91,0
DA:93,0
DA:94,0
DA:101,0
DA:102,0
DA:104,0
DA:105,0
DA:110,0
DA:117,0
DA:124,0
DA:129,0
DA:136,0
DA:138,0
DA:139,0
DA:144,0
DA:145,0
DA:147,0
DA:148,0
DA:153,0
DA:154,0
LF:52
LH:0
BRDA:7,0,0,0
BRDA:19,1,0,0
BRDA:22,2,0,0
BRDA:22,2,1,0
BRDA:29,3,0,0
BRDA:29,3,1,0
BRDA:32,4,0,0
BRDA:32,4,1,0
BRDA:32,5,0,0
BRDA:32,5,1,0
BRDA:53,6,0,0
BRDA:53,6,1,0
BRDA:72,7,0,0
BRDA:72,7,1,0
BRDA:84,8,0,0
BRDA:84,8,1,0
BRDA:93,9,0,0
BRDA:93,9,1,0
BRDA:93,10,0,0
BRDA:93,10,1,0
BRDA:104,11,0,0
BRDA:104,11,1,0
BRF:22
BRH:0
end_of_record
TN:
SF:src/services/chatService.js
FN:5,publishSystemMessage
FN:14,(anonymous_1)
FN:33,publishChatMessage
FNF:3
FNH:0
FNDA:0,publishSystemMessage
FNDA:0,(anonymous_1)
FNDA:0,publishChatMessage
DA:1,1
DA:2,1
DA:3,1
DA:6,0
DA:12,0
DA:13,0
DA:14,0
DA:15,0
DA:16,0
DA:17,0
DA:18,0
DA:23,0
DA:34,0
DA:35,0
DA:36,0
DA:41,0
DA:42,0
DA:46,1
LF:18
LH:4
BRDA:13,0,0,0
BRDA:13,0,1,0
BRDA:16,1,0,0
BRDA:16,1,1,0
BRDA:17,2,0,0
BRDA:17,2,1,0
BRDA:17,3,0,0
BRDA:17,3,1,0
BRF:8
BRH:0
end_of_record
TN:
SF:src/services/combatService.js
FN:13,calculateAttackResult
FN:37,(anonymous_1)
FN:107,(anonymous_2)
FN:136,(anonymous_3)
FN:161,isStunned
FN:162,(anonymous_5)
FN:166,applyEffect
FN:191,handleCombatCommand
FN:194,(anonymous_8)
FN:245,processCombatUntilInput
FN:286,(anonymous_10)
FN:313,selectMobMove
FN:315,(anonymous_12)
FN:336,sendHPStatus
FN:341,executeCombatMoves
FN:526,(anonymous_15)
FN:527,(anonymous_16)
FN:563,(anonymous_17)
FN:642,handleFleeCommand
FN:748,handleFightCommand
FN:788,getCombatStatus
FN:817,applyStunEffect
FN:822,(anonymous_22)
FNF:23
FNH:0
FNDA:0,calculateAttackResult
FNDA:0,(anonymous_1)
FNDA:0,(anonymous_2)
FNDA:0,(anonymous_3)
FNDA:0,isStunned
FNDA:0,(anonymous_5)
FNDA:0,applyEffect
FNDA:0,handleCombatCommand
FNDA:0,(anonymous_8)
FNDA:0,processCombatUntilInput
FNDA:0,(anonymous_10)
FNDA:0,selectMobMove
FNDA:0,(anonymous_12)
FNDA:0,sendHPStatus
FNDA:0,executeCombatMoves
FNDA:0,(anonymous_15)
FNDA:0,(anonymous_16)
FNDA:0,(anonymous_17)
FNDA:0,handleFleeCommand
FNDA:0,handleFightCommand
FNDA:0,getCombatStatus
FNDA:0,applyStunEffect
FNDA:0,(anonymous_22)
DA:1,0
DA:2,0
DA:3,0
DA:4,0
DA:5,0
DA:6,0
DA:7,0
DA:8,0
DA:9,0
DA:10,0
DA:11,0
DA:15,0
DA:16,0
DA:19,0
DA:20,0
DA:23,0
DA:24,0
DA:27,0
DA:28,0
DA:31,0
DA:32,0
DA:34,0
DA:37,0
DA:38,0
DA:45,0
DA:46,0
DA:49,0
DA:50,0
DA:52,0
DA:57,0
DA:59,0
DA:61,0
DA:64,0
DA:65,0
DA:66,0
DA:67,0
DA:68,0
DA:69,0
DA:72,0
DA:80,0
DA:81,0
DA:82,0
DA:85,0
DA:87,0
DA:90,0
DA:106,0
DA:107,0
DA:109,0
DA:111,0
DA:116,0
DA:125,0
DA:126,0
DA:127,0
DA:133,0
DA:135,0
DA:136,0
DA:137,0
DA:144,0
DA:145,0
DA:146,0
DA:152,0
DA:162,0
DA:167,0
DA:170,0
DA:171,0
DA:175,0
DA:176,0
DA:180,0
DA:192,0
DA:193,0
DA:194,0
DA:195,0
DA:198,0
DA:199,0
DA:200,0
DA:203,0
DA:204,0
DA:206,0
DA:207,0
DA:208,0
DA:209,0
DA:213,0
DA:214,0
DA:215,0
DA:219,0
DA:226,0
DA:227,0
DA:228,0
DA:236,0
DA:239,0
DA:240,0
DA:246,0
DA:247,0
DA:248,0
DA:251,0
DA:252,0
DA:256,0
DA:257,0
DA:260,0
DA:261,0
DA:264,0
DA:267,0
DA:268,0
DA:271,0
DA:272,0
DA:273,0
DA:274,0
DA:276,0
DA:277,0
DA:278,0
DA:282,0
DA:283,0
DA:286,0
DA:288,0
DA:289,0
DA:297,0
DA:302,0
DA:306,0
DA:307,0
DA:314,0
DA:315,0
DA:316,0
DA:318,0
DA:319,0
DA:320,0
DA:322,0
DA:329,0
DA:337,0
DA:342,0
DA:345,0
DA:359,0
DA:367,0
DA:376,0
DA:377,0
DA:380,0
DA:382,0
DA:383,0
DA:389,0
DA:390,0
DA:393,0
DA:394,0
DA:395,0
DA:396,0
DA:399,0
DA:402,0
DA:411,0
DA:413,0
DA:414,0
DA:418,0
DA:421,0
DA:422,0
DA:423,0
DA:426,0
DA:435,0
DA:436,0
DA:438,0
DA:439,0
DA:441,0
DA:442,0
DA:443,0
DA:446,0
DA:455,0
DA:456,0
DA:458,0
DA:459,0
DA:461,0
DA:464,0
DA:465,0
DA:470,0
DA:473,0
DA:475,0
DA:483,0
DA:497,0
DA:498,0
DA:501,0
DA:503,0
DA:504,0
DA:505,0
DA:508,0
DA:509,0
DA:510,0
DA:514,0
DA:517,0
DA:520,0
DA:521,0
DA:524,0
DA:525,0
DA:526,0
DA:528,0
DA:529,0
DA:531,0
DA:537,0
DA:540,0
DA:541,0
DA:542,0
DA:544,0
DA:545,0
DA:547,0
DA:549,0
DA:550,0
DA:556,0
DA:557,0
DA:563,0
DA:565,0
DA:570,0
DA:577,0
DA:580,0
DA:583,0
DA:587,0
DA:596,0
DA:597,0
DA:598,0
DA:604,0
DA:607,0
DA:615,0
DA:619,0
DA:621,0
DA:622,0
DA:623,0
DA:626,0
DA:630,0
DA:632,0
DA:633,0
DA:635,0
DA:638,0
DA:643,0
DA:644,0
DA:645,0
DA:646,0
DA:647,0
DA:650,0
DA:651,0
DA:652,0
DA:653,0
DA:654,0
DA:658,0
DA:659,0
DA:662,0
DA:663,0
DA:667,0
DA:668,0
DA:670,0
DA:672,0
DA:678,0
DA:679,0
DA:682,0
DA:685,0
DA:686,0
DA:689,0
DA:693,0
DA:694,0
DA:695,0
DA:697,0
DA:698,0
DA:699,0
DA:702,0
DA:703,0
DA:705,0
DA:706,0
DA:709,0
DA:711,0
DA:713,0
DA:714,0
DA:715,0
DA:717,0
DA:718,0
DA:720,0
DA:726,0
DA:736,0
DA:743,0
DA:744,0
DA:749,0
DA:750,0
DA:751,0
DA:754,0
DA:755,0
DA:756,0
DA:759,0
DA:760,0
DA:761,0
DA:762,0
DA:766,0
DA:771,0
DA:777,0
DA:789,0
DA:790,0
DA:791,0
DA:792,0
DA:795,0
DA:796,0
DA:798,0
DA:800,0
DA:801,0
DA:804,0
DA:811,0
DA:812,0
DA:818,0
DA:821,0
DA:822,0
DA:823,0
DA:824,0
DA:829,0
DA:832,0
LF:303
LH:0
BRDA:19,0,0,0
BRDA:19,0,1,0
BRDA:20,1,0,0
BRDA:20,1,1,0
BRDA:23,2,0,0
BRDA:23,2,1,0
BRDA:23,3,0,0
BRDA:23,3,1,0
BRDA:24,4,0,0
BRDA:24,4,1,0
BRDA:24,5,0,0
BRDA:24,5,1,0
BRDA:39,6,0,0
BRDA:39,6,1,0
BRDA:40,7,0,0
BRDA:40,7,1,0
BRDA:41,8,0,0
BRDA:41,8,1,0
BRDA:42,9,0,0
BRDA:42,9,1,0
BRDA:53,10,0,0
BRDA:53,10,1,0
BRDA:53,11,0,0
BRDA:53,11,1,0
BRDA:54,12,0,0
BRDA:54,12,1,0
BRDA:54,13,0,0
BRDA:54,13,1,0
BRDA:59,14,0,0
BRDA:59,14,1,0
BRDA:61,15,0,0
BRDA:61,15,1,0
BRDA:64,16,0,0
BRDA:64,16,1,0
BRDA:65,17,0,0
BRDA:65,17,1,0
BRDA:67,18,0,0
BRDA:67,18,1,0
BRDA:68,19,0,0
BRDA:68,19,1,0
BRDA:69,20,0,0
BRDA:69,20,1,0
BRDA:85,21,0,0
BRDA:85,21,1,0
BRDA:106,22,0,0
BRDA:106,22,1,0
BRDA:106,23,0,0
BRDA:106,23,1,0
BRDA:109,24,0,0
BRDA:109,24,1,0
BRDA:123,25,0,0
BRDA:123,25,1,0
BRDA:126,26,0,0
BRDA:126,26,1,0
BRDA:135,27,0,0
BRDA:135,27,1,0
BRDA:135,28,0,0
BRDA:135,28,1,0
BRDA:142,29,0,0
BRDA:142,29,1,0
BRDA:145,30,0,0
BRDA:145,30,1,0
BRDA:162,31,0,0
BRDA:162,31,1,0
BRDA:162,32,0,0
BRDA:162,32,1,0
BRDA:167,33,0,0
BRDA:167,33,1,0
BRDA:170,34,0,0
BRDA:170,34,1,0
BRDA:175,35,0,0
BRDA:175,35,1,0
BRDA:176,36,0,0
BRDA:176,36,1,0
BRDA:177,37,0,0
BRDA:177,37,1,0
BRDA:178,38,0,0
BRDA:178,38,1,0
BRDA:182,39,0,0
BRDA:182,39,1,0
BRDA:183,40,0,0
BRDA:183,40,1,0
BRDA:198,41,0,0
BRDA:198,41,1,0
BRDA:206,42,0,0
BRDA:206,42,1,0
BRDA:206,43,0,0
BRDA:206,43,1,0
BRDA:213,44,0,0
BRDA:213,44,1,0
BRDA:226,45,0,0
BRDA:226,45,1,0
BRDA:251,46,0,0
BRDA:251,46,1,0
BRDA:251,47,0,0
BRDA:251,47,1,0
BRDA:256,48,0,0
BRDA:256,48,1,0
BRDA:257,49,0,0
BRDA:257,49,1,0
BRDA:272,50,0,0
BRDA:272,50,1,0
BRDA:276,51,0,0
BRDA:276,51,1,0
BRDA:282,52,0,0
BRDA:282,52,1,0
BRDA:286,53,0,0
BRDA:286,53,1,0
BRDA:286,54,0,0
BRDA:286,54,1,0
BRDA:299,55,0,0
BRDA:299,55,1,0
BRDA:300,56,0,0
BRDA:300,56,1,0
BRDA:306,57,0,0
BRDA:306,57,1,0
BRDA:320,58,0,0
BRDA:320,58,1,0
BRDA:324,59,0,0
BRDA:324,59,1,0
BRDA:331,60,0,0
BRDA:331,60,1,0
BRDA:376,61,0,0
BRDA:376,61,1,0
BRDA:377,62,0,0
BRDA:377,62,1,0
BRDA:382,63,0,0
BRDA:382,63,1,0
BRDA:389,64,0,0
BRDA:389,64,1,0
BRDA:413,65,0,0
BRDA:413,65,1,0
BRDA:421,66,0,0
BRDA:421,66,1,0
BRDA:438,67,0,0
BRDA:438,67,1,0
BRDA:441,68,0,0
BRDA:441,68,1,0
BRDA:458,69,0,0
BRDA:458,69,1,0
BRDA:464,70,0,0
BRDA:464,70,1,0
BRDA:501,71,0,0
BRDA:501,71,1,0
BRDA:509,72,0,0
BRDA:509,72,1,0
BRDA:520,73,0,0
BRDA:520,73,1,0
BRDA:524,74,0,0
BRDA:524,74,1,0
BRDA:524,75,0,0
BRDA:524,75,1,0
BRDA:528,76,0,0
BRDA:528,76,1,0
BRDA:541,77,0,0
BRDA:541,77,1,0
BRDA:547,78,0,0
BRDA:547,78,1,0
BRDA:556,79,0,0
BRDA:556,79,1,0
BRDA:597,80,0,0
BRDA:597,80,1,0
BRDA:619,81,0,0
BRDA:619,81,1,0
BRDA:622,82,0,0
BRDA:622,82,1,0
BRDA:630,83,0,0
BRDA:630,83,1,0
BRDA:632,84,0,0
BRDA:632,84,1,0
BRDA:645,85,0,0
BRDA:645,85,1,0
BRDA:651,86,0,0
BRDA:651,86,1,0
BRDA:651,87,0,0
BRDA:651,87,1,0
BRDA:667,88,0,0
BRDA:667,88,1,0
BRDA:693,89,0,0
BRDA:693,89,1,0
BRDA:695,90,0,0
BRDA:695,90,1,0
BRDA:697,91,0,0
BRDA:697,91,1,0
BRDA:713,92,0,0
BRDA:713,92,1,0
BRDA:749,93,0,0
BRDA:749,93,1,0
BRDA:754,94,0,0
BRDA:754,94,1,0
BRDA:760,95,0,0
BRDA:760,95,1,0
BRDA:760,96,0,0
BRDA:760,96,1,0
BRDA:791,97,0,0
BRDA:791,97,1,0
BRDA:798,98,0,0
BRDA:798,98,1,0
BRDA:798,99,0,0
BRDA:798,99,1,0
BRDA:798,99,2,0
BRDA:821,100,0,0
BRDA:821,100,1,0
BRDA:823,101,0,0
BRDA:823,101,1,0
BRDA:824,102,0,0
BRDA:824,102,1,0
BRF:207
BRH:0
end_of_record
TN:
SF:src/services/emailService.js
FN:4,sendAuthCode
FNF:1
FNH:0
FNDA:0,sendAuthCode
DA:1,0
DA:2,0
DA:5,0
DA:6,0
DA:7,0
DA:10,0
DA:15,0
DA:30,0
DA:31,0
DA:32,0
DA:34,0
DA:35,0
DA:39,0
LF:13
LH:0
BRDA:5,0,0,0
BRDA:5,0,1,0
BRDA:5,1,0,0
BRDA:5,1,1,0
BRF:4
BRH:0
end_of_record
TN:
SF:src/services/eventService.js
FN:8,getQuestService
FN:13,(anonymous_1)
FN:47,(anonymous_2)
FN:55,(anonymous_3)
FN:59,(anonymous_4)
FN:82,(anonymous_5)
FN:169,(anonymous_6)
FN:257,(anonymous_7)
FN:281,(anonymous_8)
FN:296,(anonymous_9)
FN:309,(anonymous_10)
FN:324,(anonymous_11)
FN:365,(anonymous_12)
FN:366,(anonymous_13)
FN:369,(anonymous_14)
FN:837,(anonymous_15)
FN:846,(anonymous_16)
FN:847,(anonymous_17)
FN:850,(anonymous_18)
FN:875,(anonymous_19)
FN:894,(anonymous_20)
FN:898,(anonymous_21)
FN:962,(anonymous_22)
FN:976,(anonymous_23)
FN:988,(anonymous_24)
FN:1023,findNodeInEventTree
FN:1060,(anonymous_26)
FNF:27
FNH:0
FNDA:0,getQuestService
FNDA:0,(anonymous_1)
FNDA:0,(anonymous_2)
FNDA:0,(anonymous_3)
FNDA:0,(anonymous_4)
FNDA:0,(anonymous_5)
FNDA:0,(anonymous_6)
FNDA:0,(anonymous_7)
FNDA:0,(anonymous_8)
FNDA:0,(anonymous_9)
FNDA:0,(anonymous_10)
FNDA:0,(anonymous_11)
FNDA:0,(anonymous_12)
FNDA:0,(anonymous_13)
FNDA:0,(anonymous_14)
FNDA:0,(anonymous_15)
FNDA:0,(anonymous_16)
FNDA:0,(anonymous_17)
FNDA:0,(anonymous_18)
FNDA:0,(anonymous_19)
FNDA:0,(anonymous_20)
FNDA:0,(anonymous_21)
FNDA:0,(anonymous_22)
FNDA:0,(anonymous_23)
FNDA:0,(anonymous_24)
FNDA:0,findNodeInEventTree
FNDA:0,(anonymous_26)
DA:1,1
DA:2,1
DA:3,1
DA:4,1
DA:5,1
DA:9,0
DA:14,0
DA:15,0
DA:22,0
DA:23,0
DA:28,0
DA:29,0
DA:30,0
DA:31,0
DA:33,0
DA:34,0
DA:35,0
DA:37,0
DA:41,0
DA:45,0
DA:47,0
DA:55,0
DA:56,0
DA:59,0
DA:60,0
DA:64,0
DA:72,0
DA:73,0
DA:77,0
DA:81,0
DA:82,0
DA:83,0
DA:86,0
DA:88,0
DA:95,0
DA:96,0
DA:101,0
DA:105,0
DA:110,0
DA:112,0
DA:115,0
DA:116,0
DA:125,0
DA:126,0
DA:127,0
DA:134,0
DA:137,0
DA:146,0
DA:150,0
DA:151,0
DA:152,0
DA:156,0
DA:157,0
DA:162,0
DA:164,0
DA:165,0
DA:170,0
DA:171,0
DA:173,0
DA:181,0
DA:182,0
DA:183,0
DA:184,0
DA:188,0
DA:189,0
DA:191,0
DA:192,0
DA:197,0
DA:200,0
DA:201,0
DA:206,0
DA:212,0
DA:220,0
DA:222,0
DA:223,0
DA:224,0
DA:225,0
DA:228,0
DA:235,0
DA:244,0
DA:250,0
DA:252,0
DA:253,0
DA:258,0
DA:259,0
DA:270,0
DA:273,0
DA:280,0
DA:281,0
DA:282,0
DA:283,0
DA:294,0
DA:296,0
DA:297,0
DA:300,0
DA:301,0
DA:302,0
DA:308,0
DA:309,0
DA:310,0
DA:312,0
DA:313,0
DA:317,0
DA:318,0
DA:324,0
DA:325,0
DA:326,0
DA:337,0
DA:338,0
DA:342,0
DA:343,0
DA:348,0
DA:349,0
DA:354,0
DA:361,0
DA:364,0
DA:365,0
DA:368,0
DA:369,0
DA:370,0
DA:372,0
DA:376,0
DA:377,0
DA:379,0
DA:380,0
DA:383,0
DA:384,0
DA:389,0
DA:392,0
DA:400,0
DA:401,0
DA:405,0
DA:406,0
DA:410,0
DA:411,0
DA:412,0
DA:418,0
DA:424,0
DA:427,0
DA:430,0
DA:442,0
DA:443,0
DA:450,0
DA:453,0
DA:458,0
DA:459,0
DA:460,0
DA:462,0
DA:464,0
DA:466,0
DA:467,0
DA:471,0
DA:478,0
DA:481,0
DA:488,0
DA:495,0
DA:505,0
DA:507,0
DA:510,0
DA:522,0
DA:528,0
DA:536,0
DA:537,0
DA:539,0
DA:547,0
DA:548,0
DA:549,0
DA:556,0
DA:562,0
DA:563,0
DA:571,0
DA:574,0
DA:577,0
DA:580,0
DA:583,0
DA:586,0
DA:587,0
DA:589,0
DA:590,0
DA:593,0
DA:594,0
DA:602,0
DA:605,0
DA:607,0
DA:614,0
DA:623,0
DA:628,0
DA:631,0
DA:632,0
DA:640,0
DA:643,0
DA:645,0
DA:652,0
DA:661,0
DA:664,0
DA:671,0
DA:673,0
DA:674,0
DA:679,0
DA:685,0
DA:686,0
DA:687,0
DA:692,0
DA:693,0
DA:701,0
DA:707,0
DA:715,0
DA:717,0
DA:721,0
DA:722,0
DA:723,0
DA:724,0
DA:727,0
DA:735,0
DA:736,0
DA:740,0
DA:741,0
DA:748,0
DA:750,0
DA:751,0
DA:752,0
DA:759,0
DA:768,0
DA:769,0
DA:770,0
DA:773,0
DA:774,0
DA:775,0
DA:776,0
DA:777,0
DA:782,0
DA:783,0
DA:788,0
DA:789,0
DA:790,0
DA:796,0
DA:805,0
DA:807,0
DA:816,0
DA:817,0
DA:821,0
DA:824,0
DA:832,0
DA:833,0
DA:838,0
DA:840,0
DA:842,0
DA:845,0
DA:846,0
DA:849,0
DA:850,0
DA:851,0
DA:853,0
DA:857,0
DA:858,0
DA:860,0
DA:861,0
DA:864,0
DA:865,0
DA:870,0
DA:873,0
DA:874,0
DA:875,0
DA:876,0
DA:880,0
DA:887,0
DA:895,0
DA:899,0
DA:901,0
DA:902,0
DA:904,0
DA:905,0
DA:906,0
DA:911,0
DA:913,0
DA:914,0
DA:916,0
DA:917,0
DA:921,0
DA:922,0
DA:925,0
DA:933,0
DA:935,0
DA:942,0
DA:944,0
DA:945,0
DA:950,0
DA:953,0
DA:961,0
DA:962,0
DA:963,0
DA:973,0
DA:975,0
DA:976,0
DA:979,0
DA:980,0
DA:981,0
DA:987,0
DA:988,0
DA:989,0
DA:990,0
DA:991,0
DA:995,0
DA:996,0
DA:1004,0
DA:1010,0
DA:1012,0
DA:1017,0
DA:1024,0
DA:1025,0
DA:1030,0
DA:1035,0
DA:1041,0
DA:1042,0
DA:1045,0
DA:1048,0
DA:1051,0
DA:1055,0
DA:1059,0
DA:1060,0
DA:1061,0
DA:1062,0
DA:1063,0
DA:1069,0
DA:1071,0
DA:1072,0
DA:1082,0
DA:1087,0
DA:1090,1
DA:1091,1
LF:330
LH:7
BRDA:28,0,0,0
BRDA:28,0,1,0
BRDA:33,1,0,0
BRDA:33,1,1,0
BRDA:56,2,0,0
BRDA:56,2,1,0
BRDA:60,3,0,0
BRDA:60,3,1,0
BRDA:72,4,0,0
BRDA:72,4,1,0
BRDA:81,5,0,0
BRDA:81,5,1,0
BRDA:95,6,0,0
BRDA:95,6,1,0
BRDA:110,7,0,0
BRDA:110,7,1,0
BRDA:110,8,0,0
BRDA:110,8,1,0
BRDA:115,9,0,0
BRDA:115,9,1,0
BRDA:126,10,0,0
BRDA:126,10,1,0
BRDA:150,11,0,0
BRDA:150,11,1,0
BRDA:182,12,0,0
BRDA:182,12,1,0
BRDA:188,13,0,0
BRDA:188,13,1,0
BRDA:191,14,0,0
BRDA:191,14,1,0
BRDA:191,15,0,0
BRDA:191,15,1,0
BRDA:200,16,0,0
BRDA:200,16,1,0
BRDA:200,17,0,0
BRDA:200,17,1,0
BRDA:200,17,2,0
BRDA:220,18,0,0
BRDA:220,18,1,0
BRDA:223,19,0,0
BRDA:223,19,1,0
BRDA:244,20,0,0
BRDA:244,20,1,0
BRDA:275,21,0,0
BRDA:275,21,1,0
BRDA:280,22,0,0
BRDA:280,22,1,0
BRDA:280,23,0,0
BRDA:280,23,1,0
BRDA:282,24,0,0
BRDA:282,24,1,0
BRDA:294,25,0,0
BRDA:294,25,1,0
BRDA:294,26,0,0
BRDA:294,26,1,0
BRDA:294,26,2,0
BRDA:297,27,0,0
BRDA:297,27,1,0
BRDA:297,27,2,0
BRDA:300,28,0,0
BRDA:300,28,1,0
BRDA:310,29,0,0
BRDA:310,29,1,0
BRDA:310,30,0,0
BRDA:310,30,1,0
BRDA:310,30,2,0
BRDA:317,31,0,0
BRDA:317,31,1,0
BRDA:325,32,0,0
BRDA:325,32,1,0
BRDA:337,33,0,0
BRDA:337,33,1,0
BRDA:337,34,0,0
BRDA:337,34,1,0
BRDA:348,35,0,0
BRDA:348,35,1,0
BRDA:348,36,0,0
BRDA:348,36,1,0
BRDA:368,37,0,0
BRDA:368,37,1,0
BRDA:372,38,0,0
BRDA:372,38,1,0
BRDA:376,39,0,0
BRDA:376,39,1,0
BRDA:379,40,0,0
BRDA:379,40,1,0
BRDA:379,41,0,0
BRDA:379,41,1,0
BRDA:383,42,0,0
BRDA:383,42,1,0
BRDA:383,43,0,0
BRDA:383,43,1,0
BRDA:383,43,2,0
BRDA:400,44,0,0
BRDA:400,44,1,0
BRDA:411,45,0,0
BRDA:411,45,1,0
BRDA:411,46,0,0
BRDA:411,46,1,0
BRDA:411,46,2,0
BRDA:436,47,0,0
BRDA:436,47,1,0
BRDA:442,48,0,0
BRDA:442,48,1,0
BRDA:466,49,0,0
BRDA:466,49,1,0
BRDA:548,50,0,0
BRDA:548,50,1,0
BRDA:562,51,0,0
BRDA:562,51,1,0
BRDA:562,52,0,0
BRDA:562,52,1,0
BRDA:589,53,0,0
BRDA:589,53,1,0
BRDA:593,54,0,0
BRDA:593,54,1,0
BRDA:631,55,0,0
BRDA:631,55,1,0
BRDA:671,56,0,0
BRDA:671,56,1,0
BRDA:673,57,0,0
BRDA:673,57,1,0
BRDA:685,58,0,0
BRDA:685,58,1,0
BRDA:692,59,0,0
BRDA:692,59,1,0
BRDA:721,60,0,0
BRDA:721,60,1,0
BRDA:722,61,0,0
BRDA:722,61,1,0
BRDA:735,62,0,0
BRDA:735,62,1,0
BRDA:748,63,0,0
BRDA:748,63,1,0
BRDA:764,64,0,0
BRDA:764,64,1,0
BRDA:768,65,0,0
BRDA:768,65,1,0
BRDA:768,66,0,0
BRDA:768,66,1,0
BRDA:774,67,0,0
BRDA:774,67,1,0
BRDA:782,68,0,0
BRDA:782,68,1,0
BRDA:782,69,0,0
BRDA:782,69,1,0
BRDA:789,70,0,0
BRDA:789,70,1,0
BRDA:789,71,0,0
BRDA:789,71,1,0
BRDA:789,71,2,0
BRDA:816,72,0,0
BRDA:816,72,1,0
BRDA:840,73,0,0
BRDA:840,73,1,0
BRDA:840,74,0,0
BRDA:840,74,1,0
BRDA:849,75,0,0
BRDA:849,75,1,0
BRDA:853,76,0,0
BRDA:853,76,1,0
BRDA:857,77,0,0
BRDA:857,77,1,0
BRDA:860,78,0,0
BRDA:860,78,1,0
BRDA:860,79,0,0
BRDA:860,79,1,0
BRDA:864,80,0,0
BRDA:864,80,1,0
BRDA:864,81,0,0
BRDA:864,81,1,0
BRDA:864,81,2,0
BRDA:873,82,0,0
BRDA:873,82,1,0
BRDA:904,83,0,0
BRDA:904,83,1,0
BRDA:916,84,0,0
BRDA:916,84,1,0
BRDA:938,85,0,0
BRDA:938,85,1,0
BRDA:944,86,0,0
BRDA:944,86,1,0
BRDA:956,87,0,0
BRDA:956,87,1,0
BRDA:961,88,0,0
BRDA:961,88,1,0
BRDA:961,89,0,0
BRDA:961,89,1,0
BRDA:973,90,0,0
BRDA:973,90,1,0
BRDA:973,91,0,0
BRDA:973,91,1,0
BRDA:973,91,2,0
BRDA:976,92,0,0
BRDA:976,92,1,0
BRDA:976,92,2,0
BRDA:979,93,0,0
BRDA:979,93,1,0
BRDA:989,94,0,0
BRDA:989,94,1,0
BRDA:989,95,0,0
BRDA:989,95,1,0
BRDA:989,95,2,0
BRDA:995,96,0,0
BRDA:995,96,1,0
BRDA:1024,97,0,0
BRDA:1024,97,1,0
BRDA:1048,98,0,0
BRDA:1048,98,1,0
BRDA:1048,99,0,0
BRDA:1048,99,1,0
BRDA:1048,99,2,0
BRDA:1048,99,3,0
BRDA:1048,99,4,0
BRDA:1059,100,0,0
BRDA:1059,100,1,0
BRDA:1059,101,0,0
BRDA:1059,101,1,0
BRDA:1061,102,0,0
BRDA:1061,102,1,0
BRDA:1069,103,0,0
BRDA:1069,103,1,0
BRF:222
BRH:0
end_of_record
TN:
SF:src/services/messageService.js
FN:5,(anonymous_0)
FN:24,(anonymous_1)
FN:35,(anonymous_2)
FN:39,(anonymous_3)
FN:43,(anonymous_4)
FN:47,(anonymous_5)
FN:51,(anonymous_6)
FN:55,(anonymous_7)
FN:59,(anonymous_8)
FN:63,(anonymous_9)
FNF:10
FNH:0
FNDA:0,(anonymous_0)
FNDA:0,(anonymous_1)
FNDA:0,(anonymous_2)
FNDA:0,(anonymous_3)
FNDA:0,(anonymous_4)
FNDA:0,(anonymous_5)
FNDA:0,(anonymous_6)
FNDA:0,(anonymous_7)
FNDA:0,(anonymous_8)
FNDA:0,(anonymous_9)
DA:1,1
DA:2,1
DA:6,0
DA:7,0
DA:8,0
DA:9,0
DA:10,0
DA:13,0
DA:17,0
DA:19,0
DA:20,0
DA:25,0
DA:29,0
DA:30,0
DA:32,0
DA:36,0
DA:40,0
DA:44,0
DA:48,0
DA:52,0
DA:56,0
DA:60,0
DA:64,0
DA:68,1
DA:69,1
LF:25
LH:4
BRDA:5,0,0,0
BRDA:8,1,0,0
BRDA:8,1,1,0
BRDA:8,2,0,0
BRDA:8,2,1,0
BRDA:24,3,0,0
BRDA:29,4,0,0
BRDA:29,4,1,0
BRF:8
BRH:0
end_of_record
TN:
SF:src/services/mobService.js
FN:5,loadMobFromEvent
FN:20,(anonymous_1)
FN:60,spawnMobForUser
FN:75,(anonymous_3)
FN:99,(anonymous_4)
FN:122,clearUserMob
FNF:6
FNH:0
FNDA:0,loadMobFromEvent
FNDA:0,(anonymous_1)
FNDA:0,spawnMobForUser
FNDA:0,(anonymous_3)
FNDA:0,(anonymous_4)
FNDA:0,clearUserMob
DA:1,1
DA:2,1
DA:3,1
DA:6,0
DA:8,0
DA:14,0
DA:15,0
DA:16,0
DA:20,0
DA:25,0
DA:27,0
DA:49,0
DA:57,0
DA:61,0
DA:63,0
DA:64,0
DA:65,0
DA:69,0
DA:70,0
DA:71,0
DA:75,0
DA:77,0
DA:79,0
DA:80,0
DA:83,0
DA:84,0
DA:85,0
DA:86,0
DA:87,0
DA:89,0
DA:90,0
DA:91,0
DA:94,0
DA:99,0
DA:100,0
DA:101,0
DA:102,0
DA:105,0
DA:106,0
DA:107,0
DA:110,0
DA:111,0
DA:113,0
DA:114,0
DA:115,0
DA:118,0
DA:123,0
DA:126,1
LF:48
LH:4
BRDA:14,0,0,0
BRDA:14,0,1,0
BRDA:63,1,0,0
BRDA:63,1,1,0
BRDA:63,2,0,0
BRDA:63,2,1,0
BRDA:69,3,0,0
BRDA:69,3,1,0
BRDA:77,4,0,0
BRDA:77,4,1,0
BRDA:85,5,0,0
BRDA:85,5,1,0
BRDA:89,6,0,0
BRDA:89,6,1,0
BRDA:105,7,0,0
BRDA:105,7,1,0
BRDA:113,8,0,0
BRDA:113,8,1,0
BRF:18
BRH:0
end_of_record
TN:
SF:src/services/nodeService.js
FN:13,getNodeByDirection
FN:24,(anonymous_1)
FN:47,(anonymous_2)
FN:50,(anonymous_3)
FN:75,(anonymous_4)
FN:115,getNodeWithOverrides
FN:132,(anonymous_6)
FN:162,(anonymous_7)
FN:178,(anonymous_8)
FN:184,isRestPoint
FN:193,getNodeByAddress
FN:207,getNodeEvent
FNF:12
FNH:0
FNDA:0,getNodeByDirection
FNDA:0,(anonymous_1)
FNDA:0,(anonymous_2)
FNDA:0,(anonymous_3)
FNDA:0,(anonymous_4)
FNDA:0,getNodeWithOverrides
FNDA:0,(anonymous_6)
FNDA:0,(anonymous_7)
FNDA:0,(anonymous_8)
FNDA:0,isRestPoint
FNDA:0,getNodeByAddress
FNDA:0,getNodeEvent
DA:1,1
DA:2,1
DA:3,1
DA:4,1
DA:5,1
DA:6,1
DA:7,1
DA:8,1
DA:9,1
DA:10,1
DA:14,0
DA:15,0
DA:16,0
DA:19,0
DA:20,0
DA:21,0
DA:24,0
DA:25,0
DA:26,0
DA:30,0
DA:31,0
DA:45,0
DA:46,0
DA:47,0
DA:49,0
DA:50,0
DA:52,0
DA:62,0
DA:63,0
DA:68,0
DA:73,0
DA:74,0
DA:75,0
DA:77,0
DA:85,0
DA:86,0
DA:91,0
DA:95,0
DA:106,0
DA:107,0
DA:108,0
DA:111,0
DA:116,0
DA:117,0
DA:118,0
DA:122,0
DA:125,0
DA:127,0
DA:132,0
DA:140,0
DA:143,0
DA:144,0
DA:152,0
DA:156,0
DA:157,0
DA:162,0
DA:170,0
DA:173,0
DA:178,0
DA:181,0
DA:185,0
DA:186,0
DA:187,0
DA:189,0
DA:194,0
DA:195,0
DA:196,0
DA:197,0
DA:198,0
DA:200,0
DA:202,0
DA:203,0
DA:208,0
DA:215,0
DA:216,0
DA:217,0
DA:220,0
DA:231,0
DA:232,0
DA:238,0
DA:241,0
DA:243,0
DA:252,0
DA:255,0
DA:260,0
DA:261,0
DA:265,0
DA:266,0
DA:268,0
DA:276,0
DA:277,0
DA:278,0
DA:279,0
DA:281,0
DA:289,0
DA:290,0
DA:297,0
DA:298,0
DA:304,0
DA:305,0
DA:306,0
DA:313,0
DA:315,0
DA:316,0
DA:318,0
DA:319,0
DA:321,0
DA:322,0
DA:331,0
DA:332,0
DA:333,0
DA:339,0
DA:342,0
DA:344,0
DA:345,0
DA:350,0
DA:355,0
DA:363,0
DA:370,0
DA:373,0
DA:374,0
DA:376,0
DA:377,0
DA:386,0
DA:390,0
DA:392,0
DA:398,0
DA:401,1
LF:128
LH:11
BRDA:15,0,0,0
BRDA:15,0,1,0
BRDA:15,1,0,0
BRDA:15,1,1,0
BRDA:20,2,0,0
BRDA:20,2,1,0
BRDA:25,3,0,0
BRDA:25,3,1,0
BRDA:30,4,0,0
BRDA:30,4,1,0
BRDA:30,5,0,0
BRDA:30,5,1,0
BRDA:30,5,2,0
BRDA:39,6,0,0
BRDA:39,6,1,0
BRDA:40,7,0,0
BRDA:40,7,1,0
BRDA:45,8,0,0
BRDA:45,8,1,0
BRDA:46,9,0,0
BRDA:46,9,1,0
BRDA:49,10,0,0
BRDA:49,10,1,0
BRDA:62,11,0,0
BRDA:62,11,1,0
BRDA:62,12,0,0
BRDA:62,12,1,0
BRDA:73,13,0,0
BRDA:73,13,1,0
BRDA:74,14,0,0
BRDA:74,14,1,0
BRDA:85,15,0,0
BRDA:85,15,1,0
BRDA:107,16,0,0
BRDA:107,16,1,0
BRDA:117,17,0,0
BRDA:117,17,1,0
BRDA:130,18,0,0
BRDA:130,18,1,0
BRDA:131,19,0,0
BRDA:131,19,1,0
BRDA:143,20,0,0
BRDA:143,20,1,0
BRDA:143,21,0,0
BRDA:143,21,1,0
BRDA:147,22,0,0
BRDA:147,22,1,0
BRDA:156,23,0,0
BRDA:156,23,1,0
BRDA:156,24,0,0
BRDA:156,24,1,0
BRDA:160,25,0,0
BRDA:160,25,1,0
BRDA:177,26,0,0
BRDA:177,26,1,0
BRDA:178,27,0,0
BRDA:178,27,1,0
BRDA:186,28,0,0
BRDA:186,28,1,0
BRDA:196,29,0,0
BRDA:196,29,1,0
BRDA:216,30,0,0
BRDA:216,30,1,0
BRDA:224,31,0,0
BRDA:224,31,1,0
BRDA:226,32,0,0
BRDA:226,32,1,0
BRDA:231,33,0,0
BRDA:231,33,1,0
BRDA:247,34,0,0
BRDA:247,34,1,0
BRDA:248,35,0,0
BRDA:248,35,1,0
BRDA:255,36,0,0
BRDA:255,36,1,0
BRDA:255,37,0,0
BRDA:255,37,1,0
BRDA:257,38,0,0
BRDA:257,38,1,0
BRDA:260,39,0,0
BRDA:260,39,1,0
BRDA:278,40,0,0
BRDA:278,40,1,0
BRDA:279,41,0,0
BRDA:279,41,1,0
BRDA:297,42,0,0
BRDA:297,42,1,0
BRDA:313,43,0,0
BRDA:313,43,1,0
BRDA:316,44,0,0
BRDA:316,44,1,0
BRDA:319,45,0,0
BRDA:319,45,1,0
BRDA:321,46,0,0
BRDA:321,46,1,0
BRDA:332,47,0,0
BRDA:332,47,1,0
BRDA:342,48,0,0
BRDA:342,48,1,0
BRDA:374,49,0,0
BRDA:374,49,1,0
BRF:101
BRH:0
end_of_record
